Copyright 1986-2021 Xilinx, Inc. All Rights Reserved.
------------------------------------------------------------------------------------
| Tool Version : Vivado v.2021.2 (lin64) Build 3367213 Tue Oct 19 02:47:39 MDT 2021
| Date         : Wed Apr  6 17:03:20 2022
| Host         : xsjcdickins40x running 64-bit CentOS Linux release 7.4.1708 (Core)
| Command      : upgrade_ip
| Device       : xc7z020clg484-1
------------------------------------------------------------------------------------

Upgrade Log for IP 'design_2_axis_stream_txfifo_0_2'

1. Summary
----------

CAUTION (success, with warnings) in the upgrade of design_2_axis_stream_txfifo_0_2 (user.org:user:axis_stream_txfifo:2.0) from (Rev. 9) to (Rev. 10)

After upgrade, an IP may have parameter and port differences compared to the original customization. Please review the parameters within the IP customization GUI to ensure proper functionality. Also, please review the updated IP instantiation template to ensure proper connectivity, and update your design if required.

2. Connection Warnings
----------------------

Detected external port differences while upgrading 'design_2_axis_stream_txfifo_0_2'. These changes may impact your design.


-Upgrade has added port 'txfifo_full'







Copyright 1986-2021 Xilinx, Inc. All Rights Reserved.
------------------------------------------------------------------------------------
| Tool Version : Vivado v.2021.2 (lin64) Build 3367213 Tue Oct 19 02:47:39 MDT 2021
| Date         : Wed Apr  6 17:03:20 2022
| Host         : xsjcdickins40x running 64-bit CentOS Linux release 7.4.1708 (Core)
| Command      : upgrade_ip
| Device       : xc7z020clg484-1
------------------------------------------------------------------------------------

Upgrade Log for IP 'design_2_SPI_ip_0_0'

1. Summary
----------

SUCCESS in the upgrade of design_2_SPI_ip_0_0 (xilinx.com:user:axi4_pl_SPI_ip:1.0) from (Rev. 14) to (Rev. 15)






Copyright 1986-2021 Xilinx, Inc. All Rights Reserved.
------------------------------------------------------------------------------------
| Tool Version : Vivado v.2021.2 (lin64) Build 3367213 Tue Oct 19 02:47:39 MDT 2021
| Date         : Wed Apr  6 17:03:20 2022
| Host         : xsjcdickins40x running 64-bit CentOS Linux release 7.4.1708 (Core)
| Command      : upgrade_ip
| Device       : xc7z020clg484-1
------------------------------------------------------------------------------------

Upgrade Log for IP 'design_2_RxFIFO_0'

1. Summary
----------

CAUTION (success, with warnings) in the upgrade of design_2_RxFIFO_0 (xilinx.com:user:axis_stream_fifo:1.0) from (Rev. 52) to (Rev. 54)

After upgrade, an IP may have parameter and port differences compared to the original customization. Please review the parameters within the IP customization GUI to ensure proper functionality. Also, please review the updated IP instantiation template to ensure proper connectivity, and update your design if required.

2. Connection Warnings
----------------------

Detected external port differences while upgrading 'design_2_RxFIFO_0'. These changes may impact your design.


-Upgrade has added port 'rxfifo_full'







Copyright 1986-2021 Xilinx, Inc. All Rights Reserved.
------------------------------------------------------------------------------------
| Tool Version : Vivado v.2021.2 (lin64) Build 3367213 Tue Oct 19 02:47:39 MDT 2021
| Date         : Wed Apr  6 17:03:20 2022
| Host         : xsjcdickins40x running 64-bit CentOS Linux release 7.4.1708 (Core)
| Command      : upgrade_ip
| Device       : xc7z020clg484-1
------------------------------------------------------------------------------------

Upgrade Log for IP 'design_2_BiDirChannels_0_0'

1. Summary
----------

SUCCESS in the upgrade of design_2_BiDirChannels_0_0 (xilinx.com:user:BiDirChannels:1.0) from (Rev. 122) to (Rev. 123)






Copyright 1986-2021 Xilinx, Inc. All Rights Reserved.
------------------------------------------------------------------------------------
| Tool Version : Vivado v.2021.2 (lin64) Build 3367213 Tue Oct 19 02:47:39 MDT 2021
| Date         : Wed Apr  6 16:42:43 2022
| Host         : xsjcdickins40x running 64-bit CentOS Linux release 7.4.1708 (Core)
| Command      : upgrade_ip
| Device       : xc7z020clg484-1
------------------------------------------------------------------------------------

Upgrade Log for IP 'design_2_smartconnect_0_0'

1. Summary
----------

SUCCESS in the conversion of design_2_smartconnect_0_0 (xilinx.com:ip:smartconnect:1.0 (Rev. 17)) to Vivado generation flows.

After upgrade, an IP may have parameter and port differences compared to the original customization. Please review the parameters within the IP customization GUI to ensure proper functionality. Also, please review the updated IP instantiation template to ensure proper connectivity, and update your design if required.

2. Connection and Interface Information
---------------------------------------

Connection and Interface information can not be compared for deferred elaboration IPs.
design_2_smartconnect_0_0 may have connection or interface changes.







Copyright 1986-2021 Xilinx, Inc. All Rights Reserved.
------------------------------------------------------------------------------------
| Tool Version : Vivado v.2021.2 (lin64) Build 3367213 Tue Oct 19 02:47:39 MDT 2021
| Date         : Wed Apr  6 16:42:43 2022
| Host         : xsjcdickins40x running 64-bit CentOS Linux release 7.4.1708 (Core)
| Command      : upgrade_ip
| Device       : xc7z020clg484-1
------------------------------------------------------------------------------------

Upgrade Log for IP 'design_2_processing_system7_0_0'

1. Summary
----------

SUCCESS in the conversion of design_2_processing_system7_0_0 (xilinx.com:ip:processing_system7:5.5 (Rev. 6)) to Vivado generation flows.

2. Upgrade messages
-------------------

WARNING: upgrade cannot add parameter PCW_TRACE_INTERNAL_WIDTH with default value 32 : a parameter called PCW_TRACE_INTERNAL_WIDTH already exists in processing_system7_v5_5
WARNING: upgrade cannot add parameter PCW_USE_AXI_NONSECURE with default value 0 : a parameter called PCW_USE_AXI_NONSECURE already exists in processing_system7_v5_5
WARNING: upgrade cannot add parameter PCW_EN_PTP_ENET0 with default value 1 : a parameter called PCW_EN_PTP_ENET0 already exists in processing_system7_v5_5
WARNING: upgrade cannot add parameter PCW_EN_PTP_ENET0 with default value 1 : a parameter called PCW_EN_PTP_ENET0 already exists in processing_system7_v5_5
WARNING: upgrade cannot add parameter PCW_GP0_NUM_WRITE_THREADS with default value 4 : a parameter called PCW_GP0_NUM_WRITE_THREADS already exists in processing_system7_v5_5
WARNING: upgrade cannot add parameter PCW_GP0_NUM_READ_THREADS with default value 4 : a parameter called PCW_GP0_NUM_READ_THREADS already exists in processing_system7_v5_5
WARNING: upgrade cannot add parameter PCW_GP1_NUM_WRITE_THREADS with default value 4 : a parameter called PCW_GP1_NUM_WRITE_THREADS already exists in processing_system7_v5_5
WARNING: upgrade cannot add parameter PCW_GP1_NUM_READ_THREADS with default value 4 : a parameter called PCW_GP1_NUM_READ_THREADS already exists in processing_system7_v5_5
WARNING: upgrade cannot add parameter PCW_GP0_EN_MODIFIABLE_TXN with default value 0 : a parameter called PCW_GP0_EN_MODIFIABLE_TXN already exists in processing_system7_v5_5
WARNING: upgrade cannot add parameter PCW_GP1_EN_MODIFIABLE_TXN with default value 0 : a parameter called PCW_GP1_EN_MODIFIABLE_TXN already exists in processing_system7_v5_5






Copyright 1986-2021 Xilinx, Inc. All Rights Reserved.
------------------------------------------------------------------------------------
| Tool Version : Vivado v.2021.2 (lin64) Build 3367213 Tue Oct 19 02:47:39 MDT 2021
| Date         : Wed Apr  6 16:42:42 2022
| Host         : xsjcdickins40x running 64-bit CentOS Linux release 7.4.1708 (Core)
| Command      : upgrade_ip
| Device       : xc7z020clg484-1
------------------------------------------------------------------------------------

Upgrade Log for IP 'design_2_proc_sys_reset_0_2'

1. Summary
----------

SUCCESS in the conversion of design_2_proc_sys_reset_0_2 (xilinx.com:ip:proc_sys_reset:5.0 (Rev. 13)) to Vivado generation flows.






Copyright 1986-2021 Xilinx, Inc. All Rights Reserved.
------------------------------------------------------------------------------------
| Tool Version : Vivado v.2021.2 (lin64) Build 3367213 Tue Oct 19 02:47:39 MDT 2021
| Date         : Wed Apr  6 16:42:42 2022
| Host         : xsjcdickins40x running 64-bit CentOS Linux release 7.4.1708 (Core)
| Command      : upgrade_ip
| Device       : xc7z020clg484-1
------------------------------------------------------------------------------------

Upgrade Log for IP 'design_2_proc_sys_reset_0_1'

1. Summary
----------

SUCCESS in the conversion of design_2_proc_sys_reset_0_1 (xilinx.com:ip:proc_sys_reset:5.0 (Rev. 13)) to Vivado generation flows.

