#-----------------------------------------------------------
# Vivado v2021.2 (64-bit)
# SW Build 3367213 on Tue Oct 19 02:47:39 MDT 2021
# IP Build 3369179 on Thu Oct 21 08:25:16 MDT 2021
# Start of session at: Tue May  3 17:15:29 2022
# Process ID: 54528
# Current directory: /home/cdickins/reuse/gyro2tester-main/vivado/project
# Command line: vivado gyro2_tester.xpr
# Log file: /home/cdickins/reuse/gyro2tester-main/vivado/project/vivado.log
# Journal file: /home/cdickins/reuse/gyro2tester-main/vivado/project/vivado.jou
# Running On: xsjsflrasic40x, OS: Linux, CPU Frequency: 3199.918 MHz, CPU Physical cores: 2, Host memory: 25100 MB
#-----------------------------------------------------------
start_gui
open_project gyro2_tester.xpr
WARNING: [Board 49-26] cannot add Board Part xilinx.com:vck190_es:part0:1.3 available at /proj/xbuilds/SWIP/2021.2_1021_0703/installs/lin64/Vivado/2021.2/data/xhub/boards/XilinxBoardStore/boards/Xilinx/vck190/es/1.3/board.xml as part xcvc1902-vsva2197-2mp-e-s-es1 specified in board_part file is either invalid or not available
WARNING: [Board 49-26] cannot add Board Part xilinx.com:vmk180_es:part0:1.3 available at /proj/xbuilds/SWIP/2021.2_1021_0703/installs/lin64/Vivado/2021.2/data/xhub/boards/XilinxBoardStore/boards/Xilinx/vmk180/es/1.3/board.xml as part xcvm1802-vsva2197-2mp-e-s-es1 specified in board_part file is either invalid or not available
WARNING: [Board 49-26] cannot add Board Part xilinx.com:vpk120_es:part0:1.2 available at /proj/xbuilds/SWIP/2021.2_1021_0703/installs/lin64/Vivado/2021.2/data/xhub/boards/XilinxBoardStore/boards/Xilinx/vpk120/es/1.2/board.xml as part xcvp1202-vsva2785-2mp-e-s-es1 specified in board_part file is either invalid or not available
WARNING: [Board 49-26] cannot add Board Part xilinx.com:zcu208ld:part0:2.0 available at /proj/xbuilds/SWIP/2021.2_1021_0703/installs/lin64/Vivado/2021.2/data/xhub/boards/XilinxBoardStore/boards/Xilinx/zcu208ld/production/2.0/board.xml as part xczu58dr-fsvg1517-2-i specified in board_part file is either invalid or not available
WARNING: [Board 49-26] cannot add Board Part xilinx.com:zcu208ld_es:part0:1.0 available at /proj/xbuilds/SWIP/2021.2_1021_0703/installs/lin64/Vivado/2021.2/data/xhub/boards/XilinxBoardStore/boards/Xilinx/zcu208ld/es/1.0/board.xml as part xczu58dr-fsvg1517-2-i-es1 specified in board_part file is either invalid or not available
WARNING: [Board 49-26] cannot add Board Part xilinx.com:zcu216ld:part0:2.0 available at /proj/xbuilds/SWIP/2021.2_1021_0703/installs/lin64/Vivado/2021.2/data/xhub/boards/XilinxBoardStore/boards/Xilinx/zcu216ld/production/2.0/board.xml as part xczu59dr-ffvf1760-2-i specified in board_part file is either invalid or not available
WARNING: [Board 49-26] cannot add Board Part xilinx.com:zcu216ld_es:part0:1.0 available at /proj/xbuilds/SWIP/2021.2_1021_0703/installs/lin64/Vivado/2021.2/data/xhub/boards/XilinxBoardStore/boards/Xilinx/zcu216ld/es/1.0/board.xml as part xczu59dr-ffvf1760-2-i-es1 specified in board_part file is either invalid or not available
WARNING: [Board 49-26] cannot add Board Part xilinx.com:zcu670:part0:1.0 available at /proj/xbuilds/SWIP/2021.2_1021_0703/installs/lin64/Vivado/2021.2/data/xhub/boards/XilinxBoardStore/boards/Xilinx/zcu670/1.0/board.xml as part xczu67dr-fsve1156-2-i specified in board_part file is either invalid or not available
CRITICAL WARNING: [Project 1-19] Could not find the file '/home/cdickins/reuse/gyro2tester-main/vivado/ip_repo/testbench/ddr3.v'.
CRITICAL WARNING: [Project 1-19] Could not find the file '/home/cdickins/reuse/gyro2tester-main/vivado/ip_repo/testbench/2048Mb_ddr3_parameters.vh'.
CRITICAL WARNING: [Project 1-19] Could not find the file '/home/cdickins/reuse/gyro2tester-main/vivado/C:/Xilinx_projects/gyro2tester/vivado/project/gyro2_tester.srcs/utils_1/imports/synth_1/design_2_wrapper.dcp'.
WARNING: [Project 1-865] Could not find the file /home/cdickins/reuse/gyro2tester-main/vivado/C:/Xilinx_projects/gyro2tester/vivado/project/gyro2_tester.srcs/utils_1/imports/synth_1/design_2_wrapper.dcp
Scanning sources...
Finished scanning sources
INFO: [IP_Flow 19-234] Refreshing IP repositories
INFO: [IP_Flow 19-1700] Loaded user IP repository '/home/cdickins/reuse/gyro2tester-main/vivado/ip_repo'.
INFO: [IP_Flow 19-2313] Loaded Vivado IP repository '/proj/xbuilds/SWIP/2021.2_1021_0703/installs/lin64/Vivado/2021.2/data/ip'.
open_project: Time (s): cpu = 00:00:35 ; elapsed = 00:00:32 . Memory (MB): peak = 8117.844 ; gain = 176.566 ; free physical = 16221 ; free virtual = 22379
open_bd_design {/home/cdickins/reuse/gyro2tester-main/vivado/project/gyro2_tester.srcs/sources_1/bd/design_2/design_2.bd}
Reading block design file </home/cdickins/reuse/gyro2tester-main/vivado/project/gyro2_tester.srcs/sources_1/bd/design_2/design_2.bd>...
Adding component instance block -- xilinx.com:ip:processing_system7:5.5 - processing_system7_0
Adding component instance block -- xilinx.com:ip:blk_mem_gen:8.4 - blk_mem_1_even
Adding component instance block -- xilinx.com:ip:blk_mem_gen:8.4 - blk_mem_2_odd
Adding component instance block -- xilinx.com:ip:blk_mem_gen:8.4 - blk_mem_2_even
Adding component instance block -- xilinx.com:ip:blk_mem_gen:8.4 - blk_mem_0_even
Adding component instance block -- xilinx.com:ip:blk_mem_gen:8.4 - blk_mem_1_odd
Adding component instance block -- xilinx.com:ip:blk_mem_gen:8.4 - blk_mem_0_odd
Adding component instance block -- xilinx.com:user:axis_stream_fifo:1.0 - RxFIFO
Adding component instance block -- xilinx.com:ip:axis_switch:1.1 - axis_switch_0
WARNING: [BD 41-176] The physical port 'S_AXI_CTRL_aximm_wr_socket' specified in the portmap, is not found on the block! 
WARNING: [BD 41-176] The physical port 'S_AXI_CTRL_aximm_rd_socket' specified in the portmap, is not found on the block! 
Adding component instance block -- xilinx.com:ip:axis_switch:1.1 - axis_switch_1
WARNING: [BD 41-176] The physical port 'S_AXI_CTRL_aximm_wr_socket' specified in the portmap, is not found on the block! 
WARNING: [BD 41-176] The physical port 'S_AXI_CTRL_aximm_rd_socket' specified in the portmap, is not found on the block! 
Adding component instance block -- xilinx.com:module_ref:data_processor:1.0 - data_processor_0
Adding component instance block -- xilinx.com:ip:axis_switch:1.1 - axis_switch_2
WARNING: [BD 41-176] The physical port 'S_AXI_CTRL_aximm_wr_socket' specified in the portmap, is not found on the block! 
WARNING: [BD 41-176] The physical port 'S_AXI_CTRL_aximm_rd_socket' specified in the portmap, is not found on the block! 
Adding component instance block -- xilinx.com:ip:axis_switch:1.1 - axis_switch_3
WARNING: [BD 41-176] The physical port 'S_AXI_CTRL_aximm_wr_socket' specified in the portmap, is not found on the block! 
WARNING: [BD 41-176] The physical port 'S_AXI_CTRL_aximm_rd_socket' specified in the portmap, is not found on the block! 
Adding component instance block -- xilinx.com:ip:proc_sys_reset:5.0 - txclk_reset_domain
Adding component instance block -- xilinx.com:ip:proc_sys_reset:5.0 - clk_reset_domain
Adding component instance block -- xilinx.com:user:axi4_pl_SPI_ip:1.0 - SPI_ip_0
Adding component instance block -- xilinx.com:module_ref:iobuf_xil:1.0 - iobuf_xil_0
Adding component instance block -- xilinx.com:ip:smartconnect:1.0 - axi_smc
Adding component instance block -- xilinx.com:ip:axi_dma:7.1 - axi_dma_0
Adding component instance block -- xilinx.com:ip:xlconcat:2.1 - xlconcat_1
Adding component instance block -- xilinx.com:ip:axi_interconnect:2.1 - AXI_Register_Demux
Adding component instance block -- xilinx.com:ip:axi_crossbar:2.1 - xbar
Adding component instance block -- xilinx.com:ip:axi_protocol_converter:2.1 - auto_pc
Adding component instance block -- xilinx.com:ip:blk_mem_gen:8.4 - blk1_mem_tx_odd
Adding component instance block -- xilinx.com:ip:blk_mem_gen:8.4 - blk1_mem_tx_even
Adding component instance block -- xilinx.com:ip:blk_mem_gen:8.4 - blk0_mem_tx_even
Adding component instance block -- xilinx.com:ip:blk_mem_gen:8.4 - blk2_mem_tx_even
Adding component instance block -- xilinx.com:ip:blk_mem_gen:8.4 - blk2_mem_tx_odd
Adding component instance block -- xilinx.com:ip:blk_mem_gen:8.4 - blk0_mem_tx_odd
Adding component instance block -- user.org:user:axis_stream_txfifo:2.0 - TxFIFO
Adding component instance block -- xilinx.com:module_ref:led_driver:1.0 - led_driver_0
Adding component instance block -- xilinx.com:user:BiDirChannels:1.0 - BiDirChannels_0
Successfully read diagram <design_2> from block design file </home/cdickins/reuse/gyro2tester-main/vivado/project/gyro2_tester.srcs/sources_1/bd/design_2/design_2.bd>
open_bd_design: Time (s): cpu = 00:00:28 ; elapsed = 00:00:28 . Memory (MB): peak = 8142.512 ; gain = 6.664 ; free physical = 15875 ; free virtual = 22090
