18:31:07 INFO  : Launching XSCT server: xsct.bat -n  -interactive C:\Xilinx_projects\gyro2tester\vitis\temp_xsdb_launch_script.tcl
18:31:10 INFO  : XSCT server has started successfully.
18:31:10 INFO  : plnx-install-location is set to ''
18:31:10 INFO  : Successfully done setting XSCT server connection channel  
18:31:11 INFO  : Successfully done setting workspace for the tool. 
18:31:11 INFO  : Platform repository initialization has completed.
18:31:11 INFO  : Successfully done query RDI_DATADIR 
18:31:11 INFO  : Registering command handlers for Vitis TCF services
18:33:21 INFO  : Hardware specification for platform project 'gyro2PfmPrj' is updated.
18:33:40 INFO  : Result from executing command 'getProjects': gyro2PfmPrj
18:33:40 INFO  : Result from executing command 'getPlatforms': gyro2PfmPrj|C:/Xilinx_projects/gyro2tester/vitis/gyro2PfmPrj/export/gyro2PfmPrj/gyro2PfmPrj.xpfm
18:35:51 INFO  : The hardware specification used by project 'gyro2appPrj' is out of sync with the platform. Resource files extracted from the hardware specification will be updated.
18:35:51 INFO  : The file 'C:\Xilinx_projects\gyro2tester\vitis\gyro2appPrj\_ide\bitstream\design_2_wrapper.bit' stored in project is removed.
18:35:51 INFO  : The updated bitstream files are copied from platform to folder 'C:\Xilinx_projects\gyro2tester\vitis\gyro2appPrj\_ide\bitstream' in project 'gyro2appPrj'.
18:35:51 INFO  : The file 'C:\Xilinx_projects\gyro2tester\vitis\gyro2appPrj\_ide\psinit\ps7_init.tcl' stored in project is removed.
18:35:58 INFO  : The updated ps init files are copied from platform to folder 'C:\Xilinx_projects\gyro2tester\vitis\gyro2appPrj\_ide\psinit' in project 'gyro2appPrj'.
18:36:00 INFO  : Connected to target on host '127.0.0.1' and port '3121'.
18:36:00 INFO  : Jtag cable 'Digilent Zed 210248AA59A3' is selected.
18:36:00 INFO  : 'jtag frequency' command is executed.
18:36:00 INFO  : Context for 'APU' is selected.
18:36:00 INFO  : System reset is completed.
18:36:03 INFO  : 'after 3000' command is executed.
18:36:04 INFO  : 'targets -set -filter {jtag_cable_name =~ "Digilent Zed 210248AA59A3" && level==0 && jtag_device_ctx=="jsn-Zed-210248AA59A3-23727093-0"}' command is executed.
18:36:06 INFO  : Device configured successfully with "C:/Xilinx_projects/gyro2tester/vitis/gyro2appPrj/_ide/bitstream/design_2_wrapper.bit"
18:36:06 INFO  : Context for 'APU' is selected.
18:36:07 INFO  : Hardware design and registers information is loaded from 'C:/Xilinx_projects/gyro2tester/vitis/gyro2PfmPrj/export/gyro2PfmPrj/hw/design_2_wrapper.xsa'.
18:36:07 INFO  : 'configparams force-mem-access 1' command is executed.
18:36:07 INFO  : Context for 'APU' is selected.
18:36:07 INFO  : Sourcing of 'C:/Xilinx_projects/gyro2tester/vitis/gyro2appPrj/_ide/psinit/ps7_init.tcl' is done.
18:36:08 INFO  : 'ps7_init' command is executed.
18:36:09 INFO  : 'ps7_post_config' command is executed.
18:36:09 INFO  : Context for processor 'ps7_cortexa9_0' is selected.
18:36:10 INFO  : The application 'C:/Xilinx_projects/gyro2tester/vitis/gyro2appPrj/Debug/gyro2appPrj.elf' is downloaded to processor 'ps7_cortexa9_0'.
18:36:10 INFO  : 'configparams force-mem-access 0' command is executed.
18:36:10 INFO  : ----------------XSDB Script----------------
connect -url tcp:127.0.0.1:3121
targets -set -nocase -filter {name =~"APU*"}
rst -system
after 3000
targets -set -filter {jtag_cable_name =~ "Digilent Zed 210248AA59A3" && level==0 && jtag_device_ctx=="jsn-Zed-210248AA59A3-23727093-0"}
fpga -file C:/Xilinx_projects/gyro2tester/vitis/gyro2appPrj/_ide/bitstream/design_2_wrapper.bit
targets -set -nocase -filter {name =~"APU*"}
loadhw -hw C:/Xilinx_projects/gyro2tester/vitis/gyro2PfmPrj/export/gyro2PfmPrj/hw/design_2_wrapper.xsa -mem-ranges [list {0x40000000 0xbfffffff}] -regs
configparams force-mem-access 1
targets -set -nocase -filter {name =~"APU*"}
source C:/Xilinx_projects/gyro2tester/vitis/gyro2appPrj/_ide/psinit/ps7_init.tcl
ps7_init
ps7_post_config
targets -set -nocase -filter {name =~ "*A9*#0"}
dow C:/Xilinx_projects/gyro2tester/vitis/gyro2appPrj/Debug/gyro2appPrj.elf
configparams force-mem-access 0
----------------End of Script----------------

18:36:11 INFO  : Context for processor 'ps7_cortexa9_0' is selected.
18:36:11 INFO  : 'con' command is executed.
18:36:11 INFO  : ----------------XSDB Script (After Launch)----------------
targets -set -nocase -filter {name =~ "*A9*#0"}
con
----------------End of Script----------------

18:36:11 INFO  : Launch script is exported to file 'C:\Xilinx_projects\gyro2tester\vitis\gyro2appPrj_system\_ide\scripts\debugger_gyro2appprj-default.tcl'
20:04:53 INFO  : Disconnected from the channel tcfchan#2.
