
---

TOOL:	ncvlog(64)	15.22-s018: Started on Apr 26, 2022 at 14:31:39 PDT
ncvlog
    -64BIT
    -SV
    -NOCOPYRIGHT
    -MESSAGES
    -STATUS
    -NOWARN MRSTA
    -NOWARN DLNCML
    +define+NO_ASSERT
    -LOGFILE nc_tb_comp.log
    -APPEND_LOG
    -f /home/cdickins/reuse/gyro2tester-main/funcsim/gyro_top_tb.fl
        +incdir+/home/cdickins/reuse/gyro2tester-main/funcsim/rtl/gyro_top
        +incdir+/home/cdickins/reuse/gyro2tester-main/funcsim
        /home/cdickins/reuse/gyro2tester-main/funcsim/rtl/include/amba_interfaces.sv
        /home/cdickins/reuse/gyro2tester-main/vivado/ip_repo/axis_stream_fifo_1.0/hdl/axis_stream_fifo_v1_0_M00_AXIS.sv
        /home/cdickins/reuse/gyro2tester-main/vivado/ip_repo/axis_stream_fifo_1.0/hdl/axis_stream_fifo_v1_0_S00_AXI.sv
        /home/cdickins/reuse/gyro2tester-main/vivado/ip_repo/axis_stream_fifo_1.0/hdl/axis_stream_fifo_v1_0.sv
        /home/cdickins/reuse/gyro2tester-main/vivado/ip_repo/axis_stream_txfifo_2.0/hdl/axis_stream_txfifo_v2_0_S00_AXIS.sv
        /home/cdickins/reuse/gyro2tester-main/vivado/ip_repo/axis_stream_txfifo_2.0/hdl/axis_stream_txfifo_v2_0_S00_AXI.sv
        /home/cdickins/reuse/gyro2tester-main/vivado/ip_repo/axis_stream_txfifo_2.0/hdl/axis_stream_txfifo_v2_0.sv
        /home/cdickins/reuse/gyro2tester-main/vivado/ip_repo/BiDirChannels_1.0/hdl/BiDirChannels_v1_0_M00_AXIS.sv
        /home/cdickins/reuse/gyro2tester-main/vivado/ip_repo/BiDirChannels_1.0/hdl/BiDirChannels_v1_0_S00_AXIS.sv
        /home/cdickins/reuse/gyro2tester-main/vivado/ip_repo/BiDirChannels_1.0/hdl/BiDirChannels_v1_0_S00_AXI.sv
        /home/cdickins/reuse/gyro2tester-main/vivado/ip_repo/BiDirChannels_1.0/hdl/GyroInputOutputSerializer.sv
        /home/cdickins/reuse/gyro2tester-main/vivado/ip_repo/BiDirChannels_1.0/hdl/BiDirChannels_v1_0.sv
        /home/cdickins/reuse/gyro2tester-main/vivado/ip_repo/SPI_ip_1.0/hdl/SPI_ip_v1_0_S00_AXI.v
        /home/cdickins/reuse/gyro2tester-main/vivado/ip_repo/SPI_ip_1.0/hdl/SPI_ip_v1_0.v
        /home/cdickins/reuse/gyro2tester-main/vivado/ip_repo/common/gen_sync_que_srl.sv
        /home/cdickins/reuse/gyro2tester-main/vivado/ip_repo/common/gen_sync_que_af.sv
        /home/cdickins/reuse/gyro2tester-main/vivado/ip_repo/common/gen_async_que.sv
        /home/cdickins/reuse/gyro2tester-main/vivado/ip_repo/common/syncr.sv
        /home/cdickins/reuse/gyro2tester-main/vivado/ip_repo/common/pipe_que_2xn.sv
        /home/cdickins/reuse/gyro2tester-main/vivado/ip_repo/common/dff.sv
        /home/cdickins/reuse/gyro2tester-main/vivado/ip_repo/common/iobuf_ch.v
        /home/cdickins/reuse/gyro2tester-main/vivado/ip_repo/common/clock_divider_by_2.sv
        /home/cdickins/reuse/gyro2tester-main/vivado/ip_repo/common/counter48Cycles.sv
        /home/cdickins/reuse/gyro2tester-main/vivado/ip_repo/common/clock_divider_by_10.sv
        /home/cdickins/reuse/gyro2tester-main/vivado/ip_repo/common/maskHSCK.sv
        /home/cdickins/reuse/gyro2tester-main/vivado/ip_repo/common/register_2bits.sv
        /home/cdickins/reuse/gyro2tester-main/vivado/ip_repo/common/register_4bits.sv
        /home/cdickins/reuse/gyro2tester-main/vivado/ip_repo/common/register_16bits.sv
        /home/cdickins/reuse/gyro2tester-main/vivado/ip_repo/common/outputShiftRegister32Bits.sv
        /home/cdickins/reuse/gyro2tester-main/vivado/ip_repo/common/inputShiftRegister32Bits.sv
        /home/cdickins/reuse/gyro2tester-main/vivado/ip_repo/common/mux_2x1_1bit.sv
        /home/cdickins/reuse/gyro2tester-main/vivado/ip_repo/common/mux_4x1_1bit.sv
        /home/cdickins/reuse/gyro2tester-main/vivado/ip_repo/common/mux_8x1_1bit.sv
        /home/cdickins/reuse/gyro2tester-main/vivado/ip_repo/common/demux_1_to_4.sv
        /home/cdickins/reuse/gyro2tester-main/vivado/ip_repo/common/demux_1_to_8.sv
        /home/cdickins/reuse/gyro2tester-main/vivado/ip_repo/common/register_32bits.sv
        /home/cdickins/reuse/gyro2tester-main/vivado/ip_repo/common/syncReady.sv
        /home/cdickins/reuse/gyro2tester-main/vivado/ip_repo/common/upCounter3Bits.sv
        /home/cdickins/reuse/gyro2tester-main/vivado/ip_repo/common/upCounter8Bits.sv
        /home/cdickins/reuse/gyro2tester-main/vivado/ip_repo/common/upCounter12Bits.sv
        /home/cdickins/reuse/gyro2tester-main/vivado/ip_repo/common/GyroChannelDebugger.sv
        /home/cdickins/reuse/gyro2tester-main/vivado/ip_repo/common/packet_size_logic.sv
        /home/cdickins/reuse/gyro2tester-main/vivado/ip_repo/common/deinterleaver.sv
        /home/cdickins/reuse/gyro2tester-main/funcsim/rtl/gyro_top/axil_demux.sv
        /home/cdickins/reuse/gyro2tester-main/funcsim/rtl/gyro_top/stubs/dma_wrap_stub.sv
        /home/cdickins/reuse/gyro2tester-main/funcsim/rtl/gyro_top/ip_wrappers/axi_inter_wrap.sv
        /home/cdickins/reuse/gyro2tester-main/funcsim/rtl/gyro_top/ip_wrappers/bidir_wrap.sv
        /home/cdickins/reuse/gyro2tester-main/funcsim/rtl/gyro_top/ip_wrappers/rxfifo_wrap.sv
        /home/cdickins/reuse/gyro2tester-main/funcsim/rtl/gyro_top/ip_wrappers/spi_1_0_wrap.sv
        /home/cdickins/reuse/gyro2tester-main/funcsim/rtl/gyro_top/ip_wrappers/txfifo_wrap.sv
        /home/cdickins/reuse/gyro2tester-main/funcsim/rtl/gyro_top/gyro_top.sv
        /home/cdickins/reuse/gyro2tester-main/funcsim/models/rtl_tp_ram.v
        /home/cdickins/reuse/gyro2tester-main/funcsim/models/file_streamer_32bit.v
        /home/cdickins/reuse/gyro2tester-main/funcsim/models/file_writer.sv
        /home/cdickins/reuse/gyro2tester-main/funcsim/models/file_writer_32bit.sv
        /home/cdickins/reuse/gyro2tester-main/funcsim/models/axi_m_bfm.sv
        /home/cdickins/reuse/gyro2tester-main/funcsim/models/axi_m_reg.sv
        /home/cdickins/reuse/gyro2tester-main/funcsim/models/axi_s_bfm.sv
        /home/cdickins/reuse/gyro2tester-main/funcsim/models/axi_s_reg.sv
        /home/cdickins/reuse/gyro2tester-main/funcsim/models/spi_dummy_reg.sv
        /home/cdickins/reuse/gyro2tester-main/funcsim/gyro_top_tb.sv
        /home/cdickins/reuse/gyro2tester-main/funcsim/tests/basic_core.sv

file: /home/cdickins/reuse/gyro2tester-main/funcsim/rtl/include/amba_interfaces.sv
	interface worklib.axi_rw_if
		errors: 0, warnings: 0
	interface worklib.axi_ro_if
		errors: 0, warnings: 0
	interface worklib.axi_wo_if
		errors: 0, warnings: 0
	interface worklib.apb_rw_if
		errors: 0, warnings: 0
	interface worklib.ahb_rw_if
		errors: 0, warnings: 0
	interface worklib.atb_rw_if
		errors: 0, warnings: 0
	interface worklib.axil_rw_if
		errors: 0, warnings: 0
	interface worklib.axi_strm_if
		errors: 0, warnings: 0
	interface worklib.apb_if
		errors: 0, warnings: 0
	interface worklib.axi_rd_if
		errors: 0, warnings: 0
	interface worklib.axi_wr_if
		errors: 0, warnings: 0
	interface worklib.ahb_if
		errors: 0, warnings: 0
	interface worklib.atb_if
		errors: 0, warnings: 0
file: /home/cdickins/reuse/gyro2tester-main/vivado/ip_repo/axis_stream_fifo_1.0/hdl/axis_stream_fifo_v1_0_M00_AXIS.sv
	module worklib.axis_stream_fifo_v1_0_M00_AXIS
		errors: 0, warnings: 0
file: /home/cdickins/reuse/gyro2tester-main/vivado/ip_repo/axis_stream_fifo_1.0/hdl/axis_stream_fifo_v1_0_S00_AXI.sv
	module worklib.axis_stream_fifo_v1_0_S00_AXI
		errors: 0, warnings: 0
file: /home/cdickins/reuse/gyro2tester-main/vivado/ip_repo/axis_stream_fifo_1.0/hdl/axis_stream_fifo_v1_0.sv
	module worklib.axis_stream_fifo_v1_0
		errors: 0, warnings: 0
file: /home/cdickins/reuse/gyro2tester-main/vivado/ip_repo/axis_stream_txfifo_2.0/hdl/axis_stream_txfifo_v2_0_S00_AXIS.sv
	module worklib.axis_stream_txfifo_v2_0_S00_AXIS
		errors: 0, warnings: 0
file: /home/cdickins/reuse/gyro2tester-main/vivado/ip_repo/axis_stream_txfifo_2.0/hdl/axis_stream_txfifo_v2_0_S00_AXI.sv
	module worklib.axis_stream_txfifo_v2_0_S00_AXI
		errors: 0, warnings: 0
file: /home/cdickins/reuse/gyro2tester-main/vivado/ip_repo/axis_stream_txfifo_2.0/hdl/axis_stream_txfifo_v2_0.sv
	module worklib.axis_stream_txfifo_v2_0
		errors: 0, warnings: 0
file: /home/cdickins/reuse/gyro2tester-main/vivado/ip_repo/BiDirChannels_1.0/hdl/BiDirChannels_v1_0_M00_AXIS.sv
	module worklib.BiDirChannels_v1_0_M00_AXIS
		errors: 0, warnings: 0
file: /home/cdickins/reuse/gyro2tester-main/vivado/ip_repo/BiDirChannels_1.0/hdl/BiDirChannels_v1_0_S00_AXIS.sv
	module worklib.BiDirChannels_v1_0_S00_AXIS
		errors: 0, warnings: 0
file: /home/cdickins/reuse/gyro2tester-main/vivado/ip_repo/BiDirChannels_1.0/hdl/BiDirChannels_v1_0_S00_AXI.sv
	module worklib.BiDirChannels_v1_0_S00_AXI
		errors: 0, warnings: 0
file: /home/cdickins/reuse/gyro2tester-main/vivado/ip_repo/BiDirChannels_1.0/hdl/GyroInputOutputSerializer.sv
    else if (free_48_count == 6'h5f)  
                                  |
ncvlog: *W,INTOVF (/home/cdickins/reuse/gyro2tester-main/vivado/ip_repo/BiDirChannels_1.0/hdl/GyroInputOutputSerializer.sv,375|34): bit overflow during conversion from text [2.5(IEEE)] (6 bits).
    else if (free_48_count < 6'h5f) 
                                 |
ncvlog: *W,INTOVF (/home/cdickins/reuse/gyro2tester-main/vivado/ip_repo/BiDirChannels_1.0/hdl/GyroInputOutputSerializer.sv,377|33): bit overflow during conversion from text [2.5(IEEE)] (6 bits).
  assign dsync_free = free_48_count == 6'h5f;
                                           |
ncvlog: *W,INTOVF (/home/cdickins/reuse/gyro2tester-main/vivado/ip_repo/BiDirChannels_1.0/hdl/GyroInputOutputSerializer.sv,381|43): bit overflow during conversion from text [2.5(IEEE)] (6 bits).
	module worklib.GyroInputOutputSerializer
		errors: 0, warnings: 3
file: /home/cdickins/reuse/gyro2tester-main/vivado/ip_repo/BiDirChannels_1.0/hdl/BiDirChannels_v1_0.sv
	module worklib.BiDirChannels_v1_0
		errors: 0, warnings: 0
file: /home/cdickins/reuse/gyro2tester-main/vivado/ip_repo/SPI_ip_1.0/hdl/SPI_ip_v1_0_S00_AXI.v
	module worklib.SPI_ip_v1_0_S00_AXI
		errors: 0, warnings: 0
file: /home/cdickins/reuse/gyro2tester-main/vivado/ip_repo/SPI_ip_1.0/hdl/SPI_ip_v1_0.v
	module worklib.SPI_ip_v1_0
		errors: 0, warnings: 0
file: /home/cdickins/reuse/gyro2tester-main/vivado/ip_repo/common/gen_sync_que_srl.sv
	module worklib.gen_sync_que_srl
		errors: 0, warnings: 0
file: /home/cdickins/reuse/gyro2tester-main/vivado/ip_repo/common/gen_sync_que_af.sv
	module worklib.gen_sync_que_af
		errors: 0, warnings: 0
file: /home/cdickins/reuse/gyro2tester-main/vivado/ip_repo/common/gen_async_que.sv
	module worklib.gen_async_que
		errors: 0, warnings: 0
file: /home/cdickins/reuse/gyro2tester-main/vivado/ip_repo/common/syncr.sv
     `define IVAL {WD{1'b0}};
                             |
ncvlog: *W,MACRDF (/home/cdickins/reuse/gyro2tester-main/vivado/ip_repo/common/syncr.sv,36|29): text macro 'IVAL' redefined - replaced with new definition.
	module worklib.syncr
		errors: 0, warnings: 1
file: /home/cdickins/reuse/gyro2tester-main/vivado/ip_repo/common/pipe_que_2xn.sv
	module worklib.pipe_que_2xn
		errors: 0, warnings: 0
file: /home/cdickins/reuse/gyro2tester-main/vivado/ip_repo/common/dff.sv
	module worklib.dff
		errors: 0, warnings: 0
file: /home/cdickins/reuse/gyro2tester-main/vivado/ip_repo/common/iobuf_ch.v
	module worklib.iobuf_ch
		errors: 0, warnings: 0
file: /home/cdickins/reuse/gyro2tester-main/vivado/ip_repo/common/clock_divider_by_2.sv
	module worklib.clock_divider_by_2
		errors: 0, warnings: 0
file: /home/cdickins/reuse/gyro2tester-main/vivado/ip_repo/common/counter48Cycles.sv
	module worklib.counter48Cycles
		errors: 0, warnings: 0
file: /home/cdickins/reuse/gyro2tester-main/vivado/ip_repo/common/clock_divider_by_10.sv
	module worklib.clock_divider_by_10
		errors: 0, warnings: 0
file: /home/cdickins/reuse/gyro2tester-main/vivado/ip_repo/common/maskHSCK.sv
	module worklib.maskHSCK
		errors: 0, warnings: 0
file: /home/cdickins/reuse/gyro2tester-main/vivado/ip_repo/common/register_2bits.sv
	module worklib.register_2bits
		errors: 0, warnings: 0
file: /home/cdickins/reuse/gyro2tester-main/vivado/ip_repo/common/register_4bits.sv
	module worklib.register_4bits
		errors: 0, warnings: 0
file: /home/cdickins/reuse/gyro2tester-main/vivado/ip_repo/common/register_16bits.sv
	module worklib.register_16bits
		errors: 0, warnings: 0
file: /home/cdickins/reuse/gyro2tester-main/vivado/ip_repo/common/outputShiftRegister32Bits.sv
	module worklib.outputShiftRegister32Bits
		errors: 0, warnings: 0
file: /home/cdickins/reuse/gyro2tester-main/vivado/ip_repo/common/inputShiftRegister32Bits.sv
	module worklib.inputShiftRegister32Bits
		errors: 0, warnings: 0
file: /home/cdickins/reuse/gyro2tester-main/vivado/ip_repo/common/mux_2x1_1bit.sv
	module worklib.mux_2x1_1bit
		errors: 0, warnings: 0
file: /home/cdickins/reuse/gyro2tester-main/vivado/ip_repo/common/mux_4x1_1bit.sv
	module worklib.mux_4x1_1bit
		errors: 0, warnings: 0
file: /home/cdickins/reuse/gyro2tester-main/vivado/ip_repo/common/mux_8x1_1bit.sv
	module worklib.mux_8x1_1bit
		errors: 0, warnings: 0
file: /home/cdickins/reuse/gyro2tester-main/vivado/ip_repo/common/demux_1_to_4.sv
	module worklib.demux_1_to_4
		errors: 0, warnings: 0
file: /home/cdickins/reuse/gyro2tester-main/vivado/ip_repo/common/demux_1_to_8.sv
	module worklib.demux_1_to_8
		errors: 0, warnings: 0
file: /home/cdickins/reuse/gyro2tester-main/vivado/ip_repo/common/register_32bits.sv
	module worklib.register_32bits
		errors: 0, warnings: 0
file: /home/cdickins/reuse/gyro2tester-main/vivado/ip_repo/common/syncReady.sv
	module worklib.syncReady
		errors: 0, warnings: 0
file: /home/cdickins/reuse/gyro2tester-main/vivado/ip_repo/common/upCounter3Bits.sv
	module worklib.upCounter3Bits
		errors: 0, warnings: 0
file: /home/cdickins/reuse/gyro2tester-main/vivado/ip_repo/common/upCounter8Bits.sv
	module worklib.upCounter8Bits
		errors: 0, warnings: 0
file: /home/cdickins/reuse/gyro2tester-main/vivado/ip_repo/common/upCounter12Bits.sv
	module worklib.upCounter12Bits
		errors: 0, warnings: 0
file: /home/cdickins/reuse/gyro2tester-main/vivado/ip_repo/common/GyroChannelDebugger.sv
	module worklib.GyroChannelDebugger
		errors: 0, warnings: 0
file: /home/cdickins/reuse/gyro2tester-main/vivado/ip_repo/common/packet_size_logic.sv
	module worklib.packet_size_logic
		errors: 0, warnings: 0
file: /home/cdickins/reuse/gyro2tester-main/vivado/ip_repo/common/deinterleaver.sv
	module worklib.deinterleaver
		errors: 0, warnings: 0
file: /home/cdickins/reuse/gyro2tester-main/funcsim/rtl/gyro_top/axil_demux.sv
	module worklib.axil_demux
		errors: 0, warnings: 0
file: /home/cdickins/reuse/gyro2tester-main/funcsim/rtl/gyro_top/stubs/dma_wrap_stub.sv
	module worklib.dma_wrap
		errors: 0, warnings: 0
file: /home/cdickins/reuse/gyro2tester-main/funcsim/rtl/gyro_top/ip_wrappers/axi_inter_wrap.sv
	module worklib.axi_inter_wrap
		errors: 0, warnings: 0
file: /home/cdickins/reuse/gyro2tester-main/funcsim/rtl/gyro_top/ip_wrappers/bidir_wrap.sv
	module worklib.bidir_wrap
		errors: 0, warnings: 0
file: /home/cdickins/reuse/gyro2tester-main/funcsim/rtl/gyro_top/ip_wrappers/rxfifo_wrap.sv
	module worklib.rxfifo_wrap
		errors: 0, warnings: 0
file: /home/cdickins/reuse/gyro2tester-main/funcsim/rtl/gyro_top/ip_wrappers/spi_1_0_wrap.sv
	module worklib.spi_1_0_wrap
		errors: 0, warnings: 0
file: /home/cdickins/reuse/gyro2tester-main/funcsim/rtl/gyro_top/ip_wrappers/txfifo_wrap.sv
	module worklib.txfifo_wrap
		errors: 0, warnings: 0
file: /home/cdickins/reuse/gyro2tester-main/funcsim/rtl/gyro_top/gyro_top.sv
	module worklib.gyro_top
		errors: 0, warnings: 0
file: /home/cdickins/reuse/gyro2tester-main/funcsim/models/rtl_tp_ram.v
	module worklib.rtl_tp_ram
		errors: 0, warnings: 0
file: /home/cdickins/reuse/gyro2tester-main/funcsim/models/file_streamer_32bit.v
	module worklib.file_streamer_32bit
		errors: 0, warnings: 0
file: /home/cdickins/reuse/gyro2tester-main/funcsim/models/file_writer.sv
	module worklib.file_writer
		errors: 0, warnings: 0
file: /home/cdickins/reuse/gyro2tester-main/funcsim/models/file_writer_32bit.sv
	module worklib.file_writer_32bit
		errors: 0, warnings: 0
file: /home/cdickins/reuse/gyro2tester-main/funcsim/models/axi_m_bfm.sv
	module worklib.axi_m_bfm
		errors: 0, warnings: 0
file: /home/cdickins/reuse/gyro2tester-main/funcsim/models/axi_m_reg.sv
	module worklib.axi_m_reg
		errors: 0, warnings: 0
file: /home/cdickins/reuse/gyro2tester-main/funcsim/models/axi_s_bfm.sv
	module worklib.axi_s_bfm
		errors: 0, warnings: 0
file: /home/cdickins/reuse/gyro2tester-main/funcsim/models/axi_s_reg.sv
	module worklib.axi_s_reg
		errors: 0, warnings: 0
file: /home/cdickins/reuse/gyro2tester-main/funcsim/models/spi_dummy_reg.sv
	module worklib.spi_dummy_reg
		errors: 0, warnings: 0
file: /home/cdickins/reuse/gyro2tester-main/funcsim/gyro_top_tb.sv
	module worklib.gyro_top_tb
		errors: 0, warnings: 0
file: /home/cdickins/reuse/gyro2tester-main/funcsim/tests/basic_core.sv
	module worklib.test_top
		errors: 0, warnings: 0
ncvlog: Memory Usage - 22.5M program + 28.9M data = 51.5M total
ncvlog: CPU Usage - 0.0s system + 0.1s user = 0.1s total (0.3s, 29.6% cpu)
TOOL:	ncvlog(64)	15.22-s018: Exiting on Apr 26, 2022 at 14:31:40 PDT  (total: 00:00:01)
