#-----------------------------------------------------------
# Vivado v2021.2 (64-bit)
# SW Build 3367213 on Tue Oct 19 02:47:39 MDT 2021
# IP Build 3369179 on Thu Oct 21 08:25:16 MDT 2021
# Start of session at: Thu Apr  7 14:39:34 2022
# Process ID: 7081
# Current directory: /home/cdickins/reuse/gyro2tester-main/vivado
# Command line: vivado
# Log file: /home/cdickins/reuse/gyro2tester-main/vivado/vivado.log
# Journal file: /home/cdickins/reuse/gyro2tester-main/vivado/vivado.jou
# Running On: xsjcdickins40x, OS: Linux, CPU Frequency: 2600.248 MHz, CPU Physical cores: 8, Host memory: 33556 MB
#-----------------------------------------------------------
start_gui
open_project /home/cdickins/reuse/gyro2tester-main/vivado/project/gyro2_tester.xpr
WARNING: [Board 49-26] cannot add Board Part xilinx.com:vck190_es:part0:1.3 available at /proj/xbuilds/SWIP/2021.2_1021_0703/installs/lin64/Vivado/2021.2/data/xhub/boards/XilinxBoardStore/boards/Xilinx/vck190/es/1.3/board.xml as part xcvc1902-vsva2197-2mp-e-s-es1 specified in board_part file is either invalid or not available
WARNING: [Board 49-26] cannot add Board Part xilinx.com:vmk180_es:part0:1.3 available at /proj/xbuilds/SWIP/2021.2_1021_0703/installs/lin64/Vivado/2021.2/data/xhub/boards/XilinxBoardStore/boards/Xilinx/vmk180/es/1.3/board.xml as part xcvm1802-vsva2197-2mp-e-s-es1 specified in board_part file is either invalid or not available
WARNING: [Board 49-26] cannot add Board Part xilinx.com:vpk120_es:part0:1.2 available at /proj/xbuilds/SWIP/2021.2_1021_0703/installs/lin64/Vivado/2021.2/data/xhub/boards/XilinxBoardStore/boards/Xilinx/vpk120/es/1.2/board.xml as part xcvp1202-vsva2785-2mp-e-s-es1 specified in board_part file is either invalid or not available
WARNING: [Board 49-26] cannot add Board Part xilinx.com:zcu208ld:part0:2.0 available at /proj/xbuilds/SWIP/2021.2_1021_0703/installs/lin64/Vivado/2021.2/data/xhub/boards/XilinxBoardStore/boards/Xilinx/zcu208ld/production/2.0/board.xml as part xczu58dr-fsvg1517-2-i specified in board_part file is either invalid or not available
WARNING: [Board 49-26] cannot add Board Part xilinx.com:zcu208ld_es:part0:1.0 available at /proj/xbuilds/SWIP/2021.2_1021_0703/installs/lin64/Vivado/2021.2/data/xhub/boards/XilinxBoardStore/boards/Xilinx/zcu208ld/es/1.0/board.xml as part xczu58dr-fsvg1517-2-i-es1 specified in board_part file is either invalid or not available
WARNING: [Board 49-26] cannot add Board Part xilinx.com:zcu216ld:part0:2.0 available at /proj/xbuilds/SWIP/2021.2_1021_0703/installs/lin64/Vivado/2021.2/data/xhub/boards/XilinxBoardStore/boards/Xilinx/zcu216ld/production/2.0/board.xml as part xczu59dr-ffvf1760-2-i specified in board_part file is either invalid or not available
WARNING: [Board 49-26] cannot add Board Part xilinx.com:zcu216ld_es:part0:1.0 available at /proj/xbuilds/SWIP/2021.2_1021_0703/installs/lin64/Vivado/2021.2/data/xhub/boards/XilinxBoardStore/boards/Xilinx/zcu216ld/es/1.0/board.xml as part xczu59dr-ffvf1760-2-i-es1 specified in board_part file is either invalid or not available
WARNING: [Board 49-26] cannot add Board Part xilinx.com:zcu670:part0:1.0 available at /proj/xbuilds/SWIP/2021.2_1021_0703/installs/lin64/Vivado/2021.2/data/xhub/boards/XilinxBoardStore/boards/Xilinx/zcu670/1.0/board.xml as part xczu67dr-fsve1156-2-i specified in board_part file is either invalid or not available
CRITICAL WARNING: [Project 1-19] Could not find the file '/home/cdickins/reuse/gyro2tester-main/vivado/C:/Xilinx_projects/gyro2tester/vivado/project/gyro2_tester.srcs/utils_1/imports/synth_1/design_2_wrapper.dcp'.
WARNING: [Project 1-865] Could not find the file /home/cdickins/reuse/gyro2tester-main/vivado/C:/Xilinx_projects/gyro2tester/vivado/project/gyro2_tester.srcs/utils_1/imports/synth_1/design_2_wrapper.dcp
Scanning sources...
Finished scanning sources
WARNING: [Project 1-865] Could not find the file /home/cdickins/reuse/gyro2tester-main/vivado/C:/Xilinx_projects/gyro2tester/vivado/project/gyro2_tester.srcs/utils_1/imports/synth_1/design_2_wrapper.dcp
WARNING: [Project 1-865] Could not find the file /home/cdickins/reuse/gyro2tester-main/vivado/C:/Xilinx_projects/gyro2tester/vivado/project/gyro2_tester.srcs/utils_1/imports/synth_1/design_2_wrapper.dcp
WARNING: [Project 1-865] Could not find the file /home/cdickins/reuse/gyro2tester-main/vivado/C:/Xilinx_projects/gyro2tester/vivado/project/gyro2_tester.srcs/utils_1/imports/synth_1/design_2_wrapper.dcp
WARNING: [Project 1-865] Could not find the file /home/cdickins/reuse/gyro2tester-main/vivado/C:/Xilinx_projects/gyro2tester/vivado/project/gyro2_tester.srcs/utils_1/imports/synth_1/design_2_wrapper.dcp
WARNING: [Project 1-865] Could not find the file /home/cdickins/reuse/gyro2tester-main/vivado/C:/Xilinx_projects/gyro2tester/vivado/project/gyro2_tester.srcs/utils_1/imports/synth_1/design_2_wrapper.dcp
WARNING: [Project 1-865] Could not find the file /home/cdickins/reuse/gyro2tester-main/vivado/C:/Xilinx_projects/gyro2tester/vivado/project/gyro2_tester.srcs/utils_1/imports/synth_1/design_2_wrapper.dcp
INFO: [IP_Flow 19-234] Refreshing IP repositories
INFO: [IP_Flow 19-1700] Loaded user IP repository '/home/cdickins/reuse/gyro2tester-main/vivado/ip_repo'.
INFO: [IP_Flow 19-2313] Loaded Vivado IP repository '/proj/xbuilds/SWIP/2021.2_1021_0703/installs/lin64/Vivado/2021.2/data/ip'.
open_project: Time (s): cpu = 00:00:23 ; elapsed = 00:00:20 . Memory (MB): peak = 8073.438 ; gain = 101.316 ; free physical = 22363 ; free virtual = 28824
update_compile_order -fileset sources_1
launch_runs synth_1 -cluster_configuration lsf
ERROR: [Vivado 12-3280] Incremental checkpoint file '/home/cdickins/reuse/gyro2tester-main/vivado/C:/Xilinx_projects/gyro2tester/vivado/project/gyro2_tester.srcs/utils_1/imports/synth_1/design_2_wrapper.dcp' set on run 'synth_1' does not exist.
exit
INFO: [Common 17-206] Exiting Vivado at Thu Apr  7 14:41:20 2022...
