#-----------------------------------------------------------
# Vivado v2021.2 (64-bit)
# SW Build 3367213 on Tue Oct 19 02:47:39 MDT 2021
# IP Build 3369179 on Thu Oct 21 08:25:16 MDT 2021
# Start of session at: Tue Apr 19 13:39:21 2022
# Process ID: 12756
# Current directory: /home/cdickins/reuse/gyro2tester-main/vivado
# Command line: vivado
# Log file: /home/cdickins/reuse/gyro2tester-main/vivado/vivado.log
# Journal file: /home/cdickins/reuse/gyro2tester-main/vivado/vivado.jou
# Running On: xsjcdickins40x, OS: Linux, CPU Frequency: 2600.248 MHz, CPU Physical cores: 8, Host memory: 33556 MB
#-----------------------------------------------------------
start_gui
WARNING: [Board 49-26] cannot add Board Part xilinx.com:vck190_es:part0:1.3 available at /proj/xbuilds/SWIP/2021.2_1021_0703/installs/lin64/Vivado/2021.2/data/xhub/boards/XilinxBoardStore/boards/Xilinx/vck190/es/1.3/board.xml as part xcvc1902-vsva2197-2mp-e-s-es1 specified in board_part file is either invalid or not available
WARNING: [Board 49-26] cannot add Board Part xilinx.com:vmk180_es:part0:1.3 available at /proj/xbuilds/SWIP/2021.2_1021_0703/installs/lin64/Vivado/2021.2/data/xhub/boards/XilinxBoardStore/boards/Xilinx/vmk180/es/1.3/board.xml as part xcvm1802-vsva2197-2mp-e-s-es1 specified in board_part file is either invalid or not available
WARNING: [Board 49-26] cannot add Board Part xilinx.com:vpk120_es:part0:1.2 available at /proj/xbuilds/SWIP/2021.2_1021_0703/installs/lin64/Vivado/2021.2/data/xhub/boards/XilinxBoardStore/boards/Xilinx/vpk120/es/1.2/board.xml as part xcvp1202-vsva2785-2mp-e-s-es1 specified in board_part file is either invalid or not available
WARNING: [Board 49-26] cannot add Board Part xilinx.com:zcu208ld:part0:2.0 available at /proj/xbuilds/SWIP/2021.2_1021_0703/installs/lin64/Vivado/2021.2/data/xhub/boards/XilinxBoardStore/boards/Xilinx/zcu208ld/production/2.0/board.xml as part xczu58dr-fsvg1517-2-i specified in board_part file is either invalid or not available
WARNING: [Board 49-26] cannot add Board Part xilinx.com:zcu208ld_es:part0:1.0 available at /proj/xbuilds/SWIP/2021.2_1021_0703/installs/lin64/Vivado/2021.2/data/xhub/boards/XilinxBoardStore/boards/Xilinx/zcu208ld/es/1.0/board.xml as part xczu58dr-fsvg1517-2-i-es1 specified in board_part file is either invalid or not available
WARNING: [Board 49-26] cannot add Board Part xilinx.com:zcu216ld:part0:2.0 available at /proj/xbuilds/SWIP/2021.2_1021_0703/installs/lin64/Vivado/2021.2/data/xhub/boards/XilinxBoardStore/boards/Xilinx/zcu216ld/production/2.0/board.xml as part xczu59dr-ffvf1760-2-i specified in board_part file is either invalid or not available
WARNING: [Board 49-26] cannot add Board Part xilinx.com:zcu216ld_es:part0:1.0 available at /proj/xbuilds/SWIP/2021.2_1021_0703/installs/lin64/Vivado/2021.2/data/xhub/boards/XilinxBoardStore/boards/Xilinx/zcu216ld/es/1.0/board.xml as part xczu59dr-ffvf1760-2-i-es1 specified in board_part file is either invalid or not available
WARNING: [Board 49-26] cannot add Board Part xilinx.com:zcu670:part0:1.0 available at /proj/xbuilds/SWIP/2021.2_1021_0703/installs/lin64/Vivado/2021.2/data/xhub/boards/XilinxBoardStore/boards/Xilinx/zcu670/1.0/board.xml as part xczu67dr-fsve1156-2-i specified in board_part file is either invalid or not available
open_project /home/cdickins/reuse/gyro2tester-main/vivado/project/gyro2_tester.xpr
CRITICAL WARNING: [Project 1-19] Could not find the file '/home/cdickins/reuse/gyro2tester-main/vivado/C:/Xilinx_projects/gyro2tester/vivado/project/gyro2_tester.srcs/utils_1/imports/synth_1/design_2_wrapper.dcp'.
WARNING: [Project 1-865] Could not find the file /home/cdickins/reuse/gyro2tester-main/vivado/C:/Xilinx_projects/gyro2tester/vivado/project/gyro2_tester.srcs/utils_1/imports/synth_1/design_2_wrapper.dcp
Scanning sources...
Finished scanning sources
INFO: [IP_Flow 19-234] Refreshing IP repositories
INFO: [IP_Flow 19-1700] Loaded user IP repository '/home/cdickins/reuse/gyro2tester-main/vivado/ip_repo'.
INFO: [IP_Flow 19-2313] Loaded Vivado IP repository '/proj/xbuilds/SWIP/2021.2_1021_0703/installs/lin64/Vivado/2021.2/data/ip'.
open_project: Time (s): cpu = 00:00:21 ; elapsed = 00:00:14 . Memory (MB): peak = 8097.004 ; gain = 150.359 ; free physical = 1285 ; free virtual = 27938
update_module_reference design_2_iobuf_xil_0_0
INFO: [IP_Flow 19-234] Refreshing IP repositories
INFO: [IP_Flow 19-1700] Loaded user IP repository '/home/cdickins/reuse/gyro2tester-main/vivado/ip_repo'.
Reading block design file </home/cdickins/reuse/gyro2tester-main/vivado/project/gyro2_tester.srcs/sources_1/bd/design_2/design_2.bd>...
Adding component instance block -- xilinx.com:ip:axi_interconnect:2.1 - AXI_Register_Demux
Adding component instance block -- xilinx.com:ip:axi_crossbar:2.1 - xbar
Adding component instance block -- xilinx.com:ip:axi_protocol_converter:2.1 - auto_pc
Adding component instance block -- xilinx.com:ip:xlconcat:2.1 - xlconcat_1
Adding component instance block -- xilinx.com:ip:axi_dma:7.1 - axi_dma_0
Adding component instance block -- xilinx.com:ip:axis_switch:1.1 - axis_switch_0
WARNING: [BD 41-176] The physical port 'S_AXI_CTRL_aximm_wr_socket' specified in the portmap, is not found on the block! 
WARNING: [BD 41-176] The physical port 'S_AXI_CTRL_aximm_rd_socket' specified in the portmap, is not found on the block! 
Adding component instance block -- xilinx.com:ip:axis_switch:1.1 - axis_switch_1
WARNING: [BD 41-176] The physical port 'S_AXI_CTRL_aximm_wr_socket' specified in the portmap, is not found on the block! 
WARNING: [BD 41-176] The physical port 'S_AXI_CTRL_aximm_rd_socket' specified in the portmap, is not found on the block! 
Adding component instance block -- xilinx.com:module_ref:data_processor:1.0 - data_processor_0
Adding component instance block -- xilinx.com:ip:proc_sys_reset:5.0 - txclk_reset_domain
Adding component instance block -- xilinx.com:ip:proc_sys_reset:5.0 - clk_reset_domain
Adding component instance block -- xilinx.com:ip:processing_system7:5.5 - processing_system7_0
Adding component instance block -- xilinx.com:ip:smartconnect:1.0 - axi_smc
Adding component instance block -- xilinx.com:user:BiDirChannels:1.0 - BiDirChannels_0
Adding component instance block -- xilinx.com:ip:axis_switch:1.1 - axis_switch_2
WARNING: [BD 41-176] The physical port 'S_AXI_CTRL_aximm_wr_socket' specified in the portmap, is not found on the block! 
WARNING: [BD 41-176] The physical port 'S_AXI_CTRL_aximm_rd_socket' specified in the portmap, is not found on the block! 
Adding component instance block -- xilinx.com:ip:axis_switch:1.1 - axis_switch_3
WARNING: [BD 41-176] The physical port 'S_AXI_CTRL_aximm_wr_socket' specified in the portmap, is not found on the block! 
WARNING: [BD 41-176] The physical port 'S_AXI_CTRL_aximm_rd_socket' specified in the portmap, is not found on the block! 
Adding component instance block -- xilinx.com:user:axis_stream_fifo:1.0 - RxFIFO
Adding component instance block -- xilinx.com:module_ref:led_driver:1.0 - led_driver_0
Adding component instance block -- xilinx.com:user:axi4_pl_SPI_ip:1.0 - SPI_ip_0
Adding component instance block -- xilinx.com:module_ref:iobuf_xil:1.0 - iobuf_xil_0
Adding component instance block -- user.org:user:axis_stream_txfifo:2.0 - TxFIFO
Successfully read diagram <design_2> from block design file </home/cdickins/reuse/gyro2tester-main/vivado/project/gyro2_tester.srcs/sources_1/bd/design_2/design_2.bd>
Upgrading '/home/cdickins/reuse/gyro2tester-main/vivado/project/gyro2_tester.srcs/sources_1/bd/design_2/design_2.bd'
INFO: [IP_Flow 19-3420] Updated design_2_iobuf_xil_0_0 to use current project options
Wrote  : </home/cdickins/reuse/gyro2tester-main/vivado/project/gyro2_tester.srcs/sources_1/bd/design_2/design_2.bd> 
Wrote  : </home/cdickins/reuse/gyro2tester-main/vivado/project/gyro2_tester.srcs/sources_1/bd/design_2/ui/bd_1fdbff51.ui> 
upgrade_ip: Time (s): cpu = 00:00:22 ; elapsed = 00:00:11 . Memory (MB): peak = 9708.527 ; gain = 1356.406 ; free physical = 230 ; free virtual = 25140
update_module_reference: Time (s): cpu = 00:00:31 ; elapsed = 00:00:15 . Memory (MB): peak = 9708.527 ; gain = 1356.406 ; free physical = 230 ; free virtual = 25140
update_compile_order -fileset sources_1
export_ip_user_files -of_objects  [get_files /home/cdickins/reuse/gyro2tester-main/vivado/ip_repo/common/iobuf.v] -no_script -reset -force -quiet
remove_files  /home/cdickins/reuse/gyro2tester-main/vivado/ip_repo/common/iobuf.v
update_module_reference design_2_iobuf_xil_0_0
INFO: [IP_Flow 19-234] Refreshing IP repositories
INFO: [IP_Flow 19-1700] Loaded user IP repository '/home/cdickins/reuse/gyro2tester-main/vivado/ip_repo'.
Upgrading '/home/cdickins/reuse/gyro2tester-main/vivado/project/gyro2_tester.srcs/sources_1/bd/design_2/design_2.bd'
INFO: [IP_Flow 19-3420] Updated design_2_iobuf_xil_0_0 to use current project options
Wrote  : </home/cdickins/reuse/gyro2tester-main/vivado/project/gyro2_tester.srcs/sources_1/bd/design_2/design_2.bd> 
Wrote  : </home/cdickins/reuse/gyro2tester-main/vivado/project/gyro2_tester.srcs/sources_1/bd/design_2/ui/bd_1fdbff51.ui> 
update_module_reference: Time (s): cpu = 00:00:11 ; elapsed = 00:00:05 . Memory (MB): peak = 9873.719 ; gain = 0.000 ; free physical = 330 ; free virtual = 24759
ipx::edit_ip_in_project -upgrade true -name axis_stream_txfifo_v2_0_project -directory /home/cdickins/reuse/gyro2tester-main/vivado/project/gyro2_tester.tmp/axis_stream_txfifo_v2_0_project /home/cdickins/reuse/gyro2tester-main/vivado/ip_repo/axis_stream_txfifo_2.0/component.xml
INFO: [IP_Flow 19-234] Refreshing IP repositories
INFO: [IP_Flow 19-1704] No user IP repositories specified
INFO: [IP_Flow 19-2313] Loaded Vivado IP repository '/proj/xbuilds/SWIP/2021.2_1021_0703/installs/lin64/Vivado/2021.2/data/ip'.
WARNING: [Board 49-26] cannot add Board Part xilinx.com:vck190_es:part0:1.3 available at /proj/xbuilds/SWIP/2021.2_1021_0703/installs/lin64/Vivado/2021.2/data/xhub/boards/XilinxBoardStore/boards/Xilinx/vck190/es/1.3/board.xml as part xcvc1902-vsva2197-2mp-e-s-es1 specified in board_part file is either invalid or not available
WARNING: [Board 49-26] cannot add Board Part xilinx.com:vmk180_es:part0:1.3 available at /proj/xbuilds/SWIP/2021.2_1021_0703/installs/lin64/Vivado/2021.2/data/xhub/boards/XilinxBoardStore/boards/Xilinx/vmk180/es/1.3/board.xml as part xcvm1802-vsva2197-2mp-e-s-es1 specified in board_part file is either invalid or not available
WARNING: [Board 49-26] cannot add Board Part xilinx.com:vpk120_es:part0:1.2 available at /proj/xbuilds/SWIP/2021.2_1021_0703/installs/lin64/Vivado/2021.2/data/xhub/boards/XilinxBoardStore/boards/Xilinx/vpk120/es/1.2/board.xml as part xcvp1202-vsva2785-2mp-e-s-es1 specified in board_part file is either invalid or not available
WARNING: [Board 49-26] cannot add Board Part xilinx.com:zcu208ld:part0:2.0 available at /proj/xbuilds/SWIP/2021.2_1021_0703/installs/lin64/Vivado/2021.2/data/xhub/boards/XilinxBoardStore/boards/Xilinx/zcu208ld/production/2.0/board.xml as part xczu58dr-fsvg1517-2-i specified in board_part file is either invalid or not available
WARNING: [Board 49-26] cannot add Board Part xilinx.com:zcu208ld_es:part0:1.0 available at /proj/xbuilds/SWIP/2021.2_1021_0703/installs/lin64/Vivado/2021.2/data/xhub/boards/XilinxBoardStore/boards/Xilinx/zcu208ld/es/1.0/board.xml as part xczu58dr-fsvg1517-2-i-es1 specified in board_part file is either invalid or not available
WARNING: [Board 49-26] cannot add Board Part xilinx.com:zcu216ld:part0:2.0 available at /proj/xbuilds/SWIP/2021.2_1021_0703/installs/lin64/Vivado/2021.2/data/xhub/boards/XilinxBoardStore/boards/Xilinx/zcu216ld/production/2.0/board.xml as part xczu59dr-ffvf1760-2-i specified in board_part file is either invalid or not available
WARNING: [Board 49-26] cannot add Board Part xilinx.com:zcu216ld_es:part0:1.0 available at /proj/xbuilds/SWIP/2021.2_1021_0703/installs/lin64/Vivado/2021.2/data/xhub/boards/XilinxBoardStore/boards/Xilinx/zcu216ld/es/1.0/board.xml as part xczu59dr-ffvf1760-2-i-es1 specified in board_part file is either invalid or not available
WARNING: [Board 49-26] cannot add Board Part xilinx.com:zcu670:part0:1.0 available at /proj/xbuilds/SWIP/2021.2_1021_0703/installs/lin64/Vivado/2021.2/data/xhub/boards/XilinxBoardStore/boards/Xilinx/zcu670/1.0/board.xml as part xczu67dr-fsve1156-2-i specified in board_part file is either invalid or not available
create_project: Time (s): cpu = 00:00:06 ; elapsed = 00:00:09 . Memory (MB): peak = 9901.777 ; gain = 0.000 ; free physical = 325 ; free virtual = 24759
INFO: [IP_Flow 19-234] Refreshing IP repositories
INFO: [IP_Flow 19-1700] Loaded user IP repository '/home/cdickins/reuse/gyro2tester-main/vivado/ip_repo'.
INFO: [IP_Flow 19-795] Syncing license key meta-data
ipx::edit_ip_in_project: Time (s): cpu = 00:00:08 ; elapsed = 00:00:12 . Memory (MB): peak = 9901.777 ; gain = 0.000 ; free physical = 314 ; free virtual = 24749
update_compile_order -fileset sources_1
ipx::merge_project_changes hdl_parameters [ipx::current_core]
WARNING: [IP_Flow 19-5226] Project source file '/home/cdickins/reuse/gyro2tester-main/vivado/ip_repo/axis_stream_txfifo_2.0/component.xml' ignored by IP packager.
WARNING: [IP_Flow 19-5101] Packaging a component with a SystemVerilog top file is not fully supported. Please refer to UG1118 'Creating and Packaging Custom IP'.
INFO: [IP_Flow 19-1976] HDL Parser: Replacing 'RD_ADDR_WIDTH' by 16 for port or parameter 'rd_ptr_reg'
INFO: [IP_Flow 19-1976] HDL Parser: Replacing 'RD_ADDR_WIDTH' by 16 for port or parameter 'rd_ptr_reg1'
INFO: [IP_Flow 19-1976] HDL Parser: Replacing 'RD_ADDR_WIDTH' by 16 for port or parameter 'rd_ptr_reg2'
INFO: [IP_Flow 19-3166] Bus Interface 'S00_AXI': References existing memory map 'S00_AXI'.
set_property core_revision 20 [ipx::current_core]
ipx::update_source_project_archive -component [ipx::current_core]
ipx::create_xgui_files [ipx::current_core]
ipx::update_checksums [ipx::current_core]
ipx::check_integrity [ipx::current_core]
WARNING: [IP_Flow 19-3157] Bus Interface 'rstn': Bus parameter POLARITY is ACTIVE_LOW but port 'rstn' is not *resetn - please double check the POLARITY setting.
INFO: [IP_Flow 19-2181] Payment Required is not set for this core.
INFO: [IP_Flow 19-2187] The Product Guide file is missing.
INFO: [Ipptcl 7-1486] check_integrity: Integrity check passed.
ipx::save_core [ipx::current_core]
ipx::move_temp_component_back -component [ipx::current_core]
close_project -delete
update_ip_catalog -rebuild -repo_path /home/cdickins/reuse/gyro2tester-main/vivado/ip_repo
INFO: [IP_Flow 19-725] Reloaded user IP repository '/home/cdickins/reuse/gyro2tester-main/vivado/ip_repo'
report_ip_status -name ip_status 
upgrade_ip -vlnv user.org:user:axis_stream_txfifo:2.0 [get_ips  design_2_axis_stream_txfifo_0_2] -log ip_upgrade.log
Upgrading '/home/cdickins/reuse/gyro2tester-main/vivado/project/gyro2_tester.srcs/sources_1/bd/design_2/design_2.bd'
INFO: [IP_Flow 19-3422] Upgraded design_2_axis_stream_txfifo_0_2 (axis_stream_txfifo_v2.0 2.0) from revision 19 to revision 20
Wrote  : </home/cdickins/reuse/gyro2tester-main/vivado/project/gyro2_tester.srcs/sources_1/bd/design_2/design_2.bd> 
Wrote  : </home/cdickins/reuse/gyro2tester-main/vivado/project/gyro2_tester.srcs/sources_1/bd/design_2/ui/bd_1fdbff51.ui> 
INFO: [Coretcl 2-1525] Wrote upgrade log to '/home/cdickins/reuse/gyro2tester-main/vivado/project/ip_upgrade.log'.
export_ip_user_files -of_objects [get_ips design_2_axis_stream_txfifo_0_2] -no_script -sync -force -quiet
report_ip_status -name ip_status 
ipx::edit_ip_in_project -upgrade true -name axis_stream_fifo_v1_0_project -directory /home/cdickins/reuse/gyro2tester-main/vivado/project/gyro2_tester.tmp/axis_stream_fifo_v1_0_project /home/cdickins/reuse/gyro2tester-main/vivado/ip_repo/axis_stream_fifo_1.0/component.xml
INFO: [IP_Flow 19-234] Refreshing IP repositories
INFO: [IP_Flow 19-1704] No user IP repositories specified
INFO: [IP_Flow 19-2313] Loaded Vivado IP repository '/proj/xbuilds/SWIP/2021.2_1021_0703/installs/lin64/Vivado/2021.2/data/ip'.
WARNING: [Board 49-26] cannot add Board Part xilinx.com:vck190_es:part0:1.3 available at /proj/xbuilds/SWIP/2021.2_1021_0703/installs/lin64/Vivado/2021.2/data/xhub/boards/XilinxBoardStore/boards/Xilinx/vck190/es/1.3/board.xml as part xcvc1902-vsva2197-2mp-e-s-es1 specified in board_part file is either invalid or not available
WARNING: [Board 49-26] cannot add Board Part xilinx.com:vmk180_es:part0:1.3 available at /proj/xbuilds/SWIP/2021.2_1021_0703/installs/lin64/Vivado/2021.2/data/xhub/boards/XilinxBoardStore/boards/Xilinx/vmk180/es/1.3/board.xml as part xcvm1802-vsva2197-2mp-e-s-es1 specified in board_part file is either invalid or not available
WARNING: [Board 49-26] cannot add Board Part xilinx.com:vpk120_es:part0:1.2 available at /proj/xbuilds/SWIP/2021.2_1021_0703/installs/lin64/Vivado/2021.2/data/xhub/boards/XilinxBoardStore/boards/Xilinx/vpk120/es/1.2/board.xml as part xcvp1202-vsva2785-2mp-e-s-es1 specified in board_part file is either invalid or not available
WARNING: [Board 49-26] cannot add Board Part xilinx.com:zcu208ld:part0:2.0 available at /proj/xbuilds/SWIP/2021.2_1021_0703/installs/lin64/Vivado/2021.2/data/xhub/boards/XilinxBoardStore/boards/Xilinx/zcu208ld/production/2.0/board.xml as part xczu58dr-fsvg1517-2-i specified in board_part file is either invalid or not available
WARNING: [Board 49-26] cannot add Board Part xilinx.com:zcu208ld_es:part0:1.0 available at /proj/xbuilds/SWIP/2021.2_1021_0703/installs/lin64/Vivado/2021.2/data/xhub/boards/XilinxBoardStore/boards/Xilinx/zcu208ld/es/1.0/board.xml as part xczu58dr-fsvg1517-2-i-es1 specified in board_part file is either invalid or not available
WARNING: [Board 49-26] cannot add Board Part xilinx.com:zcu216ld:part0:2.0 available at /proj/xbuilds/SWIP/2021.2_1021_0703/installs/lin64/Vivado/2021.2/data/xhub/boards/XilinxBoardStore/boards/Xilinx/zcu216ld/production/2.0/board.xml as part xczu59dr-ffvf1760-2-i specified in board_part file is either invalid or not available
WARNING: [Board 49-26] cannot add Board Part xilinx.com:zcu216ld_es:part0:1.0 available at /proj/xbuilds/SWIP/2021.2_1021_0703/installs/lin64/Vivado/2021.2/data/xhub/boards/XilinxBoardStore/boards/Xilinx/zcu216ld/es/1.0/board.xml as part xczu59dr-ffvf1760-2-i-es1 specified in board_part file is either invalid or not available
WARNING: [Board 49-26] cannot add Board Part xilinx.com:zcu670:part0:1.0 available at /proj/xbuilds/SWIP/2021.2_1021_0703/installs/lin64/Vivado/2021.2/data/xhub/boards/XilinxBoardStore/boards/Xilinx/zcu670/1.0/board.xml as part xczu67dr-fsve1156-2-i specified in board_part file is either invalid or not available
create_project: Time (s): cpu = 00:00:05 ; elapsed = 00:00:08 . Memory (MB): peak = 10033.977 ; gain = 0.000 ; free physical = 698 ; free virtual = 24690
INFO: [IP_Flow 19-234] Refreshing IP repositories
INFO: [IP_Flow 19-1700] Loaded user IP repository '/home/cdickins/reuse/gyro2tester-main/vivado/ip_repo'.
INFO: [IP_Flow 19-795] Syncing license key meta-data
ipx::edit_ip_in_project: Time (s): cpu = 00:00:06 ; elapsed = 00:00:10 . Memory (MB): peak = 10033.977 ; gain = 0.000 ; free physical = 678 ; free virtual = 24670
update_compile_order -fileset sources_1
ipx::merge_project_changes files [ipx::current_core]
WARNING: [IP_Flow 19-3833] Unreferenced file from the top module is not packaged: '/home/cdickins/reuse/gyro2tester-main/vivado/ip_repo/axis_stream_fifo_1.0/src/axis_stream_fifo_v1_0_M00_AXIS.sv'.
WARNING: [IP_Flow 19-5226] Project source file '/home/cdickins/reuse/gyro2tester-main/vivado/ip_repo/axis_stream_fifo_1.0/component.xml' ignored by IP packager.
WARNING: [IP_Flow 19-5109] File Group 'xilinx_verilogsynthesis (Verilog Synthesis)': File '/home/cdickins/reuse/gyro2tester-main/vivado/ip_repo/axis_stream_fifo_1.0/src/axis_stream_fifo_v1_0_M00_AXIS.sv' does not exist in the project sources. It has been removed from the packaged IP. If still required, please add this file to the project, merge sources and re-package.
WARNING: [IP_Flow 19-5109] File Group 'xilinx_verilogbehavioralsimulation (Verilog Simulation)': File '/home/cdickins/reuse/gyro2tester-main/vivado/ip_repo/axis_stream_fifo_1.0/src/axis_stream_fifo_v1_0_M00_AXIS.sv' does not exist in the project sources. It has been removed from the packaged IP. If still required, please add this file to the project, merge sources and re-package.
export_ip_user_files -of_objects  [get_files /home/cdickins/reuse/gyro2tester-main/vivado/ip_repo/axis_stream_fifo_1.0/src/axis_stream_fifo_v1_0_M00_AXIS.sv] -no_script -reset -force -quiet
remove_files  /home/cdickins/reuse/gyro2tester-main/vivado/ip_repo/axis_stream_fifo_1.0/src/axis_stream_fifo_v1_0_M00_AXIS.sv
ipx::merge_project_changes hdl_parameters [ipx::current_core]
WARNING: [IP_Flow 19-5226] Project source file '/home/cdickins/reuse/gyro2tester-main/vivado/ip_repo/axis_stream_fifo_1.0/component.xml' ignored by IP packager.
WARNING: [IP_Flow 19-5101] Packaging a component with a SystemVerilog top file is not fully supported. Please refer to UG1118 'Creating and Packaging Custom IP'.
INFO: [IP_Flow 19-1976] HDL Parser: Replacing 'MEM_ADDR_WIDTH' by 13 for port or parameter 'mem0_odd'
INFO: [IP_Flow 19-1976] HDL Parser: Replacing 'MEM_ADDR_WIDTH' by 13 for port or parameter 'mem0_even'
INFO: [IP_Flow 19-1976] HDL Parser: Replacing 'MEM_ADDR_WIDTH' by 13 for port or parameter 'mem1_odd'
INFO: [IP_Flow 19-1976] HDL Parser: Replacing 'MEM_ADDR_WIDTH' by 13 for port or parameter 'mem1_even'
INFO: [IP_Flow 19-1976] HDL Parser: Replacing 'MEM_ADDR_WIDTH' by 13 for port or parameter 'mem2_odd'
INFO: [IP_Flow 19-1976] HDL Parser: Replacing 'MEM_ADDR_WIDTH' by 13 for port or parameter 'mem2_even'
INFO: [IP_Flow 19-1976] HDL Parser: Replacing 'WR_ADDR_WIDTH' by 16 for port or parameter 'wr_ptr_reg0'
INFO: [IP_Flow 19-1976] HDL Parser: Replacing 'WR_ADDR_WIDTH' by 16 for port or parameter 'wr_ptr_reg1'
INFO: [IP_Flow 19-1976] HDL Parser: Replacing 'WR_ADDR_WIDTH' by 16 for port or parameter 'wr_ptr_reg2'
INFO: [IP_Flow 19-3166] Bus Interface 'S00_AXI': References existing memory map 'S00_AXI'.
set_property core_revision 62 [ipx::current_core]
ipx::update_source_project_archive -component [ipx::current_core]
ipx::update_checksums [ipx::current_core]
ipx::check_integrity [ipx::current_core]
WARNING: [IP_Flow 19-3157] Bus Interface 'rst_n': Bus parameter POLARITY is ACTIVE_LOW but port 'rst_n' is not *resetn - please double check the POLARITY setting.
INFO: [IP_Flow 19-2181] Payment Required is not set for this core.
INFO: [IP_Flow 19-2187] The Product Guide file is missing.
INFO: [Ipptcl 7-1486] check_integrity: Integrity check passed.
ipx::save_core [ipx::current_core]
ipx::move_temp_component_back -component [ipx::current_core]
close_project -delete
update_ip_catalog -rebuild -repo_path /home/cdickins/reuse/gyro2tester-main/vivado/ip_repo
INFO: [IP_Flow 19-725] Reloaded user IP repository '/home/cdickins/reuse/gyro2tester-main/vivado/ip_repo'
