#-----------------------------------------------------------
# Vivado v2021.2 (64-bit)
# SW Build 3367213 on Tue Oct 19 02:47:39 MDT 2021
# IP Build 3369179 on Thu Oct 21 08:25:16 MDT 2021
# Start of session at: Tue Apr 19 13:50:53 2022
# Process ID: 15662
# Current directory: /home/cdickins/reuse/gyro2tester-main/vivado
# Command line: vivado
# Log file: /home/cdickins/reuse/gyro2tester-main/vivado/vivado.log
# Journal file: /home/cdickins/reuse/gyro2tester-main/vivado/vivado.jou
# Running On: xsjcdickins40x, OS: Linux, CPU Frequency: 2600.248 MHz, CPU Physical cores: 8, Host memory: 33556 MB
#-----------------------------------------------------------
start_gui
WARNING: [Board 49-26] cannot add Board Part xilinx.com:vck190_es:part0:1.3 available at /proj/xbuilds/SWIP/2021.2_1021_0703/installs/lin64/Vivado/2021.2/data/xhub/boards/XilinxBoardStore/boards/Xilinx/vck190/es/1.3/board.xml as part xcvc1902-vsva2197-2mp-e-s-es1 specified in board_part file is either invalid or not available
WARNING: [Board 49-26] cannot add Board Part xilinx.com:vmk180_es:part0:1.3 available at /proj/xbuilds/SWIP/2021.2_1021_0703/installs/lin64/Vivado/2021.2/data/xhub/boards/XilinxBoardStore/boards/Xilinx/vmk180/es/1.3/board.xml as part xcvm1802-vsva2197-2mp-e-s-es1 specified in board_part file is either invalid or not available
WARNING: [Board 49-26] cannot add Board Part xilinx.com:vpk120_es:part0:1.2 available at /proj/xbuilds/SWIP/2021.2_1021_0703/installs/lin64/Vivado/2021.2/data/xhub/boards/XilinxBoardStore/boards/Xilinx/vpk120/es/1.2/board.xml as part xcvp1202-vsva2785-2mp-e-s-es1 specified in board_part file is either invalid or not available
WARNING: [Board 49-26] cannot add Board Part xilinx.com:zcu208ld:part0:2.0 available at /proj/xbuilds/SWIP/2021.2_1021_0703/installs/lin64/Vivado/2021.2/data/xhub/boards/XilinxBoardStore/boards/Xilinx/zcu208ld/production/2.0/board.xml as part xczu58dr-fsvg1517-2-i specified in board_part file is either invalid or not available
WARNING: [Board 49-26] cannot add Board Part xilinx.com:zcu208ld_es:part0:1.0 available at /proj/xbuilds/SWIP/2021.2_1021_0703/installs/lin64/Vivado/2021.2/data/xhub/boards/XilinxBoardStore/boards/Xilinx/zcu208ld/es/1.0/board.xml as part xczu58dr-fsvg1517-2-i-es1 specified in board_part file is either invalid or not available
WARNING: [Board 49-26] cannot add Board Part xilinx.com:zcu216ld:part0:2.0 available at /proj/xbuilds/SWIP/2021.2_1021_0703/installs/lin64/Vivado/2021.2/data/xhub/boards/XilinxBoardStore/boards/Xilinx/zcu216ld/production/2.0/board.xml as part xczu59dr-ffvf1760-2-i specified in board_part file is either invalid or not available
WARNING: [Board 49-26] cannot add Board Part xilinx.com:zcu216ld_es:part0:1.0 available at /proj/xbuilds/SWIP/2021.2_1021_0703/installs/lin64/Vivado/2021.2/data/xhub/boards/XilinxBoardStore/boards/Xilinx/zcu216ld/es/1.0/board.xml as part xczu59dr-ffvf1760-2-i-es1 specified in board_part file is either invalid or not available
WARNING: [Board 49-26] cannot add Board Part xilinx.com:zcu670:part0:1.0 available at /proj/xbuilds/SWIP/2021.2_1021_0703/installs/lin64/Vivado/2021.2/data/xhub/boards/XilinxBoardStore/boards/Xilinx/zcu670/1.0/board.xml as part xczu67dr-fsve1156-2-i specified in board_part file is either invalid or not available
open_project /home/cdickins/reuse/gyro2tester-main/vivado/project/gyro2_tester.xpr
CRITICAL WARNING: [Project 1-19] Could not find the file '/home/cdickins/reuse/gyro2tester-main/vivado/C:/Xilinx_projects/gyro2tester/vivado/project/gyro2_tester.srcs/utils_1/imports/synth_1/design_2_wrapper.dcp'.
WARNING: [Project 1-865] Could not find the file /home/cdickins/reuse/gyro2tester-main/vivado/C:/Xilinx_projects/gyro2tester/vivado/project/gyro2_tester.srcs/utils_1/imports/synth_1/design_2_wrapper.dcp
Scanning sources...
Finished scanning sources
INFO: [IP_Flow 19-234] Refreshing IP repositories
INFO: [IP_Flow 19-1700] Loaded user IP repository '/home/cdickins/reuse/gyro2tester-main/vivado/ip_repo'.
INFO: [IP_Flow 19-2313] Loaded Vivado IP repository '/proj/xbuilds/SWIP/2021.2_1021_0703/installs/lin64/Vivado/2021.2/data/ip'.
WARNING: [BD 41-1661] One or more IPs have been locked in the design 'design_2.bd'. Please run report_ip_status for more details and recommendations on how to fix this issue.
List of locked IPs:
design_2_RxFIFO_0

open_project: Time (s): cpu = 00:00:19 ; elapsed = 00:00:14 . Memory (MB): peak = 8086.949 ; gain = 133.336 ; free physical = 4019 ; free virtual = 27986
update_compile_order -fileset sources_1
open_bd_design {/home/cdickins/reuse/gyro2tester-main/vivado/project/gyro2_tester.srcs/sources_1/bd/design_2/design_2.bd}
Reading block design file </home/cdickins/reuse/gyro2tester-main/vivado/project/gyro2_tester.srcs/sources_1/bd/design_2/design_2.bd>...
Adding component instance block -- xilinx.com:ip:axi_interconnect:2.1 - AXI_Register_Demux
Adding component instance block -- xilinx.com:ip:axi_crossbar:2.1 - xbar
Adding component instance block -- xilinx.com:ip:axi_protocol_converter:2.1 - auto_pc
Adding component instance block -- xilinx.com:ip:xlconcat:2.1 - xlconcat_1
Adding component instance block -- xilinx.com:ip:axi_dma:7.1 - axi_dma_0
WARNING: [BD 41-1282] Ignoring parameter HAS_BURST
WARNING: [BD 41-1281] Parameter HAS_BURST is not defined on /axi_dma_0/M_AXIS_MM2S. Setting parameter on /axi_dma_0/M_AXIS_MM2S failed
Adding component instance block -- xilinx.com:ip:axis_switch:1.1 - axis_switch_0
WARNING: [BD 41-176] The physical port 'S_AXI_CTRL_aximm_wr_socket' specified in the portmap, is not found on the block! 
WARNING: [BD 41-176] The physical port 'S_AXI_CTRL_aximm_rd_socket' specified in the portmap, is not found on the block! 
Adding component instance block -- xilinx.com:ip:axis_switch:1.1 - axis_switch_1
WARNING: [BD 41-176] The physical port 'S_AXI_CTRL_aximm_wr_socket' specified in the portmap, is not found on the block! 
WARNING: [BD 41-176] The physical port 'S_AXI_CTRL_aximm_rd_socket' specified in the portmap, is not found on the block! 
Adding component instance block -- xilinx.com:module_ref:data_processor:1.0 - data_processor_0
Adding component instance block -- xilinx.com:ip:proc_sys_reset:5.0 - txclk_reset_domain
Adding component instance block -- xilinx.com:ip:proc_sys_reset:5.0 - clk_reset_domain
Adding component instance block -- xilinx.com:ip:processing_system7:5.5 - processing_system7_0
Adding component instance block -- xilinx.com:ip:smartconnect:1.0 - axi_smc
Adding component instance block -- xilinx.com:user:BiDirChannels:1.0 - BiDirChannels_0
Adding component instance block -- xilinx.com:ip:axis_switch:1.1 - axis_switch_2
WARNING: [BD 41-176] The physical port 'S_AXI_CTRL_aximm_wr_socket' specified in the portmap, is not found on the block! 
WARNING: [BD 41-176] The physical port 'S_AXI_CTRL_aximm_rd_socket' specified in the portmap, is not found on the block! 
Adding component instance block -- xilinx.com:ip:axis_switch:1.1 - axis_switch_3
WARNING: [BD 41-176] The physical port 'S_AXI_CTRL_aximm_wr_socket' specified in the portmap, is not found on the block! 
WARNING: [BD 41-176] The physical port 'S_AXI_CTRL_aximm_rd_socket' specified in the portmap, is not found on the block! 
Adding component instance block -- xilinx.com:user:axis_stream_fifo:1.0 - RxFIFO
Adding component instance block -- xilinx.com:module_ref:led_driver:1.0 - led_driver_0
Adding component instance block -- xilinx.com:user:axi4_pl_SPI_ip:1.0 - SPI_ip_0
Adding component instance block -- xilinx.com:module_ref:iobuf_xil:1.0 - iobuf_xil_0
Adding component instance block -- user.org:user:axis_stream_txfifo:2.0 - TxFIFO
Successfully read diagram <design_2> from block design file </home/cdickins/reuse/gyro2tester-main/vivado/project/gyro2_tester.srcs/sources_1/bd/design_2/design_2.bd>
open_bd_design: Time (s): cpu = 00:00:17 ; elapsed = 00:00:12 . Memory (MB): peak = 8317.074 ; gain = 0.000 ; free physical = 1754 ; free virtual = 25738
report_ip_status -name ip_status 
upgrade_ip -vlnv xilinx.com:user:axis_stream_fifo:1.0 [get_ips  design_2_RxFIFO_0] -log ip_upgrade.log
Upgrading '/home/cdickins/reuse/gyro2tester-main/vivado/project/gyro2_tester.srcs/sources_1/bd/design_2/design_2.bd'
INFO: [IP_Flow 19-3422] Upgraded design_2_RxFIFO_0 (axis_stream_fifo_v1.0 1.0) from revision 61 to revision 62
Wrote  : </home/cdickins/reuse/gyro2tester-main/vivado/project/gyro2_tester.srcs/sources_1/bd/design_2/design_2.bd> 
Wrote  : </home/cdickins/reuse/gyro2tester-main/vivado/project/gyro2_tester.srcs/sources_1/bd/design_2/ui/bd_1fdbff51.ui> 
INFO: [Coretcl 2-1525] Wrote upgrade log to '/home/cdickins/reuse/gyro2tester-main/vivado/project/ip_upgrade.log'.
export_ip_user_files -of_objects [get_ips design_2_RxFIFO_0] -no_script -sync -force -quiet
report_ip_status -name ip_status 
reset_run synth_1
reset_run design_2_xbar_0_synth_1
launch_runs impl_1 -to_step write_bitstream -jobs 4 -cluster_configuration lsf
INFO: [xilinx.com:ip:smartconnect:1.0-1] design_2_smartconnect_0_0: SmartConnect design_2_smartconnect_0_0 is in High-performance Mode.
INFO: [Ipptcl 7-1463] No Compatible Board Interface found. Board Tab not created in customize GUI
CRITICAL WARNING: [BD 41-1761] Reset pin '/BiDirChannels_0/tx_rstn' is found to be associated with multiple clock pins, which are not compatible w.r.t frequency, phase and clock-domain. This may prevent design from functioning correctly. Please ensure same reset pin is either not associated with different clock pins or all associated clock pins are driven by same or compatible clock source(s). List of associated clock pins:
/BiDirChannels_0/txclk
/BiDirChannels_0/MCK_P
/BiDirChannels_0/MCK_N
/BiDirChannels_0/SYNCK

Wrote  : </home/cdickins/reuse/gyro2tester-main/vivado/project/gyro2_tester.srcs/sources_1/bd/design_2/design_2.bd> 
Wrote  : </home/cdickins/reuse/gyro2tester-main/vivado/project/gyro2_tester.srcs/sources_1/bd/design_2/ui/bd_1fdbff51.ui> 
VHDL Output written to : /home/cdickins/reuse/gyro2tester-main/vivado/project/gyro2_tester.gen/sources_1/bd/design_2/synth/design_2.v
VHDL Output written to : /home/cdickins/reuse/gyro2tester-main/vivado/project/gyro2_tester.gen/sources_1/bd/design_2/sim/design_2.v
VHDL Output written to : /home/cdickins/reuse/gyro2tester-main/vivado/project/gyro2_tester.gen/sources_1/bd/design_2/hdl/design_2_wrapper.v
Exporting to file /home/cdickins/reuse/gyro2tester-main/vivado/project/gyro2_tester.gen/sources_1/bd/design_2/ip/design_2_smartconnect_0_0/bd_0/hw_handoff/design_2_smartconnect_0_0.hwh
Generated Hardware Definition File /home/cdickins/reuse/gyro2tester-main/vivado/project/gyro2_tester.gen/sources_1/bd/design_2/ip/design_2_smartconnect_0_0/bd_0/synth/design_2_smartconnect_0_0.hwdef
INFO: [BD 41-1029] Generation completed for the IP Integrator block axi_smc .
INFO: [BD 41-1029] Generation completed for the IP Integrator block RxFIFO .
INFO: [BD 41-1029] Generation completed for the IP Integrator block iobuf_xil_0 .
INFO: [BD 41-1029] Generation completed for the IP Integrator block TxFIFO .
WARNING: [IP_Flow 19-4994] Overwriting existing constraint file '/home/cdickins/reuse/gyro2tester-main/vivado/project/gyro2_tester.gen/sources_1/bd/design_2/ip/design_2_auto_pc_0/design_2_auto_pc_0_ooc.xdc'
INFO: [BD 41-1029] Generation completed for the IP Integrator block AXI_Register_Demux/s00_couplers/auto_pc .
Exporting to file /home/cdickins/reuse/gyro2tester-main/vivado/project/gyro2_tester.gen/sources_1/bd/design_2/hw_handoff/design_2.hwh
Generated Hardware Definition File /home/cdickins/reuse/gyro2tester-main/vivado/project/gyro2_tester.gen/sources_1/bd/design_2/synth/design_2.hwdef
INFO: [IP_Flow 19-4993] Using cached IP synthesis design for IP design_2_auto_pc_0, cache-ID = a7bb86cd648d609a; cache size = 127.985 MB.
INFO: [IP_Flow 19-4993] Using cached IP synthesis design for IP design_2_smartconnect_0_0, cache-ID = 342fc652e03eb641; cache size = 127.985 MB.
[Tue Apr 19 13:54:32 2022] Launched design_2_xbar_0_synth_1, design_2_RxFIFO_0_synth_1, design_2_iobuf_xil_0_0_synth_1, design_2_axis_stream_txfifo_0_2_synth_1, synth_1...
Run output will be captured here:
design_2_xbar_0_synth_1: /home/cdickins/reuse/gyro2tester-main/vivado/project/gyro2_tester.runs/design_2_xbar_0_synth_1/runme.log
design_2_RxFIFO_0_synth_1: /home/cdickins/reuse/gyro2tester-main/vivado/project/gyro2_tester.runs/design_2_RxFIFO_0_synth_1/runme.log
design_2_iobuf_xil_0_0_synth_1: /home/cdickins/reuse/gyro2tester-main/vivado/project/gyro2_tester.runs/design_2_iobuf_xil_0_0_synth_1/runme.log
design_2_axis_stream_txfifo_0_2_synth_1: /home/cdickins/reuse/gyro2tester-main/vivado/project/gyro2_tester.runs/design_2_axis_stream_txfifo_0_2_synth_1/runme.log
synth_1: /home/cdickins/reuse/gyro2tester-main/vivado/project/gyro2_tester.runs/synth_1/runme.log
[Tue Apr 19 13:54:32 2022] Launched impl_1...
Run output will be captured here: /home/cdickins/reuse/gyro2tester-main/vivado/project/gyro2_tester.runs/impl_1/runme.log
launch_runs: Time (s): cpu = 00:01:11 ; elapsed = 00:01:44 . Memory (MB): peak = 10068.637 ; gain = 239.926 ; free physical = 1232 ; free virtual = 25184
open_run synth_1 -name synth_1
Design is defaulting to impl run constrset: constrs_1
Design is defaulting to synth run part: xc7z020clg484-1
INFO: [Device 21-403] Loading part xc7z020clg484-1
INFO: [Project 1-454] Reading design checkpoint '/home/cdickins/reuse/gyro2tester-main/vivado/project/gyro2_tester.gen/sources_1/bd/design_2/ip/design_2_BiDirChannels_0_0/design_2_BiDirChannels_0_0.dcp' for cell 'design_2_i/BiDirChannels_0'
INFO: [Project 1-454] Reading design checkpoint '/home/cdickins/reuse/gyro2tester-main/vivado/project/gyro2_tester.gen/sources_1/bd/design_2/ip/design_2_RxFIFO_0/design_2_RxFIFO_0.dcp' for cell 'design_2_i/RxFIFO'
INFO: [Project 1-454] Reading design checkpoint '/home/cdickins/reuse/gyro2tester-main/vivado/project/gyro2_tester.gen/sources_1/bd/design_2/ip/design_2_SPI_ip_0_0/design_2_SPI_ip_0_0.dcp' for cell 'design_2_i/SPI_ip_0'
INFO: [Project 1-454] Reading design checkpoint '/home/cdickins/reuse/gyro2tester-main/vivado/project/gyro2_tester.gen/sources_1/bd/design_2/ip/design_2_axis_stream_txfifo_0_2/design_2_axis_stream_txfifo_0_2.dcp' for cell 'design_2_i/TxFIFO'
INFO: [Project 1-454] Reading design checkpoint '/home/cdickins/reuse/gyro2tester-main/vivado/project/gyro2_tester.gen/sources_1/bd/design_2/ip/design_2_axi_dma_0_0/design_2_axi_dma_0_0.dcp' for cell 'design_2_i/axi_dma_0'
INFO: [Project 1-454] Reading design checkpoint '/home/cdickins/reuse/gyro2tester-main/vivado/project/gyro2_tester.gen/sources_1/bd/design_2/ip/design_2_smartconnect_0_0/design_2_smartconnect_0_0.dcp' for cell 'design_2_i/axi_smc'
INFO: [Project 1-454] Reading design checkpoint '/home/cdickins/reuse/gyro2tester-main/vivado/project/gyro2_tester.gen/sources_1/bd/design_2/ip/design_2_axis_switch_0_0/design_2_axis_switch_0_0.dcp' for cell 'design_2_i/axis_switch_0'
INFO: [Project 1-454] Reading design checkpoint '/home/cdickins/reuse/gyro2tester-main/vivado/project/gyro2_tester.gen/sources_1/bd/design_2/ip/design_2_axis_switch_1_0/design_2_axis_switch_1_0.dcp' for cell 'design_2_i/axis_switch_1'
INFO: [Project 1-454] Reading design checkpoint '/home/cdickins/reuse/gyro2tester-main/vivado/project/gyro2_tester.gen/sources_1/bd/design_2/ip/design_2_axis_switch_2_0/design_2_axis_switch_2_0.dcp' for cell 'design_2_i/axis_switch_2'
INFO: [Project 1-454] Reading design checkpoint '/home/cdickins/reuse/gyro2tester-main/vivado/project/gyro2_tester.gen/sources_1/bd/design_2/ip/design_2_axis_switch_3_0/design_2_axis_switch_3_0.dcp' for cell 'design_2_i/axis_switch_3'
INFO: [Project 1-454] Reading design checkpoint '/home/cdickins/reuse/gyro2tester-main/vivado/project/gyro2_tester.gen/sources_1/bd/design_2/ip/design_2_proc_sys_reset_0_2/design_2_proc_sys_reset_0_2.dcp' for cell 'design_2_i/clk_reset_domain'
INFO: [Project 1-454] Reading design checkpoint '/home/cdickins/reuse/gyro2tester-main/vivado/project/gyro2_tester.gen/sources_1/bd/design_2/ip/design_2_data_processor_0_0/design_2_data_processor_0_0.dcp' for cell 'design_2_i/data_processor_0'
INFO: [Project 1-454] Reading design checkpoint '/home/cdickins/reuse/gyro2tester-main/vivado/project/gyro2_tester.gen/sources_1/bd/design_2/ip/design_2_iobuf_xil_0_0/design_2_iobuf_xil_0_0.dcp' for cell 'design_2_i/iobuf_xil_0'
INFO: [Project 1-454] Reading design checkpoint '/home/cdickins/reuse/gyro2tester-main/vivado/project/gyro2_tester.gen/sources_1/bd/design_2/ip/design_2_led_driver_0_0/design_2_led_driver_0_0.dcp' for cell 'design_2_i/led_driver_0'
INFO: [Project 1-454] Reading design checkpoint '/home/cdickins/reuse/gyro2tester-main/vivado/project/gyro2_tester.gen/sources_1/bd/design_2/ip/design_2_processing_system7_0_0/design_2_processing_system7_0_0.dcp' for cell 'design_2_i/processing_system7_0'
INFO: [Project 1-454] Reading design checkpoint '/home/cdickins/reuse/gyro2tester-main/vivado/project/gyro2_tester.gen/sources_1/bd/design_2/ip/design_2_proc_sys_reset_0_1/design_2_proc_sys_reset_0_1.dcp' for cell 'design_2_i/txclk_reset_domain'
INFO: [Project 1-454] Reading design checkpoint '/home/cdickins/reuse/gyro2tester-main/vivado/project/gyro2_tester.gen/sources_1/bd/design_2/ip/design_2_xbar_0/design_2_xbar_0.dcp' for cell 'design_2_i/AXI_Register_Demux/xbar'
INFO: [Project 1-454] Reading design checkpoint '/home/cdickins/reuse/gyro2tester-main/vivado/project/gyro2_tester.gen/sources_1/bd/design_2/ip/design_2_auto_pc_0/design_2_auto_pc_0.dcp' for cell 'design_2_i/AXI_Register_Demux/s00_couplers/auto_pc'
Netlist sorting complete. Time (s): cpu = 00:00:00.53 ; elapsed = 00:00:00.53 . Memory (MB): peak = 10068.637 ; gain = 0.000 ; free physical = 1043 ; free virtual = 24842
INFO: [Netlist 29-17] Analyzing 20814 Unisim elements for replacement
INFO: [Netlist 29-28] Unisim Transformation completed in 7 CPU seconds
INFO: [Project 1-479] Netlist was created with Vivado 2021.2
INFO: [Project 1-570] Preparing netlist for logic optimization
WARNING: [Constraints 18-550] Could not create 'SLEW' constraint because net 'design_2_i/iobuf_xil_0/I' is not directly connected to top level port. Synthesis is ignored for SLEW but preserved for implementation.
WARNING: [Constraints 18-550] Could not create 'DRIVE' constraint because net 'design_2_i/iobuf_xil_0/I' is not directly connected to top level port. Synthesis is ignored for DRIVE but preserved for implementation.
WARNING: [Constraints 18-550] Could not create 'IBUF_LOW_PWR' constraint because net 'design_2_i/iobuf_xil_0/I' is not directly connected to top level port. Synthesis is ignored for IBUF_LOW_PWR but preserved for implementation.
WARNING: [Constraints 18-550] Could not create 'SLEW' constraint because net 'design_2_i/iobuf_xil_0/O' is not directly connected to top level port. Synthesis is ignored for SLEW but preserved for implementation.
WARNING: [Constraints 18-550] Could not create 'DRIVE' constraint because net 'design_2_i/iobuf_xil_0/O' is not directly connected to top level port. Synthesis is ignored for DRIVE but preserved for implementation.
WARNING: [Constraints 18-550] Could not create 'IBUF_LOW_PWR' constraint because net 'design_2_i/iobuf_xil_0/O' is not directly connected to top level port. Synthesis is ignored for IBUF_LOW_PWR but preserved for implementation.
WARNING: [Constraints 18-550] Could not create 'SLEW' constraint because net 'design_2_i/iobuf_xil_0/T' is not directly connected to top level port. Synthesis is ignored for SLEW but preserved for implementation.
WARNING: [Constraints 18-550] Could not create 'DRIVE' constraint because net 'design_2_i/iobuf_xil_0/T' is not directly connected to top level port. Synthesis is ignored for DRIVE but preserved for implementation.
WARNING: [Constraints 18-550] Could not create 'IBUF_LOW_PWR' constraint because net 'design_2_i/iobuf_xil_0/T' is not directly connected to top level port. Synthesis is ignored for IBUF_LOW_PWR but preserved for implementation.
Parsing XDC File [/home/cdickins/reuse/gyro2tester-main/vivado/project/gyro2_tester.gen/sources_1/bd/design_2/ip/design_2_axi_dma_0_0/design_2_axi_dma_0_0.xdc] for cell 'design_2_i/axi_dma_0/U0'
WARNING: [Vivado_Tcl 4-921] Waiver ID 'CDC-1' -to list should not be empty. [/home/cdickins/reuse/gyro2tester-main/vivado/project/gyro2_tester.gen/sources_1/bd/design_2/ip/design_2_axi_dma_0_0/design_2_axi_dma_0_0.xdc:52]
WARNING: [Vivado_Tcl 4-921] Waiver ID 'CDC-1' -to list should not be empty. [/home/cdickins/reuse/gyro2tester-main/vivado/project/gyro2_tester.gen/sources_1/bd/design_2/ip/design_2_axi_dma_0_0/design_2_axi_dma_0_0.xdc:56]
WARNING: [Vivado_Tcl 4-919] Waiver ID 'CDC-1' -from list should not be empty. [/home/cdickins/reuse/gyro2tester-main/vivado/project/gyro2_tester.gen/sources_1/bd/design_2/ip/design_2_axi_dma_0_0/design_2_axi_dma_0_0.xdc:61]
Finished Parsing XDC File [/home/cdickins/reuse/gyro2tester-main/vivado/project/gyro2_tester.gen/sources_1/bd/design_2/ip/design_2_axi_dma_0_0/design_2_axi_dma_0_0.xdc] for cell 'design_2_i/axi_dma_0/U0'
Parsing XDC File [/home/cdickins/reuse/gyro2tester-main/vivado/project/gyro2_tester.gen/sources_1/bd/design_2/ip/design_2_proc_sys_reset_0_1/design_2_proc_sys_reset_0_1_board.xdc] for cell 'design_2_i/txclk_reset_domain/U0'
Finished Parsing XDC File [/home/cdickins/reuse/gyro2tester-main/vivado/project/gyro2_tester.gen/sources_1/bd/design_2/ip/design_2_proc_sys_reset_0_1/design_2_proc_sys_reset_0_1_board.xdc] for cell 'design_2_i/txclk_reset_domain/U0'
Parsing XDC File [/home/cdickins/reuse/gyro2tester-main/vivado/project/gyro2_tester.gen/sources_1/bd/design_2/ip/design_2_proc_sys_reset_0_1/design_2_proc_sys_reset_0_1.xdc] for cell 'design_2_i/txclk_reset_domain/U0'
Finished Parsing XDC File [/home/cdickins/reuse/gyro2tester-main/vivado/project/gyro2_tester.gen/sources_1/bd/design_2/ip/design_2_proc_sys_reset_0_1/design_2_proc_sys_reset_0_1.xdc] for cell 'design_2_i/txclk_reset_domain/U0'
Parsing XDC File [/home/cdickins/reuse/gyro2tester-main/vivado/project/gyro2_tester.gen/sources_1/bd/design_2/ip/design_2_proc_sys_reset_0_2/design_2_proc_sys_reset_0_2_board.xdc] for cell 'design_2_i/clk_reset_domain/U0'
Finished Parsing XDC File [/home/cdickins/reuse/gyro2tester-main/vivado/project/gyro2_tester.gen/sources_1/bd/design_2/ip/design_2_proc_sys_reset_0_2/design_2_proc_sys_reset_0_2_board.xdc] for cell 'design_2_i/clk_reset_domain/U0'
Parsing XDC File [/home/cdickins/reuse/gyro2tester-main/vivado/project/gyro2_tester.gen/sources_1/bd/design_2/ip/design_2_proc_sys_reset_0_2/design_2_proc_sys_reset_0_2.xdc] for cell 'design_2_i/clk_reset_domain/U0'
Finished Parsing XDC File [/home/cdickins/reuse/gyro2tester-main/vivado/project/gyro2_tester.gen/sources_1/bd/design_2/ip/design_2_proc_sys_reset_0_2/design_2_proc_sys_reset_0_2.xdc] for cell 'design_2_i/clk_reset_domain/U0'
Parsing XDC File [/home/cdickins/reuse/gyro2tester-main/vivado/project/gyro2_tester.gen/sources_1/bd/design_2/ip/design_2_processing_system7_0_0/design_2_processing_system7_0_0.xdc] for cell 'design_2_i/processing_system7_0/inst'
Finished Parsing XDC File [/home/cdickins/reuse/gyro2tester-main/vivado/project/gyro2_tester.gen/sources_1/bd/design_2/ip/design_2_processing_system7_0_0/design_2_processing_system7_0_0.xdc] for cell 'design_2_i/processing_system7_0/inst'
Parsing XDC File [/home/cdickins/reuse/gyro2tester-main/vivado/project/gyro2_tester.gen/sources_1/bd/design_2/ip/design_2_smartconnect_0_0/bd_0/ip/ip_1/bd_0c5c_psr_aclk_0_board.xdc] for cell 'design_2_i/axi_smc/inst/clk_map/psr_aclk/U0'
Finished Parsing XDC File [/home/cdickins/reuse/gyro2tester-main/vivado/project/gyro2_tester.gen/sources_1/bd/design_2/ip/design_2_smartconnect_0_0/bd_0/ip/ip_1/bd_0c5c_psr_aclk_0_board.xdc] for cell 'design_2_i/axi_smc/inst/clk_map/psr_aclk/U0'
Parsing XDC File [/home/cdickins/reuse/gyro2tester-main/vivado/project/gyro2_tester.gen/sources_1/bd/design_2/ip/design_2_smartconnect_0_0/bd_0/ip/ip_1/bd_0c5c_psr_aclk_0.xdc] for cell 'design_2_i/axi_smc/inst/clk_map/psr_aclk/U0'
Finished Parsing XDC File [/home/cdickins/reuse/gyro2tester-main/vivado/project/gyro2_tester.gen/sources_1/bd/design_2/ip/design_2_smartconnect_0_0/bd_0/ip/ip_1/bd_0c5c_psr_aclk_0.xdc] for cell 'design_2_i/axi_smc/inst/clk_map/psr_aclk/U0'
Parsing XDC File [/home/cdickins/reuse/gyro2tester-main/vivado/project/gyro2_tester.srcs/constrs_1/imports/new/gyro_constraints.xdc]
WARNING: [Vivado 12-5846] Redefining clock group MULTI [/home/cdickins/reuse/gyro2tester-main/vivado/project/gyro2_tester.srcs/constrs_1/imports/new/gyro_constraints.xdc:142]
Finished Parsing XDC File [/home/cdickins/reuse/gyro2tester-main/vivado/project/gyro2_tester.srcs/constrs_1/imports/new/gyro_constraints.xdc]
Parsing XDC File [/home/cdickins/reuse/gyro2tester-main/vivado/project/gyro2_tester.gen/sources_1/bd/design_2/ip/design_2_axi_dma_0_0/design_2_axi_dma_0_0_clocks.xdc] for cell 'design_2_i/axi_dma_0/U0'
Finished Parsing XDC File [/home/cdickins/reuse/gyro2tester-main/vivado/project/gyro2_tester.gen/sources_1/bd/design_2/ip/design_2_axi_dma_0_0/design_2_axi_dma_0_0_clocks.xdc] for cell 'design_2_i/axi_dma_0/U0'
WARNING: [XPM_CDC_HANDSHAKE: TCL-1000] The source and destination clocks are the same. 
     Instance: design_2_i/axis_switch_0/inst/gen_static_router.gen_synch.inst_cdc_handshake/inst_xpm_cdc_handshake 
  This will add unnecessary latency to the design. Please check the design for the following: 
 1) Manually instantiated XPM_CDC modules: Xilinx recommends that you remove these modules. 
 2) Xilinx IP that contains XPM_CDC modules: Verify the connections to the IP to determine whether you can safely ignore this message.
 [/proj/xbuilds/SWIP/2021.2_1021_0703/installs/lin64/Vivado/2021.2/data/ip/xpm/xpm_cdc/tcl/xpm_cdc_handshake.tcl:19]
WARNING: [XPM_CDC_HANDSHAKE: TCL-1000] The source and destination clocks are the same. 
     Instance: design_2_i/axis_switch_1/inst/gen_static_router.gen_synch.inst_cdc_handshake/inst_xpm_cdc_handshake 
  This will add unnecessary latency to the design. Please check the design for the following: 
 1) Manually instantiated XPM_CDC modules: Xilinx recommends that you remove these modules. 
 2) Xilinx IP that contains XPM_CDC modules: Verify the connections to the IP to determine whether you can safely ignore this message.
 [/proj/xbuilds/SWIP/2021.2_1021_0703/installs/lin64/Vivado/2021.2/data/ip/xpm/xpm_cdc/tcl/xpm_cdc_handshake.tcl:19]
WARNING: [XPM_CDC_HANDSHAKE: TCL-1000] The source and destination clocks are the same. 
     Instance: design_2_i/axis_switch_2/inst/gen_static_router.gen_synch.inst_cdc_handshake/inst_xpm_cdc_handshake 
  This will add unnecessary latency to the design. Please check the design for the following: 
 1) Manually instantiated XPM_CDC modules: Xilinx recommends that you remove these modules. 
 2) Xilinx IP that contains XPM_CDC modules: Verify the connections to the IP to determine whether you can safely ignore this message.
 [/proj/xbuilds/SWIP/2021.2_1021_0703/installs/lin64/Vivado/2021.2/data/ip/xpm/xpm_cdc/tcl/xpm_cdc_handshake.tcl:19]
WARNING: [XPM_CDC_HANDSHAKE: TCL-1000] The source and destination clocks are the same. 
     Instance: design_2_i/axis_switch_3/inst/gen_static_router.gen_synch.inst_cdc_handshake/inst_xpm_cdc_handshake 
  This will add unnecessary latency to the design. Please check the design for the following: 
 1) Manually instantiated XPM_CDC modules: Xilinx recommends that you remove these modules. 
 2) Xilinx IP that contains XPM_CDC modules: Verify the connections to the IP to determine whether you can safely ignore this message.
 [/proj/xbuilds/SWIP/2021.2_1021_0703/installs/lin64/Vivado/2021.2/data/ip/xpm/xpm_cdc/tcl/xpm_cdc_handshake.tcl:19]
INFO: [Project 1-1714] 60 XPM XDC files have been applied to the design.
INFO: [Opt 31-138] Pushed 0 inverter(s) to 0 load pin(s).
Netlist sorting complete. Time (s): cpu = 00:00:00.03 ; elapsed = 00:00:00.03 . Memory (MB): peak = 10948.238 ; gain = 0.000 ; free physical = 442 ; free virtual = 24148
INFO: [Project 1-111] Unisim Transformation Summary:
  A total of 13191 instances were transformed.
  IOBUF => IOBUF (IBUF, OBUFT): 1 instance 
  RAM16X1D => RAM32X1D (RAMD32(x2)): 1 instance 
  RAM32M => RAM32M (RAMD32(x6), RAMS32(x2)): 128 instances
  RAM32X1D => RAM32X1D (RAMD32(x2)): 5 instances
  RAM64M => RAM64M (RAMD64E(x4)): 12928 instances
  RAM64X1D => RAM64X1D (RAMD64E(x2)): 128 instances

open_run: Time (s): cpu = 00:01:07 ; elapsed = 00:00:46 . Memory (MB): peak = 10980.262 ; gain = 911.625 ; free physical = 302 ; free virtual = 24008
report_utilization -name utilization_1
open_bd_design {/home/cdickins/reuse/gyro2tester-main/vivado/project/gyro2_tester.srcs/sources_1/bd/design_2/design_2.bd}
update_ip_catalog -rebuild -scan_changes
INFO: [IP_Flow 19-234] Refreshing IP repositories
INFO: [IP_Flow 19-1700] Loaded user IP repository '/home/cdickins/reuse/gyro2tester-main/vivado/ip_repo'.
report_ip_status -name ip_status
upgrade_ip -vlnv xilinx.com:user:axis_stream_fifo:1.0 [get_ips  design_2_RxFIFO_0] -log ip_upgrade.log
Upgrading '/home/cdickins/reuse/gyro2tester-main/vivado/project/gyro2_tester.srcs/sources_1/bd/design_2/design_2.bd'
INFO: [IP_Flow 19-3420] Updated design_2_RxFIFO_0 to use current project options
Wrote  : </home/cdickins/reuse/gyro2tester-main/vivado/project/gyro2_tester.srcs/sources_1/bd/design_2/design_2.bd> 
Wrote  : </home/cdickins/reuse/gyro2tester-main/vivado/project/gyro2_tester.srcs/sources_1/bd/design_2/ui/bd_1fdbff51.ui> 
INFO: [Coretcl 2-1525] Wrote upgrade log to '/home/cdickins/reuse/gyro2tester-main/vivado/project/ip_upgrade.log'.
export_ip_user_files -of_objects [get_ips design_2_RxFIFO_0] -no_script -sync -force -quiet
reset_run synth_1
launch_runs synth_1 -cluster_configuration lsf
INFO: [xilinx.com:ip:smartconnect:1.0-1] design_2_smartconnect_0_0: SmartConnect design_2_smartconnect_0_0 is in High-performance Mode.
INFO: [Ipptcl 7-1463] No Compatible Board Interface found. Board Tab not created in customize GUI
CRITICAL WARNING: [BD 41-1761] Reset pin '/BiDirChannels_0/tx_rstn' is found to be associated with multiple clock pins, which are not compatible w.r.t frequency, phase and clock-domain. This may prevent design from functioning correctly. Please ensure same reset pin is either not associated with different clock pins or all associated clock pins are driven by same or compatible clock source(s). List of associated clock pins:
/BiDirChannels_0/txclk
/BiDirChannels_0/MCK_P
/BiDirChannels_0/MCK_N
/BiDirChannels_0/SYNCK

Wrote  : </home/cdickins/reuse/gyro2tester-main/vivado/project/gyro2_tester.srcs/sources_1/bd/design_2/design_2.bd> 
VHDL Output written to : /home/cdickins/reuse/gyro2tester-main/vivado/project/gyro2_tester.gen/sources_1/bd/design_2/synth/design_2.v
VHDL Output written to : /home/cdickins/reuse/gyro2tester-main/vivado/project/gyro2_tester.gen/sources_1/bd/design_2/sim/design_2.v
VHDL Output written to : /home/cdickins/reuse/gyro2tester-main/vivado/project/gyro2_tester.gen/sources_1/bd/design_2/hdl/design_2_wrapper.v
Exporting to file /home/cdickins/reuse/gyro2tester-main/vivado/project/gyro2_tester.gen/sources_1/bd/design_2/ip/design_2_smartconnect_0_0/bd_0/hw_handoff/design_2_smartconnect_0_0.hwh
Generated Hardware Definition File /home/cdickins/reuse/gyro2tester-main/vivado/project/gyro2_tester.gen/sources_1/bd/design_2/ip/design_2_smartconnect_0_0/bd_0/synth/design_2_smartconnect_0_0.hwdef
INFO: [BD 41-1029] Generation completed for the IP Integrator block axi_smc .
INFO: [BD 41-1029] Generation completed for the IP Integrator block RxFIFO .
WARNING: [IP_Flow 19-4994] Overwriting existing constraint file '/home/cdickins/reuse/gyro2tester-main/vivado/project/gyro2_tester.gen/sources_1/bd/design_2/ip/design_2_auto_pc_0/design_2_auto_pc_0_ooc.xdc'
INFO: [BD 41-1029] Generation completed for the IP Integrator block AXI_Register_Demux/s00_couplers/auto_pc .
Exporting to file /home/cdickins/reuse/gyro2tester-main/vivado/project/gyro2_tester.gen/sources_1/bd/design_2/hw_handoff/design_2.hwh
Generated Hardware Definition File /home/cdickins/reuse/gyro2tester-main/vivado/project/gyro2_tester.gen/sources_1/bd/design_2/synth/design_2.hwdef
INFO: [IP_Flow 19-4993] Using cached IP synthesis design for IP design_2_auto_pc_0, cache-ID = a7bb86cd648d609a; cache size = 132.675 MB.
INFO: [IP_Flow 19-4993] Using cached IP synthesis design for IP design_2_smartconnect_0_0, cache-ID = 342fc652e03eb641; cache size = 132.675 MB.
[Tue Apr 19 14:49:13 2022] Launched design_2_RxFIFO_0_synth_1...
Run output will be captured here: /home/cdickins/reuse/gyro2tester-main/vivado/project/gyro2_tester.runs/design_2_RxFIFO_0_synth_1/runme.log
[Tue Apr 19 14:49:13 2022] Launched synth_1...
Run output will be captured here: /home/cdickins/reuse/gyro2tester-main/vivado/project/gyro2_tester.runs/synth_1/runme.log
launch_runs: Time (s): cpu = 00:01:00 ; elapsed = 00:01:13 . Memory (MB): peak = 11383.480 ; gain = 244.938 ; free physical = 463 ; free virtual = 23490
update_ip_catalog -rebuild -scan_changes
INFO: [IP_Flow 19-234] Refreshing IP repositories
INFO: [IP_Flow 19-1700] Loaded user IP repository '/home/cdickins/reuse/gyro2tester-main/vivado/ip_repo'.
report_ip_status -name ip_status
ipx::edit_ip_in_project -upgrade true -name axis_stream_fifo_v1_0_project -directory /home/cdickins/reuse/gyro2tester-main/vivado/project/gyro2_tester.tmp/axis_stream_fifo_v1_0_project /home/cdickins/reuse/gyro2tester-main/vivado/ip_repo/axis_stream_fifo_1.0/component.xml
INFO: [IP_Flow 19-234] Refreshing IP repositories
INFO: [IP_Flow 19-1704] No user IP repositories specified
INFO: [IP_Flow 19-2313] Loaded Vivado IP repository '/proj/xbuilds/SWIP/2021.2_1021_0703/installs/lin64/Vivado/2021.2/data/ip'.
WARNING: [Board 49-26] cannot add Board Part xilinx.com:vck190_es:part0:1.3 available at /proj/xbuilds/SWIP/2021.2_1021_0703/installs/lin64/Vivado/2021.2/data/xhub/boards/XilinxBoardStore/boards/Xilinx/vck190/es/1.3/board.xml as part xcvc1902-vsva2197-2mp-e-s-es1 specified in board_part file is either invalid or not available
WARNING: [Board 49-26] cannot add Board Part xilinx.com:vmk180_es:part0:1.3 available at /proj/xbuilds/SWIP/2021.2_1021_0703/installs/lin64/Vivado/2021.2/data/xhub/boards/XilinxBoardStore/boards/Xilinx/vmk180/es/1.3/board.xml as part xcvm1802-vsva2197-2mp-e-s-es1 specified in board_part file is either invalid or not available
WARNING: [Board 49-26] cannot add Board Part xilinx.com:vpk120_es:part0:1.2 available at /proj/xbuilds/SWIP/2021.2_1021_0703/installs/lin64/Vivado/2021.2/data/xhub/boards/XilinxBoardStore/boards/Xilinx/vpk120/es/1.2/board.xml as part xcvp1202-vsva2785-2mp-e-s-es1 specified in board_part file is either invalid or not available
WARNING: [Board 49-26] cannot add Board Part xilinx.com:zcu208ld:part0:2.0 available at /proj/xbuilds/SWIP/2021.2_1021_0703/installs/lin64/Vivado/2021.2/data/xhub/boards/XilinxBoardStore/boards/Xilinx/zcu208ld/production/2.0/board.xml as part xczu58dr-fsvg1517-2-i specified in board_part file is either invalid or not available
WARNING: [Board 49-26] cannot add Board Part xilinx.com:zcu208ld_es:part0:1.0 available at /proj/xbuilds/SWIP/2021.2_1021_0703/installs/lin64/Vivado/2021.2/data/xhub/boards/XilinxBoardStore/boards/Xilinx/zcu208ld/es/1.0/board.xml as part xczu58dr-fsvg1517-2-i-es1 specified in board_part file is either invalid or not available
WARNING: [Board 49-26] cannot add Board Part xilinx.com:zcu216ld:part0:2.0 available at /proj/xbuilds/SWIP/2021.2_1021_0703/installs/lin64/Vivado/2021.2/data/xhub/boards/XilinxBoardStore/boards/Xilinx/zcu216ld/production/2.0/board.xml as part xczu59dr-ffvf1760-2-i specified in board_part file is either invalid or not available
WARNING: [Board 49-26] cannot add Board Part xilinx.com:zcu216ld_es:part0:1.0 available at /proj/xbuilds/SWIP/2021.2_1021_0703/installs/lin64/Vivado/2021.2/data/xhub/boards/XilinxBoardStore/boards/Xilinx/zcu216ld/es/1.0/board.xml as part xczu59dr-ffvf1760-2-i-es1 specified in board_part file is either invalid or not available
WARNING: [Board 49-26] cannot add Board Part xilinx.com:zcu670:part0:1.0 available at /proj/xbuilds/SWIP/2021.2_1021_0703/installs/lin64/Vivado/2021.2/data/xhub/boards/XilinxBoardStore/boards/Xilinx/zcu670/1.0/board.xml as part xczu67dr-fsve1156-2-i specified in board_part file is either invalid or not available
create_project: Time (s): cpu = 00:00:06 ; elapsed = 00:00:10 . Memory (MB): peak = 11383.480 ; gain = 0.000 ; free physical = 517 ; free virtual = 23466
INFO: [IP_Flow 19-234] Refreshing IP repositories
INFO: [IP_Flow 19-1700] Loaded user IP repository '/home/cdickins/reuse/gyro2tester-main/vivado/ip_repo'.
INFO: [IP_Flow 19-795] Syncing license key meta-data
ipx::edit_ip_in_project: Time (s): cpu = 00:00:09 ; elapsed = 00:00:12 . Memory (MB): peak = 11383.480 ; gain = 0.000 ; free physical = 466 ; free virtual = 23415
update_compile_order -fileset sources_1
ipx::merge_project_changes hdl_parameters [ipx::current_core]
WARNING: [IP_Flow 19-5226] Project source file '/home/cdickins/reuse/gyro2tester-main/vivado/ip_repo/axis_stream_fifo_1.0/component.xml' ignored by IP packager.
WARNING: [IP_Flow 19-5101] Packaging a component with a SystemVerilog top file is not fully supported. Please refer to UG1118 'Creating and Packaging Custom IP'.
INFO: [IP_Flow 19-1976] HDL Parser: Replacing 'MEM_ADDR_WIDTH' by 13 for port or parameter 'mem0_odd'
INFO: [IP_Flow 19-1976] HDL Parser: Replacing 'MEM_ADDR_WIDTH' by 13 for port or parameter 'mem0_even'
INFO: [IP_Flow 19-1976] HDL Parser: Replacing 'MEM_ADDR_WIDTH' by 13 for port or parameter 'mem1_odd'
INFO: [IP_Flow 19-1976] HDL Parser: Replacing 'MEM_ADDR_WIDTH' by 13 for port or parameter 'mem1_even'
INFO: [IP_Flow 19-1976] HDL Parser: Replacing 'MEM_ADDR_WIDTH' by 13 for port or parameter 'mem2_odd'
INFO: [IP_Flow 19-1976] HDL Parser: Replacing 'MEM_ADDR_WIDTH' by 13 for port or parameter 'mem2_even'
INFO: [IP_Flow 19-1976] HDL Parser: Replacing 'WR_ADDR_WIDTH' by 16 for port or parameter 'wr_ptr_reg0'
INFO: [IP_Flow 19-1976] HDL Parser: Replacing 'WR_ADDR_WIDTH' by 16 for port or parameter 'wr_ptr_reg1'
INFO: [IP_Flow 19-1976] HDL Parser: Replacing 'WR_ADDR_WIDTH' by 16 for port or parameter 'wr_ptr_reg2'
INFO: [IP_Flow 19-3166] Bus Interface 'S00_AXI': References existing memory map 'S00_AXI'.
set_property core_revision 63 [ipx::current_core]
ipx::update_source_project_archive -component [ipx::current_core]
ipx::update_checksums [ipx::current_core]
ipx::check_integrity [ipx::current_core]
WARNING: [IP_Flow 19-3157] Bus Interface 'rst_n': Bus parameter POLARITY is ACTIVE_LOW but port 'rst_n' is not *resetn - please double check the POLARITY setting.
INFO: [IP_Flow 19-2181] Payment Required is not set for this core.
INFO: [IP_Flow 19-2187] The Product Guide file is missing.
INFO: [Ipptcl 7-1486] check_integrity: Integrity check passed.
ipx::save_core [ipx::current_core]
ipx::move_temp_component_back -component [ipx::current_core]
close_project -delete
update_ip_catalog -rebuild -repo_path /home/cdickins/reuse/gyro2tester-main/vivado/ip_repo
INFO: [IP_Flow 19-725] Reloaded user IP repository '/home/cdickins/reuse/gyro2tester-main/vivado/ip_repo'
upgrade_ip -vlnv xilinx.com:user:axis_stream_fifo:1.0 [get_ips  design_2_RxFIFO_0] -log ip_upgrade.log
Upgrading '/home/cdickins/reuse/gyro2tester-main/vivado/project/gyro2_tester.srcs/sources_1/bd/design_2/design_2.bd'
INFO: [IP_Flow 19-3422] Upgraded design_2_RxFIFO_0 (axis_stream_fifo_v1.0 1.0) from revision 62 to revision 63
Wrote  : </home/cdickins/reuse/gyro2tester-main/vivado/project/gyro2_tester.srcs/sources_1/bd/design_2/design_2.bd> 
Wrote  : </home/cdickins/reuse/gyro2tester-main/vivado/project/gyro2_tester.srcs/sources_1/bd/design_2/ui/bd_1fdbff51.ui> 
INFO: [Coretcl 2-1525] Wrote upgrade log to '/home/cdickins/reuse/gyro2tester-main/vivado/project/ip_upgrade.log'.
export_ip_user_files -of_objects [get_ips design_2_RxFIFO_0] -no_script -sync -force -quiet
report_ip_status -name ip_status 
reset_run synth_1
launch_runs synth_1 -cluster_configuration lsf
INFO: [xilinx.com:ip:smartconnect:1.0-1] design_2_smartconnect_0_0: SmartConnect design_2_smartconnect_0_0 is in High-performance Mode.
INFO: [Ipptcl 7-1463] No Compatible Board Interface found. Board Tab not created in customize GUI
CRITICAL WARNING: [BD 41-1761] Reset pin '/BiDirChannels_0/tx_rstn' is found to be associated with multiple clock pins, which are not compatible w.r.t frequency, phase and clock-domain. This may prevent design from functioning correctly. Please ensure same reset pin is either not associated with different clock pins or all associated clock pins are driven by same or compatible clock source(s). List of associated clock pins:
/BiDirChannels_0/txclk
/BiDirChannels_0/MCK_P
/BiDirChannels_0/MCK_N
/BiDirChannels_0/SYNCK

Wrote  : </home/cdickins/reuse/gyro2tester-main/vivado/project/gyro2_tester.srcs/sources_1/bd/design_2/design_2.bd> 
VHDL Output written to : /home/cdickins/reuse/gyro2tester-main/vivado/project/gyro2_tester.gen/sources_1/bd/design_2/synth/design_2.v
VHDL Output written to : /home/cdickins/reuse/gyro2tester-main/vivado/project/gyro2_tester.gen/sources_1/bd/design_2/sim/design_2.v
VHDL Output written to : /home/cdickins/reuse/gyro2tester-main/vivado/project/gyro2_tester.gen/sources_1/bd/design_2/hdl/design_2_wrapper.v
Exporting to file /home/cdickins/reuse/gyro2tester-main/vivado/project/gyro2_tester.gen/sources_1/bd/design_2/ip/design_2_smartconnect_0_0/bd_0/hw_handoff/design_2_smartconnect_0_0.hwh
Generated Hardware Definition File /home/cdickins/reuse/gyro2tester-main/vivado/project/gyro2_tester.gen/sources_1/bd/design_2/ip/design_2_smartconnect_0_0/bd_0/synth/design_2_smartconnect_0_0.hwdef
INFO: [BD 41-1029] Generation completed for the IP Integrator block axi_smc .
INFO: [BD 41-1029] Generation completed for the IP Integrator block RxFIFO .
WARNING: [IP_Flow 19-4994] Overwriting existing constraint file '/home/cdickins/reuse/gyro2tester-main/vivado/project/gyro2_tester.gen/sources_1/bd/design_2/ip/design_2_auto_pc_0/design_2_auto_pc_0_ooc.xdc'
INFO: [BD 41-1029] Generation completed for the IP Integrator block AXI_Register_Demux/s00_couplers/auto_pc .
Exporting to file /home/cdickins/reuse/gyro2tester-main/vivado/project/gyro2_tester.gen/sources_1/bd/design_2/hw_handoff/design_2.hwh
Generated Hardware Definition File /home/cdickins/reuse/gyro2tester-main/vivado/project/gyro2_tester.gen/sources_1/bd/design_2/synth/design_2.hwdef
INFO: [IP_Flow 19-4993] Using cached IP synthesis design for IP design_2_auto_pc_0, cache-ID = a7bb86cd648d609a; cache size = 187.879 MB.
INFO: [IP_Flow 19-4993] Using cached IP synthesis design for IP design_2_smartconnect_0_0, cache-ID = 342fc652e03eb641; cache size = 187.879 MB.
[Tue Apr 19 15:11:59 2022] Launched design_2_RxFIFO_0_synth_1...
Run output will be captured here: /home/cdickins/reuse/gyro2tester-main/vivado/project/gyro2_tester.runs/design_2_RxFIFO_0_synth_1/runme.log
[Tue Apr 19 15:11:59 2022] Launched synth_1...
Run output will be captured here: /home/cdickins/reuse/gyro2tester-main/vivado/project/gyro2_tester.runs/synth_1/runme.log
launch_runs: Time (s): cpu = 00:01:03 ; elapsed = 00:01:27 . Memory (MB): peak = 11619.641 ; gain = 230.855 ; free physical = 720 ; free virtual = 23432
update_ip_catalog -rebuild -scan_changes
INFO: [IP_Flow 19-234] Refreshing IP repositories
INFO: [IP_Flow 19-1700] Loaded user IP repository '/home/cdickins/reuse/gyro2tester-main/vivado/ip_repo'.
report_ip_status -name ip_status
upgrade_ip -vlnv xilinx.com:user:axis_stream_fifo:1.0 [get_ips  design_2_RxFIFO_0] -log ip_upgrade.log
Upgrading '/home/cdickins/reuse/gyro2tester-main/vivado/project/gyro2_tester.srcs/sources_1/bd/design_2/design_2.bd'
INFO: [IP_Flow 19-3420] Updated design_2_RxFIFO_0 to use current project options
Wrote  : </home/cdickins/reuse/gyro2tester-main/vivado/project/gyro2_tester.srcs/sources_1/bd/design_2/design_2.bd> 
INFO: [Coretcl 2-1525] Wrote upgrade log to '/home/cdickins/reuse/gyro2tester-main/vivado/project/ip_upgrade.log'.
export_ip_user_files -of_objects [get_ips design_2_RxFIFO_0] -no_script -sync -force -quiet
ipx::edit_ip_in_project -upgrade true -name axis_stream_fifo_v1_0_project -directory /home/cdickins/reuse/gyro2tester-main/vivado/project/gyro2_tester.tmp/axis_stream_fifo_v1_0_project /home/cdickins/reuse/gyro2tester-main/vivado/ip_repo/axis_stream_fifo_1.0/component.xml
INFO: [IP_Flow 19-234] Refreshing IP repositories
INFO: [IP_Flow 19-1704] No user IP repositories specified
INFO: [IP_Flow 19-2313] Loaded Vivado IP repository '/proj/xbuilds/SWIP/2021.2_1021_0703/installs/lin64/Vivado/2021.2/data/ip'.
WARNING: [Board 49-26] cannot add Board Part xilinx.com:vck190_es:part0:1.3 available at /proj/xbuilds/SWIP/2021.2_1021_0703/installs/lin64/Vivado/2021.2/data/xhub/boards/XilinxBoardStore/boards/Xilinx/vck190/es/1.3/board.xml as part xcvc1902-vsva2197-2mp-e-s-es1 specified in board_part file is either invalid or not available
WARNING: [Board 49-26] cannot add Board Part xilinx.com:vmk180_es:part0:1.3 available at /proj/xbuilds/SWIP/2021.2_1021_0703/installs/lin64/Vivado/2021.2/data/xhub/boards/XilinxBoardStore/boards/Xilinx/vmk180/es/1.3/board.xml as part xcvm1802-vsva2197-2mp-e-s-es1 specified in board_part file is either invalid or not available
WARNING: [Board 49-26] cannot add Board Part xilinx.com:vpk120_es:part0:1.2 available at /proj/xbuilds/SWIP/2021.2_1021_0703/installs/lin64/Vivado/2021.2/data/xhub/boards/XilinxBoardStore/boards/Xilinx/vpk120/es/1.2/board.xml as part xcvp1202-vsva2785-2mp-e-s-es1 specified in board_part file is either invalid or not available
WARNING: [Board 49-26] cannot add Board Part xilinx.com:zcu208ld:part0:2.0 available at /proj/xbuilds/SWIP/2021.2_1021_0703/installs/lin64/Vivado/2021.2/data/xhub/boards/XilinxBoardStore/boards/Xilinx/zcu208ld/production/2.0/board.xml as part xczu58dr-fsvg1517-2-i specified in board_part file is either invalid or not available
WARNING: [Board 49-26] cannot add Board Part xilinx.com:zcu208ld_es:part0:1.0 available at /proj/xbuilds/SWIP/2021.2_1021_0703/installs/lin64/Vivado/2021.2/data/xhub/boards/XilinxBoardStore/boards/Xilinx/zcu208ld/es/1.0/board.xml as part xczu58dr-fsvg1517-2-i-es1 specified in board_part file is either invalid or not available
WARNING: [Board 49-26] cannot add Board Part xilinx.com:zcu216ld:part0:2.0 available at /proj/xbuilds/SWIP/2021.2_1021_0703/installs/lin64/Vivado/2021.2/data/xhub/boards/XilinxBoardStore/boards/Xilinx/zcu216ld/production/2.0/board.xml as part xczu59dr-ffvf1760-2-i specified in board_part file is either invalid or not available
WARNING: [Board 49-26] cannot add Board Part xilinx.com:zcu216ld_es:part0:1.0 available at /proj/xbuilds/SWIP/2021.2_1021_0703/installs/lin64/Vivado/2021.2/data/xhub/boards/XilinxBoardStore/boards/Xilinx/zcu216ld/es/1.0/board.xml as part xczu59dr-ffvf1760-2-i-es1 specified in board_part file is either invalid or not available
WARNING: [Board 49-26] cannot add Board Part xilinx.com:zcu670:part0:1.0 available at /proj/xbuilds/SWIP/2021.2_1021_0703/installs/lin64/Vivado/2021.2/data/xhub/boards/XilinxBoardStore/boards/Xilinx/zcu670/1.0/board.xml as part xczu67dr-fsve1156-2-i specified in board_part file is either invalid or not available
create_project: Time (s): cpu = 00:00:06 ; elapsed = 00:00:11 . Memory (MB): peak = 11634.703 ; gain = 0.000 ; free physical = 533 ; free virtual = 23385
INFO: [IP_Flow 19-234] Refreshing IP repositories
INFO: [IP_Flow 19-1700] Loaded user IP repository '/home/cdickins/reuse/gyro2tester-main/vivado/ip_repo'.
INFO: [IP_Flow 19-795] Syncing license key meta-data
ipx::edit_ip_in_project: Time (s): cpu = 00:00:07 ; elapsed = 00:00:12 . Memory (MB): peak = 11634.703 ; gain = 0.000 ; free physical = 533 ; free virtual = 23384
update_compile_order -fileset sources_1
ipx::merge_project_changes hdl_parameters [ipx::current_core]
WARNING: [IP_Flow 19-5226] Project source file '/home/cdickins/reuse/gyro2tester-main/vivado/ip_repo/axis_stream_fifo_1.0/component.xml' ignored by IP packager.
WARNING: [IP_Flow 19-5101] Packaging a component with a SystemVerilog top file is not fully supported. Please refer to UG1118 'Creating and Packaging Custom IP'.
INFO: [IP_Flow 19-1976] HDL Parser: Replacing 'MEM_ADDR_WIDTH' by 13 for port or parameter 'mem0_odd'
INFO: [IP_Flow 19-1976] HDL Parser: Replacing 'MEM_ADDR_WIDTH' by 13 for port or parameter 'mem0_even'
INFO: [IP_Flow 19-1976] HDL Parser: Replacing 'MEM_ADDR_WIDTH' by 13 for port or parameter 'mem1_odd'
INFO: [IP_Flow 19-1976] HDL Parser: Replacing 'MEM_ADDR_WIDTH' by 13 for port or parameter 'mem1_even'
INFO: [IP_Flow 19-1976] HDL Parser: Replacing 'MEM_ADDR_WIDTH' by 13 for port or parameter 'mem2_odd'
INFO: [IP_Flow 19-1976] HDL Parser: Replacing 'MEM_ADDR_WIDTH' by 13 for port or parameter 'mem2_even'
INFO: [IP_Flow 19-1976] HDL Parser: Replacing 'WR_ADDR_WIDTH' by 16 for port or parameter 'wr_ptr_reg0'
INFO: [IP_Flow 19-1976] HDL Parser: Replacing 'WR_ADDR_WIDTH' by 16 for port or parameter 'wr_ptr_reg1'
INFO: [IP_Flow 19-1976] HDL Parser: Replacing 'WR_ADDR_WIDTH' by 16 for port or parameter 'wr_ptr_reg2'
INFO: [IP_Flow 19-3166] Bus Interface 'S00_AXI': References existing memory map 'S00_AXI'.
launch_runs synth_1 -cluster_configuration lsf
WARNING: [Vivado 12-7122] Auto Incremental Compile:: No reference checkpoint was found in run synth_1. Auto-incremental flow will not be run, the standard flow will be run instead.
[Tue Apr 19 15:52:52 2022] Launched synth_1...
Run output will be captured here: /home/cdickins/reuse/gyro2tester-main/vivado/project/gyro2_tester.tmp/axis_stream_fifo_v1_0_project/axis_stream_fifo_v1_0_project.runs/synth_1/runme.log
set_property core_revision 64 [ipx::current_core]
ipx::update_source_project_archive -component [ipx::current_core]
ipx::update_checksums [ipx::current_core]
ipx::check_integrity [ipx::current_core]
WARNING: [IP_Flow 19-3157] Bus Interface 'rst_n': Bus parameter POLARITY is ACTIVE_LOW but port 'rst_n' is not *resetn - please double check the POLARITY setting.
INFO: [IP_Flow 19-2181] Payment Required is not set for this core.
INFO: [IP_Flow 19-2187] The Product Guide file is missing.
INFO: [Ipptcl 7-1486] check_integrity: Integrity check passed.
ipx::save_core [ipx::current_core]
ipx::move_temp_component_back -component [ipx::current_core]
close_project -delete
update_ip_catalog -rebuild -repo_path /home/cdickins/reuse/gyro2tester-main/vivado/ip_repo
INFO: [IP_Flow 19-725] Reloaded user IP repository '/home/cdickins/reuse/gyro2tester-main/vivado/ip_repo'
ipx::edit_ip_in_project -upgrade true -name axis_stream_fifo_v1_0_project -directory /home/cdickins/reuse/gyro2tester-main/vivado/project/gyro2_tester.tmp/axis_stream_fifo_v1_0_project /home/cdickins/reuse/gyro2tester-main/vivado/ip_repo/axis_stream_fifo_1.0/component.xml
INFO: [IP_Flow 19-234] Refreshing IP repositories
INFO: [IP_Flow 19-1704] No user IP repositories specified
INFO: [IP_Flow 19-2313] Loaded Vivado IP repository '/proj/xbuilds/SWIP/2021.2_1021_0703/installs/lin64/Vivado/2021.2/data/ip'.
WARNING: [Board 49-26] cannot add Board Part xilinx.com:vck190_es:part0:1.3 available at /proj/xbuilds/SWIP/2021.2_1021_0703/installs/lin64/Vivado/2021.2/data/xhub/boards/XilinxBoardStore/boards/Xilinx/vck190/es/1.3/board.xml as part xcvc1902-vsva2197-2mp-e-s-es1 specified in board_part file is either invalid or not available
WARNING: [Board 49-26] cannot add Board Part xilinx.com:vmk180_es:part0:1.3 available at /proj/xbuilds/SWIP/2021.2_1021_0703/installs/lin64/Vivado/2021.2/data/xhub/boards/XilinxBoardStore/boards/Xilinx/vmk180/es/1.3/board.xml as part xcvm1802-vsva2197-2mp-e-s-es1 specified in board_part file is either invalid or not available
WARNING: [Board 49-26] cannot add Board Part xilinx.com:vpk120_es:part0:1.2 available at /proj/xbuilds/SWIP/2021.2_1021_0703/installs/lin64/Vivado/2021.2/data/xhub/boards/XilinxBoardStore/boards/Xilinx/vpk120/es/1.2/board.xml as part xcvp1202-vsva2785-2mp-e-s-es1 specified in board_part file is either invalid or not available
WARNING: [Board 49-26] cannot add Board Part xilinx.com:zcu208ld:part0:2.0 available at /proj/xbuilds/SWIP/2021.2_1021_0703/installs/lin64/Vivado/2021.2/data/xhub/boards/XilinxBoardStore/boards/Xilinx/zcu208ld/production/2.0/board.xml as part xczu58dr-fsvg1517-2-i specified in board_part file is either invalid or not available
WARNING: [Board 49-26] cannot add Board Part xilinx.com:zcu208ld_es:part0:1.0 available at /proj/xbuilds/SWIP/2021.2_1021_0703/installs/lin64/Vivado/2021.2/data/xhub/boards/XilinxBoardStore/boards/Xilinx/zcu208ld/es/1.0/board.xml as part xczu58dr-fsvg1517-2-i-es1 specified in board_part file is either invalid or not available
WARNING: [Board 49-26] cannot add Board Part xilinx.com:zcu216ld:part0:2.0 available at /proj/xbuilds/SWIP/2021.2_1021_0703/installs/lin64/Vivado/2021.2/data/xhub/boards/XilinxBoardStore/boards/Xilinx/zcu216ld/production/2.0/board.xml as part xczu59dr-ffvf1760-2-i specified in board_part file is either invalid or not available
WARNING: [Board 49-26] cannot add Board Part xilinx.com:zcu216ld_es:part0:1.0 available at /proj/xbuilds/SWIP/2021.2_1021_0703/installs/lin64/Vivado/2021.2/data/xhub/boards/XilinxBoardStore/boards/Xilinx/zcu216ld/es/1.0/board.xml as part xczu59dr-ffvf1760-2-i-es1 specified in board_part file is either invalid or not available
WARNING: [Board 49-26] cannot add Board Part xilinx.com:zcu670:part0:1.0 available at /proj/xbuilds/SWIP/2021.2_1021_0703/installs/lin64/Vivado/2021.2/data/xhub/boards/XilinxBoardStore/boards/Xilinx/zcu670/1.0/board.xml as part xczu67dr-fsve1156-2-i specified in board_part file is either invalid or not available
create_project: Time (s): cpu = 00:00:05 ; elapsed = 00:00:10 . Memory (MB): peak = 11634.703 ; gain = 0.000 ; free physical = 734 ; free virtual = 23327
INFO: [IP_Flow 19-234] Refreshing IP repositories
INFO: [IP_Flow 19-1700] Loaded user IP repository '/home/cdickins/reuse/gyro2tester-main/vivado/ip_repo'.
INFO: [IP_Flow 19-795] Syncing license key meta-data
ipx::edit_ip_in_project: Time (s): cpu = 00:00:06 ; elapsed = 00:00:12 . Memory (MB): peak = 11634.703 ; gain = 0.000 ; free physical = 743 ; free virtual = 23336
update_compile_order -fileset sources_1
ipx::merge_project_changes hdl_parameters [ipx::current_core]
WARNING: [IP_Flow 19-5226] Project source file '/home/cdickins/reuse/gyro2tester-main/vivado/ip_repo/axis_stream_fifo_1.0/component.xml' ignored by IP packager.
WARNING: [IP_Flow 19-5101] Packaging a component with a SystemVerilog top file is not fully supported. Please refer to UG1118 'Creating and Packaging Custom IP'.
INFO: [IP_Flow 19-1976] HDL Parser: Replacing 'MEM_ADDR_WIDTH' by 13 for port or parameter 'mem0_odd'
INFO: [IP_Flow 19-1976] HDL Parser: Replacing 'MEM_ADDR_WIDTH' by 13 for port or parameter 'mem0_even'
INFO: [IP_Flow 19-1976] HDL Parser: Replacing 'MEM_ADDR_WIDTH' by 13 for port or parameter 'mem1_odd'
INFO: [IP_Flow 19-1976] HDL Parser: Replacing 'MEM_ADDR_WIDTH' by 13 for port or parameter 'mem1_even'
INFO: [IP_Flow 19-1976] HDL Parser: Replacing 'MEM_ADDR_WIDTH' by 13 for port or parameter 'mem2_odd'
INFO: [IP_Flow 19-1976] HDL Parser: Replacing 'MEM_ADDR_WIDTH' by 13 for port or parameter 'mem2_even'
INFO: [IP_Flow 19-1976] HDL Parser: Replacing 'WR_ADDR_WIDTH' by 16 for port or parameter 'wr_ptr_reg0'
INFO: [IP_Flow 19-1976] HDL Parser: Replacing 'WR_ADDR_WIDTH' by 16 for port or parameter 'wr_ptr_reg1'
INFO: [IP_Flow 19-1976] HDL Parser: Replacing 'WR_ADDR_WIDTH' by 16 for port or parameter 'wr_ptr_reg2'
INFO: [IP_Flow 19-3166] Bus Interface 'S00_AXI': References existing memory map 'S00_AXI'.
set_property core_revision 65 [ipx::current_core]
ipx::update_source_project_archive -component [ipx::current_core]
ipx::update_checksums [ipx::current_core]
ipx::check_integrity [ipx::current_core]
WARNING: [IP_Flow 19-3157] Bus Interface 'rst_n': Bus parameter POLARITY is ACTIVE_LOW but port 'rst_n' is not *resetn - please double check the POLARITY setting.
INFO: [IP_Flow 19-2181] Payment Required is not set for this core.
INFO: [IP_Flow 19-2187] The Product Guide file is missing.
INFO: [Ipptcl 7-1486] check_integrity: Integrity check passed.
ipx::save_core [ipx::current_core]
ipx::move_temp_component_back -component [ipx::current_core]
close_project -delete
update_ip_catalog -rebuild -repo_path /home/cdickins/reuse/gyro2tester-main/vivado/ip_repo
INFO: [IP_Flow 19-725] Reloaded user IP repository '/home/cdickins/reuse/gyro2tester-main/vivado/ip_repo'
report_ip_status -name ip_status 
upgrade_ip -vlnv xilinx.com:user:axis_stream_fifo:1.0 [get_ips  design_2_RxFIFO_0] -log ip_upgrade.log
Upgrading '/home/cdickins/reuse/gyro2tester-main/vivado/project/gyro2_tester.srcs/sources_1/bd/design_2/design_2.bd'
INFO: [IP_Flow 19-3422] Upgraded design_2_RxFIFO_0 (axis_stream_fifo_v1.0 1.0) from revision 63 to revision 65
Wrote  : </home/cdickins/reuse/gyro2tester-main/vivado/project/gyro2_tester.srcs/sources_1/bd/design_2/design_2.bd> 
INFO: [Coretcl 2-1525] Wrote upgrade log to '/home/cdickins/reuse/gyro2tester-main/vivado/project/ip_upgrade.log'.
export_ip_user_files -of_objects [get_ips design_2_RxFIFO_0] -no_script -sync -force -quiet
reset_run synth_1
launch_runs synth_1 -cluster_configuration lsf
INFO: [xilinx.com:ip:smartconnect:1.0-1] design_2_smartconnect_0_0: SmartConnect design_2_smartconnect_0_0 is in High-performance Mode.
INFO: [Ipptcl 7-1463] No Compatible Board Interface found. Board Tab not created in customize GUI
CRITICAL WARNING: [BD 41-1761] Reset pin '/BiDirChannels_0/tx_rstn' is found to be associated with multiple clock pins, which are not compatible w.r.t frequency, phase and clock-domain. This may prevent design from functioning correctly. Please ensure same reset pin is either not associated with different clock pins or all associated clock pins are driven by same or compatible clock source(s). List of associated clock pins:
/BiDirChannels_0/txclk
/BiDirChannels_0/MCK_P
/BiDirChannels_0/MCK_N
/BiDirChannels_0/SYNCK

Wrote  : </home/cdickins/reuse/gyro2tester-main/vivado/project/gyro2_tester.srcs/sources_1/bd/design_2/design_2.bd> 
VHDL Output written to : /home/cdickins/reuse/gyro2tester-main/vivado/project/gyro2_tester.gen/sources_1/bd/design_2/synth/design_2.v
VHDL Output written to : /home/cdickins/reuse/gyro2tester-main/vivado/project/gyro2_tester.gen/sources_1/bd/design_2/sim/design_2.v
VHDL Output written to : /home/cdickins/reuse/gyro2tester-main/vivado/project/gyro2_tester.gen/sources_1/bd/design_2/hdl/design_2_wrapper.v
Exporting to file /home/cdickins/reuse/gyro2tester-main/vivado/project/gyro2_tester.gen/sources_1/bd/design_2/ip/design_2_smartconnect_0_0/bd_0/hw_handoff/design_2_smartconnect_0_0.hwh
Generated Hardware Definition File /home/cdickins/reuse/gyro2tester-main/vivado/project/gyro2_tester.gen/sources_1/bd/design_2/ip/design_2_smartconnect_0_0/bd_0/synth/design_2_smartconnect_0_0.hwdef
INFO: [BD 41-1029] Generation completed for the IP Integrator block axi_smc .
INFO: [BD 41-1029] Generation completed for the IP Integrator block RxFIFO .
WARNING: [IP_Flow 19-4994] Overwriting existing constraint file '/home/cdickins/reuse/gyro2tester-main/vivado/project/gyro2_tester.gen/sources_1/bd/design_2/ip/design_2_auto_pc_0/design_2_auto_pc_0_ooc.xdc'
INFO: [BD 41-1029] Generation completed for the IP Integrator block AXI_Register_Demux/s00_couplers/auto_pc .
Exporting to file /home/cdickins/reuse/gyro2tester-main/vivado/project/gyro2_tester.gen/sources_1/bd/design_2/hw_handoff/design_2.hwh
Generated Hardware Definition File /home/cdickins/reuse/gyro2tester-main/vivado/project/gyro2_tester.gen/sources_1/bd/design_2/synth/design_2.hwdef
INFO: [IP_Flow 19-4993] Using cached IP synthesis design for IP design_2_auto_pc_0, cache-ID = a7bb86cd648d609a; cache size = 187.879 MB.
INFO: [IP_Flow 19-4993] Using cached IP synthesis design for IP design_2_smartconnect_0_0, cache-ID = 342fc652e03eb641; cache size = 187.879 MB.
[Tue Apr 19 16:01:03 2022] Launched design_2_RxFIFO_0_synth_1...
Run output will be captured here: /home/cdickins/reuse/gyro2tester-main/vivado/project/gyro2_tester.runs/design_2_RxFIFO_0_synth_1/runme.log
[Tue Apr 19 16:01:03 2022] Launched synth_1...
Run output will be captured here: /home/cdickins/reuse/gyro2tester-main/vivado/project/gyro2_tester.runs/synth_1/runme.log
launch_runs: Time (s): cpu = 00:01:15 ; elapsed = 00:01:27 . Memory (MB): peak = 11821.797 ; gain = 187.094 ; free physical = 757 ; free virtual = 23293
launch_runs impl_1 -to_step write_bitstream -jobs 4 -cluster_configuration lsf
WARNING: [Project 1-478] Design 'synth_1' is stale and will not be used when launching 'impl_1'
[Tue Apr 19 16:08:48 2022] Launched impl_1...
Run output will be captured here: /home/cdickins/reuse/gyro2tester-main/vivado/project/gyro2_tester.runs/impl_1/runme.log
report_utilization -name utilization_2
create_ip_run [get_files -of_objects [get_fileset sources_1] /home/cdickins/reuse/gyro2tester-main/vivado/project/gyro2_tester.srcs/sources_1/bd/design_2/design_2.bd]
refresh_design
INFO: [Project 1-454] Reading design checkpoint '/home/cdickins/reuse/gyro2tester-main/vivado/project/gyro2_tester.gen/sources_1/bd/design_2/ip/design_2_BiDirChannels_0_0/design_2_BiDirChannels_0_0.dcp' for cell 'design_2_i/BiDirChannels_0'
INFO: [Project 1-454] Reading design checkpoint '/home/cdickins/reuse/gyro2tester-main/vivado/project/gyro2_tester.gen/sources_1/bd/design_2/ip/design_2_RxFIFO_0/design_2_RxFIFO_0.dcp' for cell 'design_2_i/RxFIFO'
INFO: [Project 1-454] Reading design checkpoint '/home/cdickins/reuse/gyro2tester-main/vivado/project/gyro2_tester.gen/sources_1/bd/design_2/ip/design_2_SPI_ip_0_0/design_2_SPI_ip_0_0.dcp' for cell 'design_2_i/SPI_ip_0'
INFO: [Project 1-454] Reading design checkpoint '/home/cdickins/reuse/gyro2tester-main/vivado/project/gyro2_tester.gen/sources_1/bd/design_2/ip/design_2_axis_stream_txfifo_0_2/design_2_axis_stream_txfifo_0_2.dcp' for cell 'design_2_i/TxFIFO'
INFO: [Project 1-454] Reading design checkpoint '/home/cdickins/reuse/gyro2tester-main/vivado/project/gyro2_tester.gen/sources_1/bd/design_2/ip/design_2_axi_dma_0_0/design_2_axi_dma_0_0.dcp' for cell 'design_2_i/axi_dma_0'
INFO: [Project 1-454] Reading design checkpoint '/home/cdickins/reuse/gyro2tester-main/vivado/project/gyro2_tester.gen/sources_1/bd/design_2/ip/design_2_smartconnect_0_0/design_2_smartconnect_0_0.dcp' for cell 'design_2_i/axi_smc'
INFO: [Project 1-454] Reading design checkpoint '/home/cdickins/reuse/gyro2tester-main/vivado/project/gyro2_tester.gen/sources_1/bd/design_2/ip/design_2_axis_switch_0_0/design_2_axis_switch_0_0.dcp' for cell 'design_2_i/axis_switch_0'
INFO: [Project 1-454] Reading design checkpoint '/home/cdickins/reuse/gyro2tester-main/vivado/project/gyro2_tester.gen/sources_1/bd/design_2/ip/design_2_axis_switch_1_0/design_2_axis_switch_1_0.dcp' for cell 'design_2_i/axis_switch_1'
INFO: [Project 1-454] Reading design checkpoint '/home/cdickins/reuse/gyro2tester-main/vivado/project/gyro2_tester.gen/sources_1/bd/design_2/ip/design_2_axis_switch_2_0/design_2_axis_switch_2_0.dcp' for cell 'design_2_i/axis_switch_2'
INFO: [Project 1-454] Reading design checkpoint '/home/cdickins/reuse/gyro2tester-main/vivado/project/gyro2_tester.gen/sources_1/bd/design_2/ip/design_2_axis_switch_3_0/design_2_axis_switch_3_0.dcp' for cell 'design_2_i/axis_switch_3'
INFO: [Project 1-454] Reading design checkpoint '/home/cdickins/reuse/gyro2tester-main/vivado/project/gyro2_tester.gen/sources_1/bd/design_2/ip/design_2_proc_sys_reset_0_2/design_2_proc_sys_reset_0_2.dcp' for cell 'design_2_i/clk_reset_domain'
INFO: [Project 1-454] Reading design checkpoint '/home/cdickins/reuse/gyro2tester-main/vivado/project/gyro2_tester.gen/sources_1/bd/design_2/ip/design_2_data_processor_0_0/design_2_data_processor_0_0.dcp' for cell 'design_2_i/data_processor_0'
INFO: [Project 1-454] Reading design checkpoint '/home/cdickins/reuse/gyro2tester-main/vivado/project/gyro2_tester.gen/sources_1/bd/design_2/ip/design_2_iobuf_xil_0_0/design_2_iobuf_xil_0_0.dcp' for cell 'design_2_i/iobuf_xil_0'
INFO: [Project 1-454] Reading design checkpoint '/home/cdickins/reuse/gyro2tester-main/vivado/project/gyro2_tester.gen/sources_1/bd/design_2/ip/design_2_led_driver_0_0/design_2_led_driver_0_0.dcp' for cell 'design_2_i/led_driver_0'
INFO: [Project 1-454] Reading design checkpoint '/home/cdickins/reuse/gyro2tester-main/vivado/project/gyro2_tester.gen/sources_1/bd/design_2/ip/design_2_processing_system7_0_0/design_2_processing_system7_0_0.dcp' for cell 'design_2_i/processing_system7_0'
INFO: [Project 1-454] Reading design checkpoint '/home/cdickins/reuse/gyro2tester-main/vivado/project/gyro2_tester.gen/sources_1/bd/design_2/ip/design_2_proc_sys_reset_0_1/design_2_proc_sys_reset_0_1.dcp' for cell 'design_2_i/txclk_reset_domain'
INFO: [Project 1-454] Reading design checkpoint '/home/cdickins/reuse/gyro2tester-main/vivado/project/gyro2_tester.gen/sources_1/bd/design_2/ip/design_2_xbar_0/design_2_xbar_0.dcp' for cell 'design_2_i/AXI_Register_Demux/xbar'
INFO: [Project 1-454] Reading design checkpoint '/home/cdickins/reuse/gyro2tester-main/vivado/project/gyro2_tester.gen/sources_1/bd/design_2/ip/design_2_auto_pc_0/design_2_auto_pc_0.dcp' for cell 'design_2_i/AXI_Register_Demux/s00_couplers/auto_pc'
Netlist sorting complete. Time (s): cpu = 00:00:00.40 ; elapsed = 00:00:00.39 . Memory (MB): peak = 11827.906 ; gain = 0.000 ; free physical = 729 ; free virtual = 23243
INFO: [Netlist 29-17] Analyzing 7916 Unisim elements for replacement
INFO: [Netlist 29-28] Unisim Transformation completed in 2 CPU seconds
INFO: [Project 1-479] Netlist was created with Vivado 2021.2
INFO: [Project 1-570] Preparing netlist for logic optimization
WARNING: [Constraints 18-550] Could not create 'SLEW' constraint because net 'design_2_i/iobuf_xil_0/I' is not directly connected to top level port. Synthesis is ignored for SLEW but preserved for implementation.
WARNING: [Constraints 18-550] Could not create 'DRIVE' constraint because net 'design_2_i/iobuf_xil_0/I' is not directly connected to top level port. Synthesis is ignored for DRIVE but preserved for implementation.
WARNING: [Constraints 18-550] Could not create 'IBUF_LOW_PWR' constraint because net 'design_2_i/iobuf_xil_0/I' is not directly connected to top level port. Synthesis is ignored for IBUF_LOW_PWR but preserved for implementation.
WARNING: [Constraints 18-550] Could not create 'SLEW' constraint because net 'design_2_i/iobuf_xil_0/O' is not directly connected to top level port. Synthesis is ignored for SLEW but preserved for implementation.
WARNING: [Constraints 18-550] Could not create 'DRIVE' constraint because net 'design_2_i/iobuf_xil_0/O' is not directly connected to top level port. Synthesis is ignored for DRIVE but preserved for implementation.
WARNING: [Constraints 18-550] Could not create 'IBUF_LOW_PWR' constraint because net 'design_2_i/iobuf_xil_0/O' is not directly connected to top level port. Synthesis is ignored for IBUF_LOW_PWR but preserved for implementation.
WARNING: [Constraints 18-550] Could not create 'SLEW' constraint because net 'design_2_i/iobuf_xil_0/T' is not directly connected to top level port. Synthesis is ignored for SLEW but preserved for implementation.
WARNING: [Constraints 18-550] Could not create 'DRIVE' constraint because net 'design_2_i/iobuf_xil_0/T' is not directly connected to top level port. Synthesis is ignored for DRIVE but preserved for implementation.
WARNING: [Constraints 18-550] Could not create 'IBUF_LOW_PWR' constraint because net 'design_2_i/iobuf_xil_0/T' is not directly connected to top level port. Synthesis is ignored for IBUF_LOW_PWR but preserved for implementation.
Parsing XDC File [/home/cdickins/reuse/gyro2tester-main/vivado/project/gyro2_tester.gen/sources_1/bd/design_2/ip/design_2_axi_dma_0_0/design_2_axi_dma_0_0.xdc] for cell 'design_2_i/axi_dma_0/U0'
WARNING: [Vivado_Tcl 4-921] Waiver ID 'CDC-1' -to list should not be empty. [/home/cdickins/reuse/gyro2tester-main/vivado/project/gyro2_tester.gen/sources_1/bd/design_2/ip/design_2_axi_dma_0_0/design_2_axi_dma_0_0.xdc:52]
WARNING: [Vivado_Tcl 4-921] Waiver ID 'CDC-1' -to list should not be empty. [/home/cdickins/reuse/gyro2tester-main/vivado/project/gyro2_tester.gen/sources_1/bd/design_2/ip/design_2_axi_dma_0_0/design_2_axi_dma_0_0.xdc:56]
WARNING: [Vivado_Tcl 4-919] Waiver ID 'CDC-1' -from list should not be empty. [/home/cdickins/reuse/gyro2tester-main/vivado/project/gyro2_tester.gen/sources_1/bd/design_2/ip/design_2_axi_dma_0_0/design_2_axi_dma_0_0.xdc:61]
Finished Parsing XDC File [/home/cdickins/reuse/gyro2tester-main/vivado/project/gyro2_tester.gen/sources_1/bd/design_2/ip/design_2_axi_dma_0_0/design_2_axi_dma_0_0.xdc] for cell 'design_2_i/axi_dma_0/U0'
Parsing XDC File [/home/cdickins/reuse/gyro2tester-main/vivado/project/gyro2_tester.gen/sources_1/bd/design_2/ip/design_2_proc_sys_reset_0_1/design_2_proc_sys_reset_0_1_board.xdc] for cell 'design_2_i/txclk_reset_domain/U0'
Finished Parsing XDC File [/home/cdickins/reuse/gyro2tester-main/vivado/project/gyro2_tester.gen/sources_1/bd/design_2/ip/design_2_proc_sys_reset_0_1/design_2_proc_sys_reset_0_1_board.xdc] for cell 'design_2_i/txclk_reset_domain/U0'
Parsing XDC File [/home/cdickins/reuse/gyro2tester-main/vivado/project/gyro2_tester.gen/sources_1/bd/design_2/ip/design_2_proc_sys_reset_0_1/design_2_proc_sys_reset_0_1.xdc] for cell 'design_2_i/txclk_reset_domain/U0'
Finished Parsing XDC File [/home/cdickins/reuse/gyro2tester-main/vivado/project/gyro2_tester.gen/sources_1/bd/design_2/ip/design_2_proc_sys_reset_0_1/design_2_proc_sys_reset_0_1.xdc] for cell 'design_2_i/txclk_reset_domain/U0'
Parsing XDC File [/home/cdickins/reuse/gyro2tester-main/vivado/project/gyro2_tester.gen/sources_1/bd/design_2/ip/design_2_proc_sys_reset_0_2/design_2_proc_sys_reset_0_2_board.xdc] for cell 'design_2_i/clk_reset_domain/U0'
Finished Parsing XDC File [/home/cdickins/reuse/gyro2tester-main/vivado/project/gyro2_tester.gen/sources_1/bd/design_2/ip/design_2_proc_sys_reset_0_2/design_2_proc_sys_reset_0_2_board.xdc] for cell 'design_2_i/clk_reset_domain/U0'
Parsing XDC File [/home/cdickins/reuse/gyro2tester-main/vivado/project/gyro2_tester.gen/sources_1/bd/design_2/ip/design_2_proc_sys_reset_0_2/design_2_proc_sys_reset_0_2.xdc] for cell 'design_2_i/clk_reset_domain/U0'
Finished Parsing XDC File [/home/cdickins/reuse/gyro2tester-main/vivado/project/gyro2_tester.gen/sources_1/bd/design_2/ip/design_2_proc_sys_reset_0_2/design_2_proc_sys_reset_0_2.xdc] for cell 'design_2_i/clk_reset_domain/U0'
Parsing XDC File [/home/cdickins/reuse/gyro2tester-main/vivado/project/gyro2_tester.gen/sources_1/bd/design_2/ip/design_2_processing_system7_0_0/design_2_processing_system7_0_0.xdc] for cell 'design_2_i/processing_system7_0/inst'
Finished Parsing XDC File [/home/cdickins/reuse/gyro2tester-main/vivado/project/gyro2_tester.gen/sources_1/bd/design_2/ip/design_2_processing_system7_0_0/design_2_processing_system7_0_0.xdc] for cell 'design_2_i/processing_system7_0/inst'
Parsing XDC File [/home/cdickins/reuse/gyro2tester-main/vivado/project/gyro2_tester.gen/sources_1/bd/design_2/ip/design_2_smartconnect_0_0/bd_0/ip/ip_1/bd_0c5c_psr_aclk_0_board.xdc] for cell 'design_2_i/axi_smc/inst/clk_map/psr_aclk/U0'
Finished Parsing XDC File [/home/cdickins/reuse/gyro2tester-main/vivado/project/gyro2_tester.gen/sources_1/bd/design_2/ip/design_2_smartconnect_0_0/bd_0/ip/ip_1/bd_0c5c_psr_aclk_0_board.xdc] for cell 'design_2_i/axi_smc/inst/clk_map/psr_aclk/U0'
Parsing XDC File [/home/cdickins/reuse/gyro2tester-main/vivado/project/gyro2_tester.gen/sources_1/bd/design_2/ip/design_2_smartconnect_0_0/bd_0/ip/ip_1/bd_0c5c_psr_aclk_0.xdc] for cell 'design_2_i/axi_smc/inst/clk_map/psr_aclk/U0'
Finished Parsing XDC File [/home/cdickins/reuse/gyro2tester-main/vivado/project/gyro2_tester.gen/sources_1/bd/design_2/ip/design_2_smartconnect_0_0/bd_0/ip/ip_1/bd_0c5c_psr_aclk_0.xdc] for cell 'design_2_i/axi_smc/inst/clk_map/psr_aclk/U0'
Parsing XDC File [/home/cdickins/reuse/gyro2tester-main/vivado/project/gyro2_tester.srcs/constrs_1/imports/new/gyro_constraints.xdc]
WARNING: [Vivado 12-5846] Redefining clock group MULTI [/home/cdickins/reuse/gyro2tester-main/vivado/project/gyro2_tester.srcs/constrs_1/imports/new/gyro_constraints.xdc:142]
Finished Parsing XDC File [/home/cdickins/reuse/gyro2tester-main/vivado/project/gyro2_tester.srcs/constrs_1/imports/new/gyro_constraints.xdc]
Parsing XDC File [/home/cdickins/reuse/gyro2tester-main/vivado/project/gyro2_tester.gen/sources_1/bd/design_2/ip/design_2_axi_dma_0_0/design_2_axi_dma_0_0_clocks.xdc] for cell 'design_2_i/axi_dma_0/U0'
Finished Parsing XDC File [/home/cdickins/reuse/gyro2tester-main/vivado/project/gyro2_tester.gen/sources_1/bd/design_2/ip/design_2_axi_dma_0_0/design_2_axi_dma_0_0_clocks.xdc] for cell 'design_2_i/axi_dma_0/U0'
WARNING: [XPM_CDC_HANDSHAKE: TCL-1000] The source and destination clocks are the same. 
     Instance: design_2_i/axis_switch_0/inst/gen_static_router.gen_synch.inst_cdc_handshake/inst_xpm_cdc_handshake 
  This will add unnecessary latency to the design. Please check the design for the following: 
 1) Manually instantiated XPM_CDC modules: Xilinx recommends that you remove these modules. 
 2) Xilinx IP that contains XPM_CDC modules: Verify the connections to the IP to determine whether you can safely ignore this message.
 [/proj/xbuilds/SWIP/2021.2_1021_0703/installs/lin64/Vivado/2021.2/data/ip/xpm/xpm_cdc/tcl/xpm_cdc_handshake.tcl:19]
WARNING: [XPM_CDC_HANDSHAKE: TCL-1000] The source and destination clocks are the same. 
     Instance: design_2_i/axis_switch_1/inst/gen_static_router.gen_synch.inst_cdc_handshake/inst_xpm_cdc_handshake 
  This will add unnecessary latency to the design. Please check the design for the following: 
 1) Manually instantiated XPM_CDC modules: Xilinx recommends that you remove these modules. 
 2) Xilinx IP that contains XPM_CDC modules: Verify the connections to the IP to determine whether you can safely ignore this message.
 [/proj/xbuilds/SWIP/2021.2_1021_0703/installs/lin64/Vivado/2021.2/data/ip/xpm/xpm_cdc/tcl/xpm_cdc_handshake.tcl:19]
WARNING: [XPM_CDC_HANDSHAKE: TCL-1000] The source and destination clocks are the same. 
     Instance: design_2_i/axis_switch_2/inst/gen_static_router.gen_synch.inst_cdc_handshake/inst_xpm_cdc_handshake 
  This will add unnecessary latency to the design. Please check the design for the following: 
 1) Manually instantiated XPM_CDC modules: Xilinx recommends that you remove these modules. 
 2) Xilinx IP that contains XPM_CDC modules: Verify the connections to the IP to determine whether you can safely ignore this message.
 [/proj/xbuilds/SWIP/2021.2_1021_0703/installs/lin64/Vivado/2021.2/data/ip/xpm/xpm_cdc/tcl/xpm_cdc_handshake.tcl:19]
WARNING: [XPM_CDC_HANDSHAKE: TCL-1000] The source and destination clocks are the same. 
     Instance: design_2_i/axis_switch_3/inst/gen_static_router.gen_synch.inst_cdc_handshake/inst_xpm_cdc_handshake 
  This will add unnecessary latency to the design. Please check the design for the following: 
 1) Manually instantiated XPM_CDC modules: Xilinx recommends that you remove these modules. 
 2) Xilinx IP that contains XPM_CDC modules: Verify the connections to the IP to determine whether you can safely ignore this message.
 [/proj/xbuilds/SWIP/2021.2_1021_0703/installs/lin64/Vivado/2021.2/data/ip/xpm/xpm_cdc/tcl/xpm_cdc_handshake.tcl:19]
INFO: [Project 1-1714] 60 XPM XDC files have been applied to the design.
INFO: [Opt 31-138] Pushed 0 inverter(s) to 0 load pin(s).
refresh_design: Time (s): cpu = 00:00:36 ; elapsed = 00:00:21 . Memory (MB): peak = 11827.906 ; gain = 0.000 ; free physical = 535 ; free virtual = 23049
report_ip_status -name ip_status 
report_utilization -name utilization_1
open_bd_design {/home/cdickins/reuse/gyro2tester-main/vivado/project/gyro2_tester.srcs/sources_1/bd/design_2/design_2.bd}
startgroup
create_bd_cell -type ip -vlnv xilinx.com:ip:blk_mem_gen:8.4 blk_mem_gen_0
endgroup
WARNING: [IP_Flow 19-4067] Ignoring invalid widget type specified checkbox.Providing a default widget
WARNING: [IP_Flow 19-4067] Ignoring invalid widget type specified checkbox.Providing a default widget
set_property -dict [list CONFIG.Memory_Type {Simple_Dual_Port_RAM} CONFIG.Enable_32bit_Address {false} CONFIG.Use_Byte_Write_Enable {false} CONFIG.Byte_Size {9} CONFIG.Assume_Synchronous_Clk {true} CONFIG.Write_Width_A {16} CONFIG.Read_Width_A {16} CONFIG.Operating_Mode_A {NO_CHANGE} CONFIG.Write_Width_B {16} CONFIG.Read_Width_B {16} CONFIG.Operating_Mode_B {READ_FIRST} CONFIG.Enable_B {Use_ENB_Pin} CONFIG.Register_PortA_Output_of_Memory_Primitives {false} CONFIG.Register_PortB_Output_of_Memory_Primitives {true} CONFIG.Use_RSTA_Pin {false} CONFIG.Use_RSTB_Pin {false} CONFIG.Port_A_Write_Rate {50} CONFIG.Port_B_Clock {100} CONFIG.Port_B_Enable_Rate {100} CONFIG.use_bram_block {Stand_Alone} CONFIG.EN_SAFETY_CKT {false}] [get_bd_cells blk_mem_gen_0]
WARNING: [IP_Flow 19-4067] Ignoring invalid widget type specified checkbox.Providing a default widget
WARNING: [IP_Flow 19-4067] Ignoring invalid widget type specified checkbox.Providing a default widget
set_property location {8 2569 35} [get_bd_cells blk_mem_gen_0]
save_bd_design
Wrote  : </home/cdickins/reuse/gyro2tester-main/vivado/project/gyro2_tester.srcs/sources_1/bd/design_2/design_2.bd> 
Wrote  : </home/cdickins/reuse/gyro2tester-main/vivado/project/gyro2_tester.srcs/sources_1/bd/design_2/ui/bd_1fdbff51.ui> 
copy_bd_objs /  [get_bd_cells {blk_mem_gen_0}]
WARNING: [IP_Flow 19-4067] Ignoring invalid widget type specified checkbox.Providing a default widget
WARNING: [IP_Flow 19-4067] Ignoring invalid widget type specified checkbox.Providing a default widget
set_property name blk_mem_0_even [get_bd_cells blk_mem_gen_1]
set_property name blk_mem_0_odd [get_bd_cells blk_mem_gen_0]
group_bd_cells RX_MEM [get_bd_cells blk_mem_0_odd] [get_bd_cells blk_mem_0_even]
set_property screensize {345 612} [get_bd_cells RX_MEM]
create_bd_port -dir I -from 12 -to 0 bram0_even_addr_a
delete_bd_objs [get_bd_ports bram0_even_addr_a]
copy_bd_objs /  [get_bd_cells {RX_MEM/blk_mem_0_even}]
WARNING: [IP_Flow 19-4067] Ignoring invalid widget type specified checkbox.Providing a default widget
WARNING: [IP_Flow 19-4067] Ignoring invalid widget type specified checkbox.Providing a default widget
set_property name blk_mem_1_even [get_bd_cells blk_mem_0_even]
delete_bd_objs [get_bd_cells RX_MEM]
copy_bd_objs /  [get_bd_cells {blk_mem_1_even}]
set_property name blk_mem_1_odd [get_bd_cells blk_mem_1_even1]
set_property location {5 1913 -26} [get_bd_cells RxFIFO]
copy_bd_objs /  [get_bd_cells {blk_mem_1_even}]
set_property name blk_mem_0_even [get_bd_cells blk_mem_1_even1]
copy_bd_objs /  [get_bd_cells {blk_mem_0_even}]
set_property name blk_mem_0_odd [get_bd_cells blk_mem_0_even1]
copy_bd_objs /  [get_bd_cells {blk_mem_0_odd}]
set_property name blk_mem_2_odd [get_bd_cells blk_mem_0_odd1]
copy_bd_objs /  [get_bd_cells {blk_mem_2_odd}]
set_property name blk_mem_2_even [get_bd_cells blk_mem_2_odd1]
update_ip_catalog -rebuild -scan_changes
INFO: [IP_Flow 19-234] Refreshing IP repositories
INFO: [IP_Flow 19-1700] Loaded user IP repository '/home/cdickins/reuse/gyro2tester-main/vivado/ip_repo'.
report_ip_status -name ip_status
upgrade_ip -vlnv xilinx.com:user:axis_stream_fifo:1.0 [get_ips  design_2_RxFIFO_0] -log ip_upgrade.log
Upgrading '/home/cdickins/reuse/gyro2tester-main/vivado/project/gyro2_tester.srcs/sources_1/bd/design_2/design_2.bd'
INFO: [IP_Flow 19-3420] Updated design_2_RxFIFO_0 to use current project options
Wrote  : </home/cdickins/reuse/gyro2tester-main/vivado/project/gyro2_tester.srcs/sources_1/bd/design_2/design_2.bd> 
Wrote  : </home/cdickins/reuse/gyro2tester-main/vivado/project/gyro2_tester.srcs/sources_1/bd/design_2/ui/bd_1fdbff51.ui> 
INFO: [Coretcl 2-1525] Wrote upgrade log to '/home/cdickins/reuse/gyro2tester-main/vivado/project/ip_upgrade.log'.
export_ip_user_files -of_objects [get_ips design_2_RxFIFO_0] -no_script -sync -force -quiet
report_ip_status -name ip_status 
ipx::edit_ip_in_project -upgrade true -name axis_stream_fifo_v1_0_project -directory /home/cdickins/reuse/gyro2tester-main/vivado/project/gyro2_tester.tmp/axis_stream_fifo_v1_0_project /home/cdickins/reuse/gyro2tester-main/vivado/ip_repo/axis_stream_fifo_1.0/component.xml
INFO: [IP_Flow 19-234] Refreshing IP repositories
INFO: [IP_Flow 19-1704] No user IP repositories specified
INFO: [IP_Flow 19-2313] Loaded Vivado IP repository '/proj/xbuilds/SWIP/2021.2_1021_0703/installs/lin64/Vivado/2021.2/data/ip'.
WARNING: [Board 49-26] cannot add Board Part xilinx.com:vck190_es:part0:1.3 available at /proj/xbuilds/SWIP/2021.2_1021_0703/installs/lin64/Vivado/2021.2/data/xhub/boards/XilinxBoardStore/boards/Xilinx/vck190/es/1.3/board.xml as part xcvc1902-vsva2197-2mp-e-s-es1 specified in board_part file is either invalid or not available
WARNING: [Board 49-26] cannot add Board Part xilinx.com:vmk180_es:part0:1.3 available at /proj/xbuilds/SWIP/2021.2_1021_0703/installs/lin64/Vivado/2021.2/data/xhub/boards/XilinxBoardStore/boards/Xilinx/vmk180/es/1.3/board.xml as part xcvm1802-vsva2197-2mp-e-s-es1 specified in board_part file is either invalid or not available
WARNING: [Board 49-26] cannot add Board Part xilinx.com:vpk120_es:part0:1.2 available at /proj/xbuilds/SWIP/2021.2_1021_0703/installs/lin64/Vivado/2021.2/data/xhub/boards/XilinxBoardStore/boards/Xilinx/vpk120/es/1.2/board.xml as part xcvp1202-vsva2785-2mp-e-s-es1 specified in board_part file is either invalid or not available
WARNING: [Board 49-26] cannot add Board Part xilinx.com:zcu208ld:part0:2.0 available at /proj/xbuilds/SWIP/2021.2_1021_0703/installs/lin64/Vivado/2021.2/data/xhub/boards/XilinxBoardStore/boards/Xilinx/zcu208ld/production/2.0/board.xml as part xczu58dr-fsvg1517-2-i specified in board_part file is either invalid or not available
WARNING: [Board 49-26] cannot add Board Part xilinx.com:zcu208ld_es:part0:1.0 available at /proj/xbuilds/SWIP/2021.2_1021_0703/installs/lin64/Vivado/2021.2/data/xhub/boards/XilinxBoardStore/boards/Xilinx/zcu208ld/es/1.0/board.xml as part xczu58dr-fsvg1517-2-i-es1 specified in board_part file is either invalid or not available
WARNING: [Board 49-26] cannot add Board Part xilinx.com:zcu216ld:part0:2.0 available at /proj/xbuilds/SWIP/2021.2_1021_0703/installs/lin64/Vivado/2021.2/data/xhub/boards/XilinxBoardStore/boards/Xilinx/zcu216ld/production/2.0/board.xml as part xczu59dr-ffvf1760-2-i specified in board_part file is either invalid or not available
WARNING: [Board 49-26] cannot add Board Part xilinx.com:zcu216ld_es:part0:1.0 available at /proj/xbuilds/SWIP/2021.2_1021_0703/installs/lin64/Vivado/2021.2/data/xhub/boards/XilinxBoardStore/boards/Xilinx/zcu216ld/es/1.0/board.xml as part xczu59dr-ffvf1760-2-i-es1 specified in board_part file is either invalid or not available
WARNING: [Board 49-26] cannot add Board Part xilinx.com:zcu670:part0:1.0 available at /proj/xbuilds/SWIP/2021.2_1021_0703/installs/lin64/Vivado/2021.2/data/xhub/boards/XilinxBoardStore/boards/Xilinx/zcu670/1.0/board.xml as part xczu67dr-fsve1156-2-i specified in board_part file is either invalid or not available
create_project: Time (s): cpu = 00:00:03 ; elapsed = 00:00:10 . Memory (MB): peak = 12161.055 ; gain = 0.000 ; free physical = 1248 ; free virtual = 23392
INFO: [IP_Flow 19-234] Refreshing IP repositories
INFO: [IP_Flow 19-1700] Loaded user IP repository '/home/cdickins/reuse/gyro2tester-main/vivado/ip_repo'.
INFO: [IP_Flow 19-795] Syncing license key meta-data
ipx::edit_ip_in_project: Time (s): cpu = 00:00:04 ; elapsed = 00:00:11 . Memory (MB): peak = 12161.055 ; gain = 0.000 ; free physical = 1248 ; free virtual = 23392
update_compile_order -fileset sources_1
ipx::merge_project_changes hdl_parameters [ipx::current_core]
WARNING: [IP_Flow 19-5226] Project source file '/home/cdickins/reuse/gyro2tester-main/vivado/ip_repo/axis_stream_fifo_1.0/component.xml' ignored by IP packager.
WARNING: [IP_Flow 19-5101] Packaging a component with a SystemVerilog top file is not fully supported. Please refer to UG1118 'Creating and Packaging Custom IP'.
INFO: [IP_Flow 19-1976] HDL Parser: Replacing 'MEM_ADDR_WIDTH' by 13 for port or parameter 'mem0_odd'
INFO: [IP_Flow 19-1976] HDL Parser: Replacing 'MEM_ADDR_WIDTH' by 13 for port or parameter 'mem0_even'
INFO: [IP_Flow 19-1976] HDL Parser: Replacing 'MEM_ADDR_WIDTH' by 13 for port or parameter 'mem1_odd'
INFO: [IP_Flow 19-1976] HDL Parser: Replacing 'MEM_ADDR_WIDTH' by 13 for port or parameter 'mem1_even'
INFO: [IP_Flow 19-1976] HDL Parser: Replacing 'MEM_ADDR_WIDTH' by 13 for port or parameter 'mem2_odd'
INFO: [IP_Flow 19-1976] HDL Parser: Replacing 'MEM_ADDR_WIDTH' by 13 for port or parameter 'mem2_even'
INFO: [IP_Flow 19-1976] HDL Parser: Replacing 'WR_ADDR_WIDTH' by 16 for port or parameter 'wr_ptr_reg0'
INFO: [IP_Flow 19-1976] HDL Parser: Replacing 'WR_ADDR_WIDTH' by 16 for port or parameter 'wr_ptr_reg1'
INFO: [IP_Flow 19-1976] HDL Parser: Replacing 'WR_ADDR_WIDTH' by 16 for port or parameter 'wr_ptr_reg2'
INFO: [IP_Flow 19-3166] Bus Interface 'S00_AXI': References existing memory map 'S00_AXI'.
set_property core_revision 66 [ipx::current_core]
ipx::update_source_project_archive -component [ipx::current_core]
ipx::update_checksums [ipx::current_core]
ipx::check_integrity [ipx::current_core]
WARNING: [IP_Flow 19-3157] Bus Interface 'rst_n': Bus parameter POLARITY is ACTIVE_LOW but port 'rst_n' is not *resetn - please double check the POLARITY setting.
INFO: [IP_Flow 19-2181] Payment Required is not set for this core.
INFO: [IP_Flow 19-2187] The Product Guide file is missing.
INFO: [Ipptcl 7-1486] check_integrity: Integrity check passed.
ipx::save_core [ipx::current_core]
ipx::move_temp_component_back -component [ipx::current_core]
close_project -delete
update_ip_catalog -rebuild -repo_path /home/cdickins/reuse/gyro2tester-main/vivado/ip_repo
INFO: [IP_Flow 19-725] Reloaded user IP repository '/home/cdickins/reuse/gyro2tester-main/vivado/ip_repo'
