#-----------------------------------------------------------
# Vivado v2018.2 (64-bit)
# SW Build 2258646 on Thu Jun 14 20:02:38 MDT 2018
# IP Build 2256618 on Thu Jun 14 22:10:49 MDT 2018
# Start of session at: Thu Apr  7 14:46:40 2022
# Process ID: 8401
# Current directory: /home/cdickins/reuse/gyro2tester-main/vivado
# Command line: vivado
# Log file: /home/cdickins/reuse/gyro2tester-main/vivado/vivado.log
# Journal file: /home/cdickins/reuse/gyro2tester-main/vivado/vivado.jou
#-----------------------------------------------------------
start_gui
open_project /home/cdickins/reuse/gyro2tester-main/vivado/project/gyro2_tester.xpr
ERROR: [BD 41-2004] The design in BD file 'design_2.bd' is empty. An error must have occurred while reading the file.
CRITICAL WARNING: [Project 1-19] Could not find the file '$PGENDIR/sources_1/bd/design_2/hdl/design_2_wrapper.v'.
ERROR: [Project 1-208] No val for DA Elab Attr
CRITICAL WARNING: [Project 1-19] Could not find the file '/home/cdickins/reuse/gyro2tester-main/vivado/C:/Xilinx_projects/gyro2tester/vivado/project/gyro2_tester.srcs/utils_1/imports/synth_1/design_2_wrapper.dcp'.
WARNING: [Project 1-865] Could not find the file /home/cdickins/reuse/gyro2tester-main/vivado/C:/Xilinx_projects/gyro2tester/vivado/project/gyro2_tester.srcs/utils_1/imports/synth_1/design_2_wrapper.dcp
Scanning sources...
Finished scanning sources
CRITICAL WARNING: [Project 1-192] Failed to load run synth_1. Strategy Vivado Synthesis Defaults (Vivado Synthesis 2021) not recognized by Vivado. 

CRITICAL WARNING: [Project 1-192] Failed to load run design_2_SPI_ip_0_0_synth_1. Strategy Vivado Synthesis Defaults (Vivado Synthesis 2021) not recognized by Vivado. 

CRITICAL WARNING: [Project 1-192] Failed to load run design_2_RxFIFO_0_synth_1. Strategy Vivado Synthesis Defaults (Vivado Synthesis 2021) not recognized by Vivado. 

CRITICAL WARNING: [Project 1-192] Failed to load run design_2_axis_stream_txfifo_0_2_synth_1. Strategy Vivado Synthesis Defaults (Vivado Synthesis 2021) not recognized by Vivado. 

CRITICAL WARNING: [Project 1-192] Failed to load run design_2_BiDirChannels_0_0_synth_1. Strategy Vivado Synthesis Defaults (Vivado Synthesis 2021) not recognized by Vivado. 

CRITICAL WARNING: [Project 1-192] Failed to load run design_2_proc_sys_reset_0_1_synth_1. Strategy Vivado Synthesis Defaults (Vivado Synthesis 2021) not recognized by Vivado. 

CRITICAL WARNING: [Project 1-192] Failed to load run design_2_proc_sys_reset_0_2_synth_1. Strategy Vivado Synthesis Defaults (Vivado Synthesis 2021) not recognized by Vivado. 

CRITICAL WARNING: [Project 1-192] Failed to load run design_2_processing_system7_0_0_synth_1. Strategy Vivado Synthesis Defaults (Vivado Synthesis 2021) not recognized by Vivado. 

CRITICAL WARNING: [Project 1-192] Failed to load run design_2_smartconnect_0_0_synth_1. Strategy Vivado Synthesis Defaults (Vivado Synthesis 2021) not recognized by Vivado. 

CRITICAL WARNING: [Project 1-192] Failed to load run impl_1. Strategy Vivado Implementation Defaults (Vivado Implementation 2021) not recognized by Vivado. 

CRITICAL WARNING: [Project 1-192] Failed to load run design_2_SPI_ip_0_0_impl_1. Strategy Vivado Implementation Defaults (Vivado Implementation 2021) not recognized by Vivado. 

CRITICAL WARNING: [Project 1-192] Failed to load run design_2_RxFIFO_0_impl_1. Strategy Vivado Implementation Defaults (Vivado Implementation 2021) not recognized by Vivado. 

CRITICAL WARNING: [Project 1-192] Failed to load run design_2_axis_stream_txfifo_0_2_impl_1. Strategy Vivado Implementation Defaults (Vivado Implementation 2021) not recognized by Vivado. 

CRITICAL WARNING: [Project 1-192] Failed to load run design_2_BiDirChannels_0_0_impl_1. Strategy Vivado Implementation Defaults (Vivado Implementation 2021) not recognized by Vivado. 

CRITICAL WARNING: [Project 1-192] Failed to load run design_2_proc_sys_reset_0_1_impl_1. Strategy Vivado Implementation Defaults (Vivado Implementation 2021) not recognized by Vivado. 

CRITICAL WARNING: [Project 1-192] Failed to load run design_2_proc_sys_reset_0_2_impl_1. Strategy Vivado Implementation Defaults (Vivado Implementation 2021) not recognized by Vivado. 

CRITICAL WARNING: [Project 1-192] Failed to load run design_2_processing_system7_0_0_impl_1. Strategy Vivado Implementation Defaults (Vivado Implementation 2021) not recognized by Vivado. 

CRITICAL WARNING: [Project 1-192] Failed to load run design_2_smartconnect_0_0_impl_1. Strategy Vivado Implementation Defaults (Vivado Implementation 2021) not recognized by Vivado. 

CRITICAL WARNING: [Project 1-532] XML ERROR: Project Option SimulatorInstallDirModelSim has no valid value
CRITICAL WARNING: [Project 1-532] XML ERROR: Project Option SimulatorInstallDirQuesta has no valid value
CRITICAL WARNING: [Project 1-532] XML ERROR: Project Option SimulatorInstallDirXcelium has no valid value
CRITICAL WARNING: [Project 1-532] XML ERROR: Project Option SimulatorInstallDirVCS has no valid value
CRITICAL WARNING: [Project 1-532] XML ERROR: Project Option SimulatorInstallDirRiviera has no valid value
CRITICAL WARNING: [Project 1-532] XML ERROR: Project Option SimulatorInstallDirActiveHdl has no valid value
CRITICAL WARNING: [Project 1-532] XML ERROR: Project Option SimulatorGccInstallDirModelSim has no valid value
CRITICAL WARNING: [Project 1-532] XML ERROR: Project Option SimulatorGccInstallDirQuesta has no valid value
CRITICAL WARNING: [Project 1-532] XML ERROR: Project Option SimulatorGccInstallDirXcelium has no valid value
CRITICAL WARNING: [Project 1-532] XML ERROR: Project Option SimulatorGccInstallDirVCS has no valid value
CRITICAL WARNING: [Project 1-532] XML ERROR: Project Option SimulatorGccInstallDirRiviera has no valid value
CRITICAL WARNING: [Project 1-532] XML ERROR: Project Option SimulatorGccInstallDirActiveHdl has no valid value
CRITICAL WARNING: [Project 1-505] Unrecognized Option Name SimulatorVersionXsim
CRITICAL WARNING: [Project 1-505] Unrecognized Option Name SimulatorVersionModelSim
CRITICAL WARNING: [Project 1-505] Unrecognized Option Name SimulatorVersionQuesta
CRITICAL WARNING: [Project 1-505] Unrecognized Option Name SimulatorVersionXcelium
CRITICAL WARNING: [Project 1-505] Unrecognized Option Name SimulatorVersionVCS
CRITICAL WARNING: [Project 1-505] Unrecognized Option Name SimulatorVersionRiviera
CRITICAL WARNING: [Project 1-505] Unrecognized Option Name SimulatorVersionActiveHdl
CRITICAL WARNING: [Project 1-505] Unrecognized Option Name SimulatorGccVersionXsim
CRITICAL WARNING: [Project 1-505] Unrecognized Option Name SimulatorGccVersionModelSim
CRITICAL WARNING: [Project 1-505] Unrecognized Option Name SimulatorGccVersionQuesta
CRITICAL WARNING: [Project 1-505] Unrecognized Option Name SimulatorGccVersionXcelium
CRITICAL WARNING: [Project 1-505] Unrecognized Option Name SimulatorGccVersionVCS
CRITICAL WARNING: [Project 1-505] Unrecognized Option Name SimulatorGccVersionRiviera
CRITICAL WARNING: [Project 1-505] Unrecognized Option Name SimulatorGccVersionActiveHdl
CRITICAL WARNING: [Project 1-505] Unrecognized Option Name IPDefaultOutputPath
CRITICAL WARNING: [Project 1-505] Unrecognized Option Name DcpsUptoDate
CRITICAL WARNING: [Project 1-505] Unrecognized Option Name ClassicSocBoot
WARNING: [BD 41-1663] The design 'design_2.bd' cannot be modified due to following reason(s):
* Project is read-only. Please run 'save_project_as' before making any change to the bd-design. 

WARNING: [Project 1-533] File '/home/cdickins/reuse/gyro2tester-main/vivado/project/gyro2_tester.srcs/sources_1/bd/design_2/ip/design_2_SPI_ip_0_0/design_2_SPI_ip_0_0.xci' could not be found in the subdesign '/home/cdickins/reuse/gyro2tester-main/vivado/project/gyro2_tester.srcs/sources_1/bd/design_2/design_2.bd', but fileset 'design_2_SPI_ip_0_0' still exists. The fileset and corresponding run(s) will be deleted the next time top-level synthesis is run.
WARNING: [Project 1-533] File '/home/cdickins/reuse/gyro2tester-main/vivado/project/gyro2_tester.srcs/sources_1/bd/design_2/ip/design_2_RxFIFO_0/design_2_RxFIFO_0.xci' could not be found in the subdesign '/home/cdickins/reuse/gyro2tester-main/vivado/project/gyro2_tester.srcs/sources_1/bd/design_2/design_2.bd', but fileset 'design_2_RxFIFO_0' still exists. The fileset and corresponding run(s) will be deleted the next time top-level synthesis is run.
WARNING: [Project 1-533] File '/home/cdickins/reuse/gyro2tester-main/vivado/project/gyro2_tester.srcs/sources_1/bd/design_2/ip/design_2_axis_stream_txfifo_0_2/design_2_axis_stream_txfifo_0_2.xci' could not be found in the subdesign '/home/cdickins/reuse/gyro2tester-main/vivado/project/gyro2_tester.srcs/sources_1/bd/design_2/design_2.bd', but fileset 'design_2_axis_stream_txfifo_0_2' still exists. The fileset and corresponding run(s) will be deleted the next time top-level synthesis is run.
WARNING: [Project 1-533] File '/home/cdickins/reuse/gyro2tester-main/vivado/project/gyro2_tester.srcs/sources_1/bd/design_2/ip/design_2_BiDirChannels_0_0/design_2_BiDirChannels_0_0.xci' could not be found in the subdesign '/home/cdickins/reuse/gyro2tester-main/vivado/project/gyro2_tester.srcs/sources_1/bd/design_2/design_2.bd', but fileset 'design_2_BiDirChannels_0_0' still exists. The fileset and corresponding run(s) will be deleted the next time top-level synthesis is run.
WARNING: [Project 1-533] File '/home/cdickins/reuse/gyro2tester-main/vivado/project/gyro2_tester.srcs/sources_1/bd/design_2/ip/design_2_proc_sys_reset_0_1/design_2_proc_sys_reset_0_1.xci' could not be found in the subdesign '/home/cdickins/reuse/gyro2tester-main/vivado/project/gyro2_tester.srcs/sources_1/bd/design_2/design_2.bd', but fileset 'design_2_proc_sys_reset_0_1' still exists. The fileset and corresponding run(s) will be deleted the next time top-level synthesis is run.
WARNING: [Project 1-533] File '/home/cdickins/reuse/gyro2tester-main/vivado/project/gyro2_tester.srcs/sources_1/bd/design_2/ip/design_2_proc_sys_reset_0_2/design_2_proc_sys_reset_0_2.xci' could not be found in the subdesign '/home/cdickins/reuse/gyro2tester-main/vivado/project/gyro2_tester.srcs/sources_1/bd/design_2/design_2.bd', but fileset 'design_2_proc_sys_reset_0_2' still exists. The fileset and corresponding run(s) will be deleted the next time top-level synthesis is run.
WARNING: [Project 1-533] File '/home/cdickins/reuse/gyro2tester-main/vivado/project/gyro2_tester.srcs/sources_1/bd/design_2/ip/design_2_processing_system7_0_0/design_2_processing_system7_0_0.xci' could not be found in the subdesign '/home/cdickins/reuse/gyro2tester-main/vivado/project/gyro2_tester.srcs/sources_1/bd/design_2/design_2.bd', but fileset 'design_2_processing_system7_0_0' still exists. The fileset and corresponding run(s) will be deleted the next time top-level synthesis is run.
WARNING: [Project 1-533] File '/home/cdickins/reuse/gyro2tester-main/vivado/project/gyro2_tester.srcs/sources_1/bd/design_2/ip/design_2_smartconnect_0_0/design_2_smartconnect_0_0.xci' could not be found in the subdesign '/home/cdickins/reuse/gyro2tester-main/vivado/project/gyro2_tester.srcs/sources_1/bd/design_2/design_2.bd', but fileset 'design_2_smartconnect_0_0' still exists. The fileset and corresponding run(s) will be deleted the next time top-level synthesis is run.
WARNING: [Project 1-231] Project 'gyro2_tester.xpr' was created with a future version and may or may not perform reliably with this version of Vivado. It has been opened in read-only mode for the protection of unrecognized data. Use 'File | Save Project As...' if you wish to alter a copy of the project.
INFO: [IP_Flow 19-234] Refreshing IP repositories
INFO: [IP_Flow 19-1700] Loaded user IP repository '/home/cdickins/reuse/gyro2tester-main/vivado/ip_repo'.
INFO: [IP_Flow 19-2313] Loaded Vivado IP repository '/proj/xbuilds/2018.2_0614_1954/installs/lin64/Vivado/2018.2/data/ip'.
open_project: Time (s): cpu = 00:00:09 ; elapsed = 00:00:08 . Memory (MB): peak = 6335.641 ; gain = 154.227 ; free physical = 22202 ; free virtual = 29759
ERROR: [Common 17-39] 'open_project' failed due to earlier errors.
update_compile_order -fileset sources_1
exit
INFO: [Common 17-206] Exiting Vivado at Thu Apr  7 14:48:44 2022...
